real main.em.ep.isp.StorCapTot[28](t) = [1971, 
531.8658,
2496.423,
26.8626,
12.2118,
41.66423,
61.10035,
41.49934,
30.93101,
5.122298,
250.2045,
3091.814,
459.5641,
30.66535,
368.1397,
93.1005,
1223.74,
98.00368,
105.8756,
35.63939,
150.1425,
21.80066,
1.183937,
567.3561,
110.163,
9.34017,
16.79339,
0,
9881.207,
1972, 
597.7474,
2663.984,
31.61001,
13.87684,
49.23875,
65.41075,
45.3775,
33.2269,
5.636892,
265.5788,
3227.264,
509.2461,
34.99513,
378.9261,
96.91047,
1285.753,
118.0681,
107.4657,
37.13782,
166.998,
24.80933,
1.275977,
620.0331,
112.5223,
8.590675,
26.55158,
0,
10528.24,
1973, 
617.5112,
2802.739,
36.75318,
14.57124,
57.94195,
68.65012,
50.7994,
36.66209,
5.328048,
268.7245,
3434.784,
542.6452,
39.62787,
404.4934,
103.8668,
1398.674,
135.8739,
107.6404,
43.38834,
190.2283,
29.48653,
1.37862,
668.8094,
126.0742,
10.03757,
30.90196,
0,
11227.59,
1974, 
638.407,
2825.6,
40.39318,
15.32965,
65.63666,
71.35395,
60.96878,
40.47465,
6.011498,
297.246,
3534.746,
601.7961,
44.78187,
426.8763,
111.2765,
1492.919,
160.789,
119.1864,
45.9082,
183.6937,
32.22023,
2.036172,
654.0195,
136.6754,
11.43905,
44.14138,
0,
11663.93,
1975, 
654.6621,
2967.523,
43.93393,
16.84048,
69.51522,
72.71032,
65.6842,
45.53489,
7.735999,
323.9382,
3425.328,
615.0159,
52.11457,
442.4788,
117.3853,
1568.175,
177.0366,
146.0467,
47.90066,
203.706,
34.10716,
2.173102,
683.0007,
137.5515,
12.77444,
41.22752,
0,
11974.1,
1976, 
705.6136,
3189.04,
46.46468,
18.66553,
79.90467,
73.94949,
75.2411,
50.12548,
8.212821,
319.3774,
3598.865,
635.653,
59.29224,
490.1228,
126.8151,
1688.253,
198.9465,
163.496,
54.816,
198.2883,
40.29955,
2.278699,
711.0778,
140.6945,
14.07725,
40.28321,
0,
12729.85,
1977, 
734.3586,
3264.566,
51.32417,
20.64974,
86.77309,
80.32724,
87.39552,
50.27152,
8.537668,
296.8753,
3656.727,
653.2471,
63.70271,
504.8661,
133.2459,
1764.814,
222.3208,
172.7328,
64.85915,
217.4283,
42.50472,
2.525204,
747.2042,
145.3153,
14.39118,
47.81753,
0,
13134.78,
1978, 
805.4753,
3484.397,
55.18567,
22.64318,
95.11638,
85.90633,
93.14155,
46.45199,
10.78118,
326.7885,
3795.93,
696.2654,
63.57105,
521.0248,
139.6638,
1854.196,
245.0899,
197.7128,
74.69143,
259.9124,
46.08297,
3.437179,
799.5464,
150.2616,
16.20276,
47.47504,
0,
13936.95,
1979, 
841.5947,
3444.503,
62.51573,
23.75944,
108.2433,
95.41092,
104.6416,
57.85308,
11.17402,
366.1957,
3949.215,
709.259,
68.51754,
519.8026,
138.5045,
1881.643,
274.462,
188.4615,
83.4346,
302.0295,
51.27394,
4.14404,
853.8311,
155.3066,
17.5983,
55.8591,
0,
14369.23,
1980, 
849.1677,
3371.794,
69.50925,
23.98267,
127.0129,
102.9672,
126.408,
65.6826,
11.79866,
401.9436,
4067.287,
696.1802,
65.58192,
531.921,
142.8145,
1981.202,
288.666,
197.8177,
82.27242,
349.4625,
53.5272,
4.443488,
900.3669,
161.7747,
17.79169,
51.0465,
0,
14742.42,
1981, 
911.871,
3430.014,
76.16397,
24.6774,
126.8727,
108.6501,
133.2881,
71.28117,
12.90634,
428.4351,
4148.636,
730.4842,
74.47655,
552.5941,
149.3795,
2102.214,
333.9512,
224.0718,
91.42541,
348.2668,
58.56928,
5.892097,
948.5873,
177.6434,
19.60859,
46.80112,
0,
15336.76,
1982, 
875.7596,
3338.653,
75.48672,
25.75677,
135.5728,
107.6675,
140.9895,
67.50771,
13.86349,
453.588,
4191.328,
744.6267,
80.27335,
586.3181,
160.1427,
2348.548,
357.4407,
231.6379,
102.7549,
353.146,
67.59793,
7.12151,
909.5876,
187.5974,
22.27241,
44.83053,
0,
15630.07,
1983, 
925.2192,
3635.175,
71.30777,
27.96828,
134.7855,
112.6763,
152.6069,
62.72494,
14.75653,
458.287,
4265.13,
790.9202,
82.86906,
605.9119,
169.3889,
2397.729,
378.832,
257.4332,
119.2572,
380.4456,
72.33866,
9.074797,
928.3054,
187.8413,
25.82873,
47.64428,
0,
16314.46,
1984, 
1010.565,
3800.928,
78.79697,
29.33929,
156.155,
120.7636,
168.395,
70.79934,
14.66375,
505.8421,
4473.629,
845.7802,
92.93989,
620.523,
177.1505,
2456.437,
427.7141,
279.5006,
132.3171,
399.3235,
76.1421,
11.68627,
969.8083,
200.5222,
29.02914,
47.82532,
0,
17196.58,
1985, 
1075.8,
3908.935,
82.38185,
31.68026,
176.3593,
125.326,
205.4526,
76.55977,
14.98778,
508.4484,
4625.059,
898.6685,
111.4172,
622.5623,
174.4082,
2592.694,
461.204,
312.562,
143.2275,
464.7829,
76.67595,
14.11484,
1036.217,
215.7874,
31.58656,
53.84305,
0,
18040.74,
1986, 
1049.83,
3924.034,
86.73095,
33.17783,
188.7512,
151.563,
196.3522,
79.93314,
16.11556,
513.6116,
4725.262,
947.2867,
138.5516,
638.9973,
174.7427,
2527.765,
473.9555,
327.8168,
162.3365,
530.7116,
81.2983,
16.64083,
1056.762,
235.5804,
36.07094,
54.52491,
0,
18368.4,
1987, 
1112.702,
3958.21,
93.34303,
34.3833,
185.3103,
165.6033,
198.1259,
79.63274,
18.37494,
514.5877,
4789.306,
953.7988,
153.3394,
671.2949,
173.1225,
2644.369,
508.9332,
353.3447,
192.5993,
593.1911,
90.79087,
19.26133,
1102.833,
236.6374,
39.32622,
56.60952,
0,
18939.03,
1988, 
1114.714,
4137.739,
98.73978,
35.06624,
185.4367,
175.78,
214.5979,
80.82505,
19.46585,
527.6442,
5054.181,
958.8625,
164.0719,
704.8152,
174.0527,
2722.765,
565.408,
411.9231,
216.3254,
663.8969,
106.5683,
22.30961,
1196.864,
250.0425,
44.9605,
64.50117,
0,
19911.55,
1989, 
1069.728,
4598.347,
107.5161,
34.45203,
190.647,
170.8672,
227.5576,
91.70797,
20.76458,
569.314,
5219.618,
961.9409,
160.3361,
708.445,
167.9182,
3188.045,
596.8556,
449.0596,
237.855,
703.5367,
119.5477,
30.03581,
1265.781,
269.1071,
46.98589,
62.51998,
0,
21268.49,
1990, 
1017.279,
4813.065,
114.2971,
35.55572,
173.6613,
179.3998,
245.9702,
95.38667,
21.82275,
566.2851,
5282.5,
886.2771,
186.8972,
674.2222,
144.2172,
2914.242,
628.9793,
483.6485,
241.4009,
721.9741,
138.1415,
27.379,
1309.893,
278.9038,
53.7803,
57.70542,
0,
21292.88,
1991, 
1066.366,
4752.994,
114.5237,
36.15811,
193.7678,
198.3154,
276.3661,
98.69827,
21.97855,
584.0491,
5336.361,
823.6479,
185.8894,
688.5415,
175.1857,
2589.366,
662.0992,
520.0591,
269.6703,
783.0039,
151.7004,
33.70546,
1386.447,
269.6612,
60.87453,
65.46171,
0,
21344.89,
1992, 
1114.213,
4968.443,
118.4597,
39.39844,
199.2888,
225.7931,
275.8188,
96.45131,
22.34686,
572.0494,
5416.81,
832.9235,
221.2617,
691.3956,
197.6603,
2145.936,
762.0505,
572.4621,
294.9209,
936.6515,
161.045,
40.60426,
1423.602,
280.1169,
65.20058,
62.24552,
0,
21737.15,
1993, 
1178.044,
5067.339,
136.223,
41.66846,
221.7065,
251.5532,
290.4788,
100.424,
23.81082,
620.2254,
5376.426,
824.9517,
245.3378,
615.1951,
195.9971,
1999.813,
833.1039,
630.7198,
329.5006,
1084.988,
183.0588,
48.09362,
1472.975,
300.5157,
67.59617,
58.18245,
0,
22197.93,
1994, 
1288.055,
5243.641,
147.8431,
42.5937,
239.7498,
261.4873,
319.051,
99.26453,
22.95256,
618.1437,
5639.009,
896.8651,
248.4177,
522.2809,
165.9286,
1907.851,
924.3981,
707.561,
358.1753,
1158.087,
212.7705,
59.11591,
1536.236,
322.2609,
71.80889,
73.54636,
0,
23087.09,
1995, 
1322.12,
5478.561,
136.3914,
45.36487,
259.108,
279.8842,
319.4713,
105.6171,
25.32869,
620.7596,
5840.79,
970.9789,
275.9547,
438.3245,
147.6288,
1765.651,
974.8842,
846.3705,
412.1631,
1178.719,
234.6444,
73.10652,
1612.87,
335.5573,
75.89695,
80.68992,
0,
23856.84,
1996, 
1344.05,
5637.108,
150.637,
47.76479,
265.3282,
300.7334,
345.522,
114.218,
29.72922,
616.6032,
5924.583,
1007.972,
303.974,
412.7576,
139.9185,
1848.328,
1079.791,
836.3283,
454.755,
1236.269,
257.4909,
94.50218,
1679.327,
345.3979,
82.23807,
84.03387,
0,
24639.36,
1997, 
1386.838,
5732.442,
163.7102,
50.73904,
276.5431,
331.4116,
352.9209,
117.5692,
31.88949,
602.7427,
6152.616,
1090.555,
332.8947,
424.7209,
138.4261,
1924.286,
1173.324,
851.4422,
487.0822,
1368.761,
279.3562,
104.7159,
1731.257,
357.112,
85.98029,
90.09136,
0,
25639.43,
1998, 
1407.114,
5955.491,
172.9304,
53.95151,
276.7044,
343.8302,
370.5024,
115.5712,
33.0145,
573.3693,
6384.977,
1150.445,
354.4646,
425.757,
117.3275,
1927.516,
1286.394,
895.5569,
461.7024,
1313.989,
256.7711,
105.3767,
1700.957,
376.1791,
91.917,
112.4215,
0,
26264.23,
1999, 
1485.693,
6156.726,
187.7704,
56.54335,
276.4583,
342.2123,
390.7625,
124.433,
33.21733,
569.235,
6575.953,
1176.284,
370.8595,
439.5479,
124.0899,
2016.204,
1350.9,
963.0564,
478.6363,
1523.73,
287.9056,
97.23907,
1697.182,
394.0721,
95.17133,
120.9695,
0,
27334.85,
2000, 
1574.723,
6206.082,
200.0031,
59.09098,
298.2356,
378.9734,
432.0513,
135.2434,
35.30767,
597.1011,
6821.808,
1247.776,
371.5039,
472.7642,
127.0873,
2168.114,
1472.406,
1040.817,
548.4431,
1711.109,
330.6225,
111.7534,
1779.905,
401.9555,
104.1544,
129.7176,
0,
28756.75,
2001, 
1556.666,
6008.163,
197.8121,
62.45869,
313.6352,
379.9337,
457.6354,
135.8066,
37.049,
631.7281,
6666.265,
1283.864,
387.3414,
496.5628,
153.2911,
2227.677,
1572.851,
1072.301,
573.8411,
1904.009,
353.0634,
120.9813,
1804.482,
412.4404,
108.581,
141.6827,
0,
29060.12,
2002, 
1584.407,
6026.374,
202.5957,
62.5667,
330.5441,
384.3163,
494.6993,
154.0905,
39.96412,
675.7294,
6439.805,
1292.06,
411.2439,
501.7245,
155.7048,
2204.646,
1669.242,
1132.322,
598.8245,
2107.791,
372.5056,
127.557,
1849.733,
431.4909,
114.3342,
150.9365,
0,
29515.21,
2003, 
1540.67,
6059.755,
211.8077,
71.83424,
350.4644,
399.8398,
537.1495,
146.7446,
43.33509,
719.4263,
6306.078,
1343.994,
450.8069,
521.9071,
166.8112,
2247.873,
1775.461,
1213.141,
627.3884,
2436.403,
400.1791,
132.853,
1854.017,
418.5605,
121.9727,
151.0324,
0,
30249.5,
2004, 
1563.513,
6141.186,
219.3967,
70.99577,
369.6625,
417.8962,
569.8516,
162.6613,
46.7684,
732.4975,
6170.729,
1392.083,
492.6433,
553.9838,
171.657,
2274.644,
1873.264,
1304.972,
666.4697,
2798.644,
426.6306,
146.682,
1926.715,
424.0352,
134.6954,
158.8233,
0,
31211.1,
2005, 
1671.666,
6284.243,
229.1283,
73.93725,
386.9448,
433.8104,
627.8704,
175.7708,
51.8572,
747.1161,
5989.371,
1409.233,
531.3019,
575.4515,
193.4035,
2303.934,
1966.167,
1395.399,
705.3037,
3218.272,
455.5181,
157.5174,
1981.125,
417.4316,
147.0739,
167.2635,
0,
32296.11,
2006, 
1562.179,
6275.024,
234.6741,
78.79667,
401.9051,
456.8592,
661.799,
184.0952,
56.88332,
771.9191,
5716.619,
1432.53,
582.3542,
603.8111,
201.404,
2432.506,
2132.451,
1556.36,
733.0572,
3740.15,
484.7767,
165.4314,
2017.225,
424.5103,
161.2515,
176.0965,
0,
33244.67,
2007, 
1638.712,
6304.399,
242.5933,
81.57497,
426.5826,
469.1858,
706.2875,
200.764,
61.20204,
808.6676,
5418.699,
1414.303,
627.129,
618.6753,
207.6469,
2501.653,
2258.813,
1689.776,
773.0572,
4399.5,
517.5394,
177.465,
2086.538,
427.0174,
168.8431,
177.9103,
0,
34404.54,
2008, 
1623.834,
6035.581,
246.5408,
80.76891,
447.0504,
489.3012,
756.9399,
201.6874,
66.39401,
783.4426,
5261.521,
1430.768,
653.1713,
620.1883,
181.762,
2608.877,
2422.82,
1788.742,
814.9957,
4879.965,
537.8284,
188.1502,
2016.287,
424.7894,
167.1972,
182.3697,
0,
34910.97,
2009, 
1443.934,
5545.762,
246.4523,
82.53543,
447.816,
496.0846,
786.2972,
205.9638,
76.09536,
757.1069,
4550.998,
1339.84,
633.2964,
554.7184,
181.0206,
2471.802,
2588.135,
1933.13,
838.4344,
5766.407,
568.0214,
196.8566,
1998.971,
423.9977,
181.0908,
183.1721,
0,
34497.94,
2010, 
1412.621,
5733.899,
254.5667,
85.52164,
487.5427,
513.8795,
857.9671,
223.7942,
92.24284,
789.8239,
5028.477,
1405.972,
689.2,
613.9012,
192.5706,
2588.098,
2851.222,
2109.399,
933.2836,
7179.306,
628.6844,
214.958,
2196.381,
445.9031,
196.3783,
198.8296,
0,
37924.42,
2011, 
1377.648,
5696.139,
276.0132,
89.18784,
515.4449,
531.1854,
916.2136,
242.396,
106.0478,
802.8893,
5510.249,
1391.162,
743.344,
639.4773,
206.4078,
2600.289,
2956.649,
2367.767,
978.6539,
8662.147,
647.2819,
232.9381,
2177.319,
505.7713,
203.2903,
207.6341,
0,
40583.55,
2012, 
1280.802,
5370.453,
284.7581,
95.504,
541.1631,
546.9239,
984.1089,
260.8767,
122.259,
775.0961,
6666.371,
1327.669,
778.6321,
637.2801,
214.2735,
2644.645,
3116.872,
2600.275,
1020.416,
9858.191,
733.0624,
255.7086,
2273.492,
563.4447,
219.6298,
217.4004,
0,
43389.31,
2013, 
1213.62,
5898.34,
289.0251,
100.0427,
564.8445,
570.9422,
1004.5,
281.942,
137.638,
807.6412,
7401.436,
1290.884,
804.2318,
648.3818,
219.7066,
2672.269,
3270.715,
2829.655,
1080.003,
11595.78,
805.1061,
276.6835,
2820.183,
618.4731,
237.0999,
233.9516,
0,
47673.09,
2014, 
1133.152,
6364.354,
297.2264,
104.3875,
578.5488,
585.1578,
1026.875,
299.6048,
151.8296,
964.4418,
7983.7,
1307.21,
831.4766,
623.9587,
225.8552,
2686.43,
3412.781,
3098.887,
1179.048,
13602.58,
883.743,
298.2948,
3530.988,
682.1617,
256.7569,
248.9165,
0,
52358.37,
2015, 
1144.333,
6481.379,
305.7364,
110.019,
602.8915,
611.5051,
1063.078,
319.6175,
157.5717,
998.9193,
8039.146,
1327.253,
868.7101,
638.8286,
233.235,
2763.175,
3544.852,
3258.032,
1203.157,
14069.98,
924.6608,
321.8727,
3543.663,
695.5071,
267.8739,
261.7288,
0,
53756.73,
2016, 
1152.908,
6620.761,
313.9698,
115.58,
632.992,
634.9345,
1114.057,
342.7998,
167.4499,
1041.136,
8111.269,
1352.299,
905.4678,
655.42,
241.6451,
2838.81,
3671.266,
3437.405,
1226.869,
14494.18,
971.6693,
348.6223,
3567.058,
708.6488,
281.4079,
278.537,
0,
55227.16,
2017, 
1162,
6816.728,
321.9584,
122.6202,
663.5385,
658.4434,
1162.106,
374.0437,
176.9827,
1102.666,
8181.647,
1376.662,
960.9744,
667.3708,
255.5648,
2905.377,
3797.663,
3635.258,
1249.472,
14909.95,
1021.261,
388.4038,
3590.279,
724.0716,
299.1369,
297.1938,
0,
56821.37,
2018, 
1171.765,
7102.002,
329.9235,
131.8011,
694.6679,
681.494,
1211.02,
418.1427,
188.6537,
1195.38,
8251.738,
1400.236,
1040.662,
675.0488,
280.3753,
2963.593,
3920.219,
3863.442,
1271.264,
15464.94,
1091.76,
454.5831,
3612.724,
742.8518,
324.7888,
319.7122,
0,
58802.79,
2019, 
1181.197,
7460.679,
338.4181,
143.0085,
728.5065,
708.5796,
1304.089,
480.1812,
201.1264,
1315.088,
8320.737,
1423.139,
1143.916,
680.3109,
312.9218,
3012.641,
4043.446,
4121.635,
1293.478,
16107.31,
1208.996,
554.9282,
3634.775,
764.192,
359.7345,
346.5931,
0,
61189.63,
2020, 
1190.328,
7889.019,
347.4218,
156.2588,
766.1666,
741.1182,
1465.677,
558.0935,
219.0999,
1464.395,
8388.609,
1446.789,
1262.211,
684.2029,
354.0165,
3062.006,
4164.227,
4404.339,
1315.249,
16826.02,
1381.515,
697.4728,
3656.393,
787.9359,
403.9426,
378.3194,
0,
64010.82,
2021, 
1206.932,
8340.292,
357.62,
171.2741,
797.6633,
778.1646,
1690.294,
653.8675,
240.9194,
1634.808,
8377.533,
1465.75,
1382.071,
686.9351,
401.1227,
3101.612,
4279.081,
4690.053,
1334.594,
17695.33,
1612.401,
886.0191,
3660.431,
810.4653,
456.4084,
411.5847,
0,
67123.23,
2022, 
1223.737,
8779.411,
370.0612,
187.8656,
831.7819,
819.79,
1981.456,
760.6209,
265.0225,
1811.257,
8357.245,
1485.915,
1498.235,
693.4478,
452.7951,
3148.689,
4402.822,
5002.869,
1359.179,
18627.8,
1915.309,
1112.858,
3662.989,
834.6951,
515.8065,
449.8307,
0,
70551.49,
2023, 
1240.784,
9137.806,
385.3555,
208.4961,
869.3849,
867.2102,
2334.462,
878.1759,
296.4154,
1983.904,
8363.101,
1501.645,
1606.242,
703.9312,
502.9579,
3200.217,
4530.656,
5341.986,
1389.642,
19607.53,
2269.357,
1362.094,
3664.235,
859.4808,
582.3914,
489.8072,
0,
74177.27,
2024, 
1257.956,
9451.432,
403.4344,
231.3432,
909.4865,
918.6536,
2707.018,
999.8419,
333.8545,
2160.486,
8413.687,
1517.82,
1709.341,
717.5358,
554.803,
3266.071,
4667.556,
5710.814,
1424.906,
20662.03,
2658.343,
1632.489,
3664.108,
886.5812,
657.81,
532.6084,
0,
78050.01,
2025, 
1275.956,
9756.1,
424.3764,
257.4606,
950.5245,
974.662,
3073.572,
1134.525,
372.0893,
2345.049,
8507.108,
1533.244,
1819.68,
732.9183,
607.9626,
3337.858,
4808.542,
6115.632,
1465.041,
21845.4,
3085.926,
1912.238,
3660.648,
916.8043,
745.5823,
578.6775,
0,
82237.58,
2026, 
1296.214,
10070.46,
446.4189,
287.5765,
986.9515,
1033.09,
3421.605,
1279.56,
418.5579,
2536.357,
8483.796,
1548.63,
1937.885,
747.034,
660.0057,
3407.999,
4948.003,
6522.489,
1500.24,
23036.33,
3536.25,
2183.543,
3655.119,
949.1901,
847.8524,
628.3517,
0,
86369.51,
2027, 
1316.725,
10413.37,
469.2776,
323.0482,
1024.995,
1097.624,
3761.571,
1438.585,
469.1817,
2748.205,
8657.1,
1563.046,
2070.335,
761.4761,
711.7939,
3484.587,
5088.975,
6973.412,
1534.725,
24419.5,
4017.737,
2453.666,
3684.977,
986.3138,
965.1898,
682.8379,
0,
91118.26,
2028, 
1307.982,
10835.08,
492.9896,
402.9016,
1065.31,
1166.526,
4085.653,
1607.909,
526.8463,
2976.562,
8623.89,
1583.11,
2216.366,
776.1396,
758.7893,
3557.073,
5236.65,
7459.076,
1566.711,
25736.82,
4515.699,
2707.073,
3687.941,
1026.98,
1091.704,
743.1039,
0,
95754.88,
2029, 
1330.651,
11327.99,
517.605,
494.1623,
1107.517,
1238.416,
4396.156,
1788.298,
584.5106,
3220.068,
8561.691,
1601.988,
2382.048,
791.1023,
803.2261,
3616.817,
5385.178,
7979.44,
1596.998,
26987.56,
5015.118,
2942.404,
3695.958,
1071.535,
1225.797,
806.7471,
0,
100469,
2030, 
1346.139,
11892.34,
543.4656,
593.447,
1150.639,
1328.89,
4703.076,
1980.76,
648.1649,
3476.825,
8662.656,
1622,
2571.713,
805.3145,
844.0631,
3671.657,
5540.502,
8524.726,
1625.811,
28131.27,
5513.722,
3166.801,
3703.842,
1118.099,
1367.496,
874.2507,
0,
105407.7,
2031, 
1360.95,
12500.43,
573.8036,
692.2143,
1188.176,
1440.055,
5028.719,
2195.454,
716.1129,
3737.84,
8638.999,
1640.354,
2785.437,
814.8581,
883.3461,
3716.432,
5702.175,
9096.369,
1651.833,
29253.02,
5987.937,
3390.121,
3701.814,
1162.733,
1522.805,
947.2275,
0,
110329.2,
2032, 
1368.038,
13179.57,
605.3412,
792.4969,
1224.095,
1558.639,
5366.215,
2428.384,
790.0816,
4003.137,
8655.339,
1663.033,
3021.225,
822.6622,
919.3284,
3758.516,
5864.357,
9675.321,
1677.902,
30242.21,
6454.091,
3610.473,
3676.771,
1205.306,
1686.437,
1023.183,
0,
115272.1,
2033, 
1367.899,
13912.56,
638.6943,
899.9506,
1258.078,
1689.286,
5746.713,
2699.787,
874.1581,
4270.334,
8701.679,
1687.161,
3278.759,
829.2903,
960.0553,
3801.2,
6030.718,
10290.49,
1702.638,
31271.07,
6898.937,
3851.807,
3679.017,
1250.064,
1875.192,
1105.636,
0,
120571.2,
2034, 
1363.711,
14678.45,
673.0973,
1002.586,
1288.885,
1829.684,
6167.249,
3011.435,
972.7139,
4527.064,
8757.602,
1710.333,
3543.501,
836.6557,
1001.096,
3843.933,
6195.612,
10930.72,
1723.846,
32297.26,
7327.403,
4120.829,
3682.367,
1295.84,
2092.128,
1196.164,
0,
126070.2,
2035, 
1350.163,
15502.41,
707.7155,
1112.114,
1316.495,
1979.017,
6614.065,
3374.352,
1079.554,
4782.234,
8852.422,
1750.935,
3801.375,
843.7733,
1042.334,
3887.907,
6362.078,
11617.48,
1747.919,
33423.03,
7735.3,
4414.964,
3676.873,
1347.511,
2334.633,
1292.234,
0,
131948.9,
2036, 
1329.361,
16362.88,
740.8022,
1225.906,
1340.475,
2130.728,
7065.236,
3786.969,
1205.961,
5031.798,
8978.479,
1795.25,
4040.421,
849.91,
1080.804,
3923.483,
6503.275,
12314.25,
1769.798,
34572.64,
8117.44,
4727.457,
3667.575,
1404.733,
2598.081,
1400.217,
0,
137963.9,
2037, 
1299.255,
17209.19,
773.2979,
1338.244,
1363.119,
2284.54,
7520.695,
4256.466,
1341.63,
5281.267,
9192.901,
1803.492,
4261.374,
856.6764,
1117.572,
3959.69,
6651.456,
13057.05,
1792.13,
35792.52,
8478.682,
5057.439,
3658.259,
1466.783,
2882.469,
1515.439,
0,
144211.6,
2038, 
1266.314,
18025.14,
817.662,
1439.714,
1385.45,
2522.317,
7824.154,
4766.018,
1490.92,
5530.418,
9497.552,
1830.053,
4461.699,
863.841,
1146.307,
3994.652,
6800.617,
13827.06,
1812.1,
36869,
8834.525,
5382.507,
3652.868,
1532.06,
3172.928,
1639.6,
0,
150385.5,
2039, 
1227.547,
18781.3,
895.2438,
1529.725,
1407.671,
2787.636,
8127.435,
5318.833,
1644.899,
5783.154,
9644.244,
1804.18,
4645.005,
872.2778,
1170.482,
4031.625,
6955.716,
14636.16,
1833.972,
37816.45,
9191.504,
5699.318,
3649.011,
1602.8,
3470.294,
1771.923,
0,
156298.4,
2040, 
1179.604,
19482.3,
969.5433,
1610.124,
1429.712,
3047.003,
8435.769,
5900.643,
1800.238,
6042.623,
9949.904,
1824.574,
4818.748,
881.1197,
1189.696,
4066.51,
7120.174,
15499.38,
1856.324,
38683.79,
9544.465,
6014.277,
3647.6,
1678.867,
3776.793,
1915.517,
0,
162365.3,
2041, 
1122.789,
20147.86,
1044.164,
1684.46,
1449.09,
3316.231,
8730.973,
6544.765,
1950.522,
6303.923,
10401.98,
1836.754,
4981.621,
888.3185,
1201.888,
4087.495,
7256.19,
16385.62,
1875.985,
39468.79,
9883.158,
6301.697,
3648.88,
1760.868,
4094.66,
2073.973,
0,
168442.7,
2042, 
1058.023,
20839.43,
1119.982,
1755.363,
1468.082,
3592.324,
9037.531,
7252.927,
2108.093,
6575.657,
10965.21,
1835.425,
5134.979,
897.1189,
1210.785,
4105.695,
7398.71,
17333.28,
1895.852,
40299.36,
10212.26,
6571.495,
3650.098,
1851.965,
4425.274,
2243.839,
0,
174838.7,
2043, 
989.3948,
21592.46,
1198.037,
1822.38,
1486.803,
3870.237,
9351.087,
8008.482,
2262.419,
6850.985,
11519.89,
1828.911,
5271.762,
909.7224,
1215.314,
4125.999,
7544.614,
18326.4,
1915.412,
41239.55,
10518.12,
6816.858,
3663.019,
1949.696,
4768.568,
2430.549,
0,
181476.7,
2044, 
916.2123,
22446.05,
1275.63,
1884.672,
1504.238,
4136.607,
9670.988,
8660.479,
2427.818,
7127.197,
12140.3,
1820.532,
5391.369,
923.6353,
1215.356,
4144.057,
7700.04,
19343.08,
1936.406,
42346.28,
10799.42,
7035.005,
3680.065,
2048.716,
5120.484,
2631.419,
0,
188326.1,
2045, 
887.6908,
23436.18,
1351.243,
1942.042,
1520.94,
4388.578,
9995.347,
9372.103,
2618.301,
7413.143,
12824.12,
1814.118,
5495.946,
937.5351,
1211.742,
4159.339,
7867.564,
20359.92,
1963.228,
43596.7,
11056.25,
7231.548,
3703.528,
2148.198,
5483.701,
2845.6,
0,
195624.6,
2046, 
958.5507,
24500.17,
1422.167,
1994.186,
1533.17,
4623.028,
10297.95,
10131.01,
2829.545,
7688.761,
13505.51,
1807.257,
5585.355,
949.7405,
1202.94,
4161.576,
8010.671,
21328,
1987.788,
44755.98,
11271.77,
7392.222,
3732.643,
2240.086,
5853.47,
3079.494,
0,
202843.1,
2047, 
1028.003,
25609.35,
1487.536,
2038.253,
1543.575,
4828.182,
10602.59,
10952.37,
3063.229,
7897.066,
14144.19,
1805.145,
5667.11,
962.3204,
1193.3,
4158.877,
8164.108,
22278.3,
2013.691,
45855.4,
11466.54,
7532.815,
3765.014,
2325.261,
6230.931,
3327.92,
0,
209941.1,
2048, 
1094.575,
26745.72,
1551.069,
2075.964,
1551.998,
5009.512,
10910.3,
11846.94,
3328.535,
8091.708,
14722.93,
1806.674,
5749.344,
974.5961,
1182.437,
4150.707,
8311.644,
23229.23,
2042.685,
46854.29,
11646.98,
7657.082,
3795.41,
2403.779,
6617.368,
3595.118,
0,
216946.6,
2049, 
1159.563,
28095.63,
1613.684,
2106.277,
1558.315,
5164.408,
11220.05,
12816.38,
3617.309,
8286.227,
15210.83,
1811.493,
5832.319,
986.6355,
1174.879,
4139.612,
8460.746,
24201.69,
2073.926,
47764.23,
11807.23,
7770.927,
3825.531,
2475.605,
7014.917,
3880.892,
0,
224069.3,
2050, 
1220.84,
29567.26,
1675.607,
2131.145,
1562.696,
5292.612,
11531.93,
13876.32,
3938.34,
8480.915,
15584.65,
1817.917,
5915.49,
998.0081,
1173.533,
4124.896,
8613.822,
25203.56,
2106.872,
48597.39,
11951.33,
7882.617,
3853.478,
2542.148,
7423.79,
4186.376,
0,
231253.5,
2051, 
1276.258,
30667.03,
1736.49,
2144.195,
1573.459,
5385.811,
11885.66,
15054.01,
4303.196,
8646.945,
15841.43,
1834.356,
6019.104,
1013.687,
1186.309,
4146.798,
8856.372,
26231.62,
2139.247,
49219.55,
12104.12,
8005.396,
3882.287,
2604.76,
7845.498,
4525.095,
0,
238128.7,
2052, 
1325.263,
31469.05,
1792.374,
2130.116,
1583.54,
5453.494,
12240.74,
16342.36,
4711.041,
8813.479,
15975.42,
1852.693,
6124.3,
1028.977,
1206.383,
4167.9,
9113.746,
27303.17,
2171.228,
49758.84,
12234.39,
8135.597,
3909.523,
2665.415,
8282.918,
4890.501,
0,
244682.4,
2053, 
1378.292,
32351.7,
1837.284,
2107.603,
1595.305,
5522.628,
12617.24,
17754.91,
5174.014,
8978.29,
16032.58,
1872.693,
6285.626,
1043.086,
1251.869,
4173.356,
9413.811,
28407.68,
2201.597,
50078.94,
12413.17,
8298.152,
3930.469,
2738.759,
8741.003,
5294.28,
0,
251494.3,
2054, 
1436.623,
33374.56,
1870.224,
2079.292,
1608.743,
5600.146,
13016.35,
19170.65,
5710.758,
9142.407,
16031.29,
1894.347,
6515.494,
1056.431,
1315.816,
4172.725,
9736.051,
29531.76,
2227.995,
50129.88,
12652.02,
8491.282,
3937.489,
2824.908,
9214.659,
5746.623,
0,
258488.5,
2055, 
1499.37,
34674.76,
1890.733,
2046.794,
1623.996,
5686.807,
13436.49,
20709.75,
6357.677,
9309.441,
15985.17,
1915.114,
6810.077,
1069.516,
1395.935,
4158.633,
10095.26,
30668.1,
2250.021,
49976.81,
12949.59,
8714.763,
3931.698,
2925.295,
9700.529,
6245.419,
0,
266027.8,
2056, 
1564.574,
36409.87,
1902.819,
2017.035,
1639.276,
5790.949,
13855.27,
22358.28,
7106.875,
9474.997,
15907.74,
1935.016,
7150.137,
1083.403,
1488.016,
4143.007,
10461.07,
31772.39,
2264.972,
49710.37,
13306.11,
8955.644,
3915.126,
3040.253,
10191.39,
6798.322,
0,
274242.9,
2057, 
1629.713,
38497.21,
1906.009,
1989.191,
1656.299,
5901.122,
14289.82,
24146.96,
7735.04,
9648.372,
15789.71,
1957.06,
7522.21,
1097.67,
1590.33,
4116.317,
10847.06,
32884.95,
2273.71,
49318.92,
13724.68,
9223.23,
3884.287,
3168.853,
10693.94,
7408.995,
0,
282901.7,
2058, 
1684.191,
40552.22,
1901.99,
1966.548,
1673.436,
5993.617,
14722.93,
26049.09,
8440.234,
9835.626,
15635.33,
1978.969,
7858.604,
1112.718,
1690.733,
4089.463,
11236.74,
34002.94,
2276.889,
49028.8,
14144.01,
9501.708,
3837.777,
3306.241,
11205.3,
8073.577,
0,
291799.7,
2059, 
1726.596,
42488.48,
1914.398,
1950.039,
1691.161,
6062.237,
15154.81,
28063.91,
9207.009,
10036.11,
15455.56,
2005.122,
8064.65,
1128.46,
1790.39,
4052.833,
11621.55,
35129.35,
2274.661,
48922.27,
14569.39,
9796.501,
3773.12,
3450.449,
11732.73,
8705.899,
0,
300767.7,
2060, 
1756.078,
44269.57,
1933.756,
1940.256,
1709.9,
6109.805,
15590.01,
32275.34,
10051.63,
10248.97,
15253.7,
2030.645,
8250.479,
1144.914,
1884.834,
4013.689,
12015.76,
36267.89,
2266.691,
48967.38,
15007.59,
10111.05,
3766.878,
3600.64,
12281.94,
9305.684,
0,
312055.1,
2061, 
1774.809,
45937.24,
1952.018,
1941.087,
1727.837,
6150.018,
16017.57,
37709.11,
10941.87,
10465.3,
15046.63,
2055.953,
8422.4,
1161.439,
1975.344,
3967.896,
12431.84,
37393.15,
2253.439,
49137.25,
15461.32,
10435.15,
3781.064,
3757.386,
12854.29,
9927.646,
0,
324679,
2062, 
1785.653,
47552.31,
1971.02,
1947.072,
1747.309,
6181.396,
16464.52,
42456.69,
11913.8,
10694.91,
14836.98,
2081.963,
8596.536,
1178.17,
2062.724,
3920.406,
12874.52,
38548.64,
2236.672,
49461.82,
15965.73,
10780.06,
3790.063,
3921.375,
13462.33,
10592.41,
0,
337025.1,
2063, 
1790.883,
49125.93,
1992.526,
1956.881,
1768.424,
6213.639,
16939.41,
46184.51,
12952.78,
10940.12,
14628.16,
2108.867,
8780.792,
1194.947,
2147.154,
3872.247,
13373.54,
39747.04,
2218.405,
49949.96,
16533.42,
11139.05,
3799.389,
4097.523,
14109.18,
11297.42,
0,
348862.2,
2064, 
1793.373,
50644.78,
2019.052,
1971.711,
1791.087,
6257.25,
17450.86,
48862.21,
14058.46,
11202.36,
14404.11,
2137.629,
8979.615,
1211.736,
2229.613,
3824.489,
13935.78,
41006.7,
2202.292,
50629.85,
17164.01,
11512.33,
3808.198,
4288.447,
14801.77,
12051,
0,
360238.7,
2065, 
1794.824,
52097.39,
2052.539,
1997.414,
1815.343,
6319.205,
18005.47,
50594.92,
15239.66,
11479.62,
14172.79,
2167.791,
9193.445,
1228.61,
2312.802,
3776.684,
14581.54,
42345.74,
2190.859,
51503.53,
17818.45,
11899.13,
3816.945,
4489.74,
15544.65,
12842.34,
0,
371281.4,
2066, 
1797.55,
53470.75,
2094.952,
2061.033,
1839.481,
6414.922,
18583.12,
51827.96,
16471.42,
11756.95,
13943.58,
2198.84,
9415.661,
1244.525,
2396.016,
3724.543,
15323.24,
43740.58,
2185.532,
52448.66,
18523.4,
12300.82,
3824.995,
4700.618,
16333.91,
13660.18,
0,
382283.2,
2067, 
1803.431,
54753.02,
2147.107,
2131.223,
1864.639,
6533.641,
19150.18,
52950.37,
17786.03,
12042.62,
13733.41,
2233.076,
9652.742,
1260.412,
2480.257,
3673.846,
16189.7,
45232.33,
2186.714,
53547.45,
19285.2,
12726.79,
3846.587,
4918.79,
17178.07,
14516.34,
0,
393824,
2068, 
1813.476,
55912.96,
2209.589,
2206.762,
1890.933,
6666.696,
19734.5,
54101.79,
19169.83,
12333.08,
13553.64,
2267.374,
9905.613,
1276.386,
2564.382,
3625.114,
17215.4,
46813.48,
2193.996,
54770.63,
20090.77,
13167.95,
3882.064,
5138.822,
18077.74,
15411.98,
0,
405995,
2069, 
1828.928,
56949.53,
2281.666,
2283.745,
1918.496,
6807.964,
20347.78,
55346.12,
20593.84,
12624.37,
13420.41,
2303.15,
10178.45,
1292.544,
2646.372,
3579.556,
18431.99,
48470.87,
2205.791,
56068.56,
20942.28,
13622.36,
3848.718,
5356.667,
19029,
16344.8,
0,
418723.9,
2070, 
1851.124,
57896.54,
2362.57,
2362.73,
1947.179,
6950.93,
20985.11,
56708.11,
22046.96,
12909.12,
13317.7,
2335.998,
10473.6,
1308.528,
2725.719,
3537.287,
19869.94,
50194.52,
2220.772,
57393.06,
21825.43,
14093.57,
3847.058,
5572.664,
20037.45,
17316.34,
0,
432090,
2071, 
1880.685,
58827.69,
2451.07,
2454.594,
1976.373,
7161.064,
21618.91,
58443.39,
25028.2,
13109.14,
13263.67,
2368.015,
10783.57,
1323.035,
2800.745,
3492.765,
21583.84,
51762.06,
2238.28,
58658.94,
22716.8,
14563.32,
3873.308,
5791.128,
21095.96,
18299.36,
0,
447565.9,
2072, 
1918.904,
59774.27,
2546.045,
2564.306,
2007.304,
7445.965,
22280.84,
60320.56,
27970.08,
13307.27,
13278.75,
2400.607,
11115.27,
1337.376,
2871.464,
3450.748,
23616.4,
53366.82,
2257.763,
59827.02,
23619.6,
15034.95,
3914.618,
6014.199,
22213.83,
19327.33,
0,
463782.3,
2073, 
1966.397,
60771.2,
2646.764,
2677.142,
2039.849,
7759.395,
22969.15,
62318.12,
30023.99,
13505.89,
13374.19,
2433.058,
11464.32,
1351.683,
2936.755,
3413.102,
26030.92,
55017.45,
2277.524,
60878.32,
24523.26,
15512.69,
3971.062,
6247.906,
23394.34,
20402.66,
0,
479907.2,
2074, 
2021.236,
61819.83,
2751.08,
2793.067,
2073.722,
8099.717,
23685.91,
64457.16,
31134.82,
13704.63,
13555.97,
2465.332,
11822.37,
1366.15,
2996.156,
3380.635,
28869.56,
56709.66,
2295.88,
61806.27,
25405.3,
15999.93,
4041.74,
6496.485,
24634.82,
21527.22,
0,
495914.7,
2075, 
2080.729,
62876.03,
2857.602,
2910.762,
2108.996,
8456.744,
24431.76,
66609.41,
31423.85,
13901.93,
13825.75,
2497.377,
12186.07,
1380.913,
3048.651,
3356.227,
32147.02,
58439.02,
2311.913,
62648.17,
26266.89,
16482.92,
4120.938,
6759.872,
25934.56,
22703.46,
0,
511767.6,
2076, 
2141.73,
63888.77,
2965.052,
3032.175,
2144.108,
8831.749,
25180.79,
69038.12,
31385.54,
14083.97,
14176.14,
2527.779,
12542.35,
1394.811,
3093.736,
3336.377,
35890.59,
60158.79,
2325.693,
63451.68,
27088.37,
16961.1,
4202.93,
7037.661,
27285.93,
23899.39,
0,
528065.3,
2077, 
2200.839,
64777.36,
3072.302,
3152.557,
2180.033,
9192.479,
25950.7,
71411.29,
31019.15,
14263.54,
14599.34,
2558.033,
12890.85,
1409.13,
3131.024,
3327.674,
40115.23,
61907.78,
2336.691,
64199.88,
27857.06,
17423.14,
4287.515,
7320.704,
28702.82,
25091.68,
0,
544378.8,
2078, 
2255.925,
65448.75,
3179.738,
3266.877,
2216.503,
9526.91,
26734.64,
73701.23,
31594.73,
14437.86,
15081.52,
2588.372,
13235.53,
1424.615,
3161.534,
3329.93,
44762.78,
63661.04,
2346.573,
64906.88,
28575.3,
17874.39,
4375.263,
7600.125,
30178.6,
26278.66,
0,
561744.3,
2079, 
2306.181,
65950.39,
3287.325,
3375.991,
2253.043,
9834.451,
28866.32,
75825.28,
32643.02,
14606.01,
15613.16,
2619.202,
13575.08,
1440.475,
3185.804,
3342.421,
49732.91,
65456.33,
2357.602,
65662.66,
29241.56,
18299.35,
4462.9,
7867.721,
31720.53,
27532.75,
0,
581058.4,
2080, 
2350.795,
66330.34,
3394.308,
3477.207,
2289.534,
10115.69,
31390,
77799.06,
33721.19,
14767.07,
16180.39,
2649.963,
13905.13,
1456.687,
3204.616,
3363.66,
54868.22,
67253.27,
2370.386,
66443.23,
29849.47,
18692.24,
4543.35,
8117.314,
33306.88,
28839.42,
0,
600679.4,
2081, 
2389.418,
66644.85,
3501.207,
3573.583,
2324.831,
10383,
33853.73,
79900.84,
34783.82,
14908.35,
16771.35,
2679.623,
14224.91,
1472.861,
3214.558,
3389.145,
59962.04,
68964.85,
2385.848,
67227.13,
30406.32,
19053.29,
4613.214,
8389.142,
34803.03,
30096.11,
0,
619917.1,
2082, 
2421.72,
66874.91,
3607.246,
3659.03,
2359.862,
10617.65,
36001.89,
82964.49,
36039.58,
15040.26,
17369.22,
2709.382,
14460.88,
1489.857,
3222.941,
3422.155,
64267.41,
70697.08,
2404.697,
68008.84,
30923.26,
19377.69,
4671.188,
8709.69,
36356.97,
31386.01,
0,
639063.9,
2083, 
2446.96,
67071.62,
3709.979,
3734.681,
2394.838,
10817.44,
37701.84,
86195.81,
37366.31,
15161.58,
17962.64,
2739.655,
14673.15,
1507.809,
3220.075,
3462.573,
67086.04,
72373.55,
2426.479,
68735.14,
31396.07,
19662.21,
4715.461,
8978.701,
37911.25,
32727.27,
0,
656179.1,
2084, 
2465.688,
67223.52,
3813.975,
3799.564,
2429.719,
10978.17,
39000.3,
89567.02,
38776.66,
15270.38,
18544.35,
2770.9,
14888.27,
1526.768,
3214.093,
3502.875,
69903.33,
74000.04,
2450.516,
69385.31,
31840.87,
19913.25,
4745.135,
9191.126,
39459.93,
34097.23,
0,
672759,
2085, 
2479.1,
67333.3,
4045.888,
3852.999,
2464.69,
11114.54,
39979.61,
93099.92,
40250.86,
15364.71,
19102,
2803.523,
15106.49,
1546.32,
3210.754,
3540.428,
72868.03,
75588.56,
2476.767,
69941.64,
32256.87,
20127.27,
4759.054,
9344.654,
41002.1,
35484.56,
0,
689144.6,
2086, 
2487.487,
67417.84,
4280.476,
3898.277,
2499.169,
11254.28,
40863.53,
96666.87,
41681.76,
15434.09,
19624.58,
2837.419,
15319.88,
1565.508,
3216.574,
3572.778,
75962.85,
77093.35,
2506.625,
70410.41,
32637.88,
20311.34,
4761.636,
9447.489,
42521.2,
36872.29,
0,
705145.6,
2087, 
2491.776,
67511.92,
4509.45,
3931.842,
2533.73,
11390.65,
41715.08,
100326,
43169,
15487.61,
20098.25,
2872.723,
15537.06,
1585.157,
3234.386,
3603.31,
79234.36,
78555.68,
2538.845,
70766.4,
32996.02,
20469.11,
4753.577,
9489.24,
44042.92,
38271.29,
0,
721115.4,
2088, 
2491.826,
67660.6,
4736.563,
3955.141,
2568.19,
11527.26,
42694.32,
104202,
44732.29,
15525.84,
20526.22,
2909.236,
15757.79,
1605.271,
3279.699,
3632.366,
82698.09,
80040.14,
2573.185,
70981.66,
33340.9,
20616.55,
4735.679,
9477.235,
45607.82,
39738.5,
0,
737614.4,
2089, 
2486.666,
67878.71,
4956.015,
3968.778,
2602.462,
11670.1,
43773.41,
108252.7,
46299.45,
15549.33,
20890.23,
2947.765,
15981.5,
1625.485,
3354.742,
3661.264,
86309.88,
81551.7,
2608.941,
71029.42,
33658.89,
20743.53,
4714.07,
9418.775,
47232.82,
41232.05,
0,
754398.6,
2090, 
2475.273,
68183.73,
5162.61,
3974.889,
2636.398,
11805.93,
44892.84,
112483.2,
47948.95,
15557.72,
21198.63,
2988.55,
16208.15,
1645.876,
3464.71,
3690.368,
89962.65,
83075.48,
2645.111,
70882.62,
33944.12,
20856.45,
4685.954,
9322.456,
48892.48,
42759.14,
0,
771344.3,
2091, 
2456.888,
68599.28,
5355.764,
3977.39,
2669.545,
11932.5,
46028.29,
116690.4,
49520.45,
15545.57,
21442.85,
3032.151,
16427.5,
1666.445,
3612.714,
3717.43,
93621.41,
84559.45,
2681.115,
70526.05,
34199.93,
20952.67,
4656.383,
9218.943,
50566.07,
44255.7,
0,
787912.9,
2092, 
2430.819,
69098.34,
5525.298,
3974.788,
2702.018,
12037.27,
47075.28,
121081.7,
51169.77,
15522.35,
21638.12,
3078.032,
16645.1,
1687.439,
3803.181,
3740.85,
97245.48,
86015.65,
2715.009,
69962.55,
34433.31,
21029.35,
4626.19,
9102.956,
52260.24,
45792.75,
0,
804393.8,
2093, 
2396.536,
69670.92,
5666.82,
3965.867,
2734.019,
12123.03,
48011.54,
127088.3,
52844.35,
15491.44,
21795.78,
3125.87,
16860.97,
1708.947,
4005.216,
3742.532,
100522.8,
87435,
2744.315,
69198.02,
34636.34,
21093.22,
4594.835,
8980.678,
53973.3,
47315,
0,
821725.6,
2094, 
2353.654,
70298.02,
5775.809,
3952.581,
2765.358,
12217.43,
48821.55,
133169.6,
54594.5,
15454.81,
21919.19,
3174.431,
17072,
1731.029,
4217.479,
3735.968,
102533.4,
88805.34,
2767.473,
68268.04,
34822.9,
21145.57,
4562.941,
8858.11,
55699.38,
48847.73,
0,
837564.3,
2095, 
2301.814,
70956.23,
5852.064,
3934.068,
2795.912,
12315.07,
49501.84,
139105.4,
56407.03,
15413.71,
22012.98,
3222.866,
17278.21,
1753.261,
4445.647,
3731.034,
104545,
90105.77,
2782.762,
67217.71,
34991.87,
21189.4,
4528.966,
8741.163,
57439.27,
50376,
0,
852945.1,
2096, 
2240.759,
71659.18,
5895.874,
3914.502,
2825.054,
12395.9,
50067.14,
144925.6,
58204.05,
15358.54,
22075.11,
3271.187,
17467.87,
1774.347,
4678.918,
3864.636,
106499.9,
91343.57,
2788.749,
66112.98,
35133.34,
21216.08,
4491.373,
8662.735,
59173.2,
51838,
0,
867878.6,
2097, 
2170.753,
72370.99,
5905.443,
3891.864,
2852.07,
12453.95,
50457.19,
150242.4,
60055.75,
15297.55,
22112.71,
3317.671,
17640.78,
1794.483,
4910.223,
4000.351,
108428.6,
92478.7,
2784.713,
64968.76,
35251.55,
21231.79,
4447.773,
8626.586,
60890.11,
53288.14,
0,
881870.9,
2098, 
2092.797,
73073.13,
5881.97,
3865.401,
2877.553,
12484.62,
50677.18,
154984.7,
61982.94,
15235.18,
22128.68,
3362.691,
17804.78,
1813.518,
5130.789,
4138.602,
110307.6,
93557.62,
2772.107,
63865.63,
35358.95,
21236.21,
4398.733,
8596.93,
62593.22,
54782.95,
0,
895004.6,
2099, 
2003.524,
73319.25,
5762.753,
3800.64,
2896.826,
12376.18,
50289.7,
157868,
63854.7,
15164.83,
22085.3,
3403.37,
17952.61,
1829.572,
5321.105,
4260.316,
112157.3,
94277.43,
2750.504,
62720.84,
35346.11,
21152.83,
4343.74,
8537.735,
64037.94,
56134.88,
0,
903647.9,
2100, 
1904.094,
73077.21,
5544.177,
3696.844,
2910.123,
12117.71,
49232.35,
158929.5,
65669.38,
15083.35,
21979.03,
3439.662,
18086.82,
1842.457,
5468.354,
4370.812,
113887.6,
94601.13,
2722.032,
61570.42,
35198.32,
20982.59,
4276.132,
8444.197,
65185,
57326.48,
0,
907545.8];
