real main.em.ep.isp.StorResTot[28](t) = [1971, 
611.6456,
5591.987,
30.89199,
14.04357,
47.91386,
70.2654,
47.72424,
35.57066,
5.890642,
287.7351,
3555.586,
528.4987,
37.10508,
423.3606,
106.1346,
1407.301,
118.5844,
121.757,
49.53875,
171.1625,
24.85275,
1.349688,
788.625,
246.7652,
10.64779,
19.3124,
0,
14354.25,
1972, 
687.4095,
5967.324,
36.35151,
15.95836,
56.62456,
75.22236,
52.18413,
38.21094,
6.482426,
305.4156,
3711.354,
585.633,
42.34411,
435.765,
110.4779,
1478.616,
142.8624,
123.5856,
51.62157,
190.3777,
28.28264,
1.454614,
861.8459,
252.05,
9.79337,
30.53432,
0,
15297.78,
1973, 
710.1379,
6278.135,
42.26616,
16.75692,
66.63324,
78.94763,
58.41931,
42.1614,
6.127255,
309.0332,
3950.001,
624.042,
47.94972,
465.1674,
118.4081,
1608.475,
164.4074,
123.7865,
60.3098,
216.8603,
33.61465,
1.571627,
929.6451,
282.4063,
11.44283,
35.53725,
0,
16282.24,
1974, 
734.1681,
6329.345,
46.45215,
17.62909,
75.48215,
82.05704,
70.11409,
46.54585,
6.913222,
341.8329,
4064.957,
692.0655,
54.18606,
490.9077,
126.8552,
1716.857,
194.5547,
137.0644,
63.8124,
209.4108,
36.73106,
2.321236,
909.0872,
306.1528,
13.04051,
50.76258,
0,
16819.3,
1975, 
752.9033,
6628.964,
50.52358,
19.36459,
79.94205,
83.61631,
75.62527,
52.38615,
8.972327,
372.6009,
3941.649,
707.2695,
63.05124,
508.8509,
133.8192,
1803.401,
214.2098,
167.9537,
66.60268,
232.5753,
38.88238,
2.477336,
950.4457,
307.6034,
14.56566,
47.41349,
0,
17325.67,
1976, 
811.5082,
7120.49,
53.43382,
21.46289,
91.8898,
85.04121,
86.63843,
57.6707,
9.54041,
367.3745,
4141.84,
731.0024,
71.73432,
563.6417,
144.5692,
1941.491,
240.7196,
188.0204,
76.22032,
226.49,
45.94176,
2.597717,
989.7485,
314.5129,
16.05158,
46.32799,
0,
18445.96,
1977, 
844.5757,
7284.959,
59.02212,
23.74423,
99.78838,
92.37548,
100.6389,
57.84408,
9.934042,
341.5155,
4208.999,
751.236,
77.06908,
580.5965,
151.9003,
2029.536,
269.0013,
198.6427,
90.18566,
248.4009,
48.45571,
2.878732,
1040.243,
324.7316,
16.41018,
54.99293,
0,
19007.68,
1978, 
926.3708,
7772.626,
63.46273,
26.03618,
109.383,
98.79129,
107.2701,
53.4571,
12.53375,
375.9346,
4369.702,
800.7074,
76.90784,
599.1792,
159.2168,
2132.325,
296.5507,
227.3697,
103.8579,
296.9243,
52.53497,
3.918384,
1113.28,
335.6783,
18.47612,
54.59954,
0,
20187.09,
1979, 
967.919,
7678.477,
71.89219,
27.31936,
124.4789,
109.7214,
120.5185,
66.57389,
13.00596,
421.2717,
4546.6,
815.6503,
82.89114,
597.7737,
157.8951,
2163.89,
332.0898,
216.7307,
116.0164,
345.03,
58.45273,
4.724205,
1189.02,
346.8448,
20.06778,
64.2417,
0,
20659.1,
1980, 
976.639,
7510.782,
79.93461,
27.57554,
146.0638,
118.411,
145.5732,
75.5834,
13.74488,
462.4009,
4683.001,
800.6099,
79.33707,
611.7099,
162.8086,
2278.382,
349.2755,
227.4903,
114.4065,
399.1966,
61.0215,
5.065576,
1253.991,
361.198,
20.28898,
58.7077,
0,
21023.2,
1981, 
1048.759,
7636.326,
87.58743,
28.37397,
145.9025,
124.9462,
153.5092,
82.02739,
15.03931,
492.8853,
4777.167,
840.0599,
90.0976,
635.4841,
170.2926,
2417.546,
404.0692,
257.6826,
127.1347,
397.9288,
66.76953,
6.71699,
1321.306,
396.6071,
22.361,
53.826,
0,
21800.41,
1982, 
1007.242,
7426.778,
86.80847,
29.61471,
155.9075,
123.8161,
162.3898,
77.69359,
16.1609,
521.8306,
4826.871,
856.3241,
97.10973,
674.2668,
182.5627,
2700.831,
432.4904,
266.3836,
142.8882,
403.5872,
77.06226,
8.118522,
1267.391,
418.7662,
25.39851,
51.56031,
0,
22039.85,
1983, 
1064.132,
8086.025,
82.00256,
32.1574,
155.0019,
129.576,
175.774,
72.19915,
17.20897,
527.254,
4912.355,
909.5619,
100.2485,
696.7997,
193.1033,
2757.389,
458.3725,
296.0482,
165.8322,
434.805,
82.46674,
10.34527,
1293.704,
419.1737,
29.45348,
54.79663,
0,
23155.79,
1984, 
1162.291,
8452.316,
90.61501,
33.73352,
179.5768,
138.8762,
193.9546,
81.49048,
17.12409,
581.9622,
5152.761,
972.6513,
112.4322,
713.6027,
201.9516,
2824.902,
517.5186,
321.4257,
183.9912,
456.4233,
86.80272,
13.32234,
1351.691,
447.4388,
33.10271,
55.00533,
0,
24376.96,
1985, 
1237.323,
8689.218,
94.7375,
36.4251,
202.8115,
144.1228,
236.595,
88.1208,
17.51856,
584.9794,
5327.531,
1033.473,
134.7877,
715.9479,
198.8253,
2981.598,
558.0402,
359.4462,
199.1623,
531.1432,
87.41137,
16.09092,
1444.298,
481.4913,
36.01895,
61.92623,
0,
25499.04,
1986, 
1207.469,
8717.973,
99.73884,
38.14675,
217.0621,
174.2952,
226.1548,
92.00605,
18.83706,
590.9373,
5443.383,
1089.385,
167.6182,
734.8483,
199.2067,
2906.93,
573.4682,
376.9893,
225.7296,
606.3991,
92.68092,
18.97055,
1473.159,
525.6849,
41.13192,
62.71087,
0,
25920.92,
1987, 
1279.784,
8789.418,
107.3426,
39.53249,
213.105,
190.4415,
228.2197,
91.66652,
21.45638,
592.08,
5517.646,
1096.874,
185.5094,
771.9907,
197.3596,
3041.025,
615.79,
406.3464,
267.8008,
677.724,
103.5025,
21.95792,
1537.503,
527.9091,
44.84372,
65.1087,
0,
26631.94,
1988, 
1282.109,
9186.4,
113.5488,
40.31731,
213.2502,
202.1445,
247.1877,
93.04366,
22.73286,
607.1154,
5822.909,
1102.697,
198.4937,
810.5391,
198.4201,
3131.179,
684.1232,
473.7115,
300.7859,
758.4274,
121.4888,
25.43295,
1668.512,
557.7914,
51.2676,
74.18461,
0,
27987.81,
1989, 
1230.387,
10212.93,
123.6414,
39.6104,
219.2418,
196.4946,
262.1167,
105.565,
24.24838,
655.0562,
6013.801,
1106.238,
193.9712,
814.7135,
191.4268,
3666.251,
722.1735,
516.4186,
330.718,
803.7175,
136.2855,
34.24083,
1764.617,
600.35,
53.57734,
71.90677,
0,
30089.7,
1990, 
1170.083,
10688.65,
131.4395,
40.87907,
199.7082,
206.3069,
283.3167,
109.8016,
25.4876,
651.5938,
6086.734,
1019.225,
226.108,
775.3574,
164.4076,
3351.378,
761.0419,
556.1957,
335.6527,
824.8383,
157.4824,
31.21206,
1826.244,
622.1473,
61.32378,
66.37055,
0,
30372.99,
1991, 
1226.545,
10548.83,
131.6998,
41.57125,
222.8306,
228.0597,
318.2974,
113.6161,
25.68984,
672.0434,
6149.289,
947.2016,
224.8864,
791.8246,
199.7117,
2977.771,
801.1157,
598.068,
374.9533,
894.514,
172.9396,
38.42422,
1932.969,
601.296,
69.41202,
75.29082,
0,
30378.85,
1992, 
1281.582,
11026.1,
136.2262,
45.29705,
229.1796,
259.659,
317.6943,
111.0382,
26.13657,
658.2648,
6242.429,
957.8688,
267.6848,
795.107,
225.3328,
2467.826,
922.0553,
658.3314,
410.0576,
1069.772,
183.5925,
46.28885,
1984.932,
624.567,
74.34453,
71.59274,
0,
31092.96,
1993, 
1354.999,
11242.26,
156.6538,
47.907,
254.9597,
289.2829,
334.5795,
115.6131,
27.84274,
713.6885,
6196.574,
948.7015,
296.8146,
707.4766,
223.4367,
2299.785,
1008.029,
725.3278,
458.1296,
1238.977,
208.6883,
54.82672,
2053.881,
670.1094,
77.07633,
66.92075,
0,
31772.54,
1994, 
1481.524,
11631.77,
170.0168,
48.97043,
275.7094,
300.7069,
367.4637,
114.286,
26.88025,
711.3161,
6499.226,
1031.402,
300.5391,
600.6252,
189.1586,
2194.029,
1118.493,
813.6951,
497.9936,
1322.415,
242.5597,
67.39214,
2142.135,
718.6662,
81.87967,
84.5898,
0,
33033.44,
1995, 
1520.712,
12152.52,
156.8473,
52.15669,
297.9713,
321.8632,
367.9739,
121.5977,
29.63506,
714.346,
6731.94,
1116.634,
333.8566,
504.0755,
168.2968,
2030.498,
1179.58,
973.326,
573.0429,
1346.042,
267.496,
83.34143,
2248.981,
748.2969,
86.54089,
92.80544,
0,
34220.38,
1996, 
1545.944,
12502.18,
173.2295,
54.91601,
305.1244,
345.8396,
397.9588,
131.4951,
34.71693,
709.588,
6828.936,
1159.176,
367.7577,
474.6737,
159.5071,
2125.577,
1306.516,
961.7775,
632.252,
1411.754,
293.5411,
107.7325,
2341.684,
770.1854,
93.77061,
96.65154,
0,
35332.48,
1997, 
1595.163,
12710.2,
188.2635,
58.3358,
318.0213,
381.1194,
406.4948,
135.3554,
37.22424,
693.6704,
7091.857,
1254.147,
402.7495,
488.4317,
157.8058,
2212.929,
1419.689,
979.1585,
677.1931,
1562.901,
318.4676,
119.3762,
2414.197,
796.2696,
98.03761,
103.6182,
0,
36620.67,
1998, 
1618.493,
13204.24,
198.8667,
62.02953,
318.2067,
395.4006,
426.7407,
133.0642,
38.54175,
659.9131,
7359.761,
1323.02,
428.8468,
489.6233,
133.7533,
2216.643,
1556.502,
1029.891,
641.9214,
1500.57,
292.7207,
120.1294,
2372.417,
838.8229,
104.8063,
129.2985,
0,
37594.22,
1999, 
1708.871,
13649.38,
215.9325,
65.00954,
317.9235,
393.5399,
450.0671,
143.2618,
38.79948,
655.181,
7580.063,
1352.736,
448.6824,
505.4829,
141.4625,
2318.634,
1634.554,
1107.515,
665.466,
1739.781,
328.2141,
110.8525,
2367.508,
878.7452,
108.5171,
139.1292,
0,
39065.31,
2000, 
1811.269,
13754.29,
229.9999,
67.93871,
342.9673,
435.8148,
497.5763,
155.7003,
41.22694,
687.2495,
7863.5,
1434.952,
449.4599,
543.6817,
144.8795,
2493.331,
1781.575,
1196.939,
762.504,
1953.5,
376.9114,
127.3989,
2482.829,
896.2449,
118.7587,
149.1901,
0,
40799.69,
2001, 
1790.614,
13233.38,
227.4802,
71.8025,
360.6765,
436.9152,
527.0812,
156.382,
43.3529,
727.1764,
7691.418,
1476.47,
468.6419,
571.0686,
174.7518,
2561.828,
1903.112,
1233.146,
797.858,
2173.903,
402.4958,
137.9257,
2522.093,
917.4861,
123.8053,
162.9576,
0,
40893.82,
2002, 
1822.585,
13243,
232.9812,
71.92535,
380.1217,
441.9548,
569.7894,
177.4399,
46.79473,
777.8864,
7436.98,
1485.934,
497.593,
577.0109,
177.5034,
2535.343,
2019.733,
1302.21,
832.65,
2407.122,
424.6618,
145.4221,
2589.744,
957.6288,
130.3643,
173.615,
0,
41457.99,
2003, 
1772.503,
13233.22,
243.5749,
82.57818,
403.03,
459.8067,
618.7086,
169.0502,
50.79959,
828.2485,
7293.723,
1545.682,
545.5042,
600.2261,
190.1648,
2585.054,
2148.242,
1395.173,
872.4452,
2782.718,
456.2096,
151.4596,
2604.548,
923.4817,
139.0975,
173.7257,
0,
42268.97,
2004, 
1798.951,
13386.12,
252.3022,
81.60687,
425.1077,
480.5646,
656.4478,
187.4487,
54.88638,
843.3937,
7162.92,
1601.008,
596.1772,
637.1256,
195.689,
2615.84,
2266.565,
1500.801,
927.4875,
3197.424,
486.3662,
167.2248,
2715.72,
921.4532,
153.6273,
182.7482,
0,
43495.01,
2005, 
1923.64,
13583.08,
263.4935,
84.98913,
444.9814,
498.8659,
723.3118,
202.5949,
60.99137,
860.3209,
6983.398,
1620.915,
642.9985,
661.8176,
220.48,
2649.526,
2379.014,
1604.802,
982.0087,
3679.997,
519.4673,
179.5777,
2802.438,
888.7408,
167.7827,
192.5822,
0,
44821.82,
2006, 
1798.461,
13417.21,
269.8523,
90.57641,
462.1486,
525.3719,
762.481,
212.2216,
67.31125,
888.9625,
6691.943,
1647.835,
704.6755,
694.437,
229.6005,
2797.388,
2580.22,
1789.922,
1022.213,
4286.268,
553.5147,
188.5998,
2864.382,
899.8417,
183.9962,
202.799,
0,
45832.23,
2007, 
1886.993,
13205.95,
278.9591,
93.76944,
490.5254,
539.5406,
813.829,
231.4836,
72.94273,
931.344,
6386.061,
1627.26,
758.5591,
711.5336,
236.7175,
2876.912,
2733.128,
1943.354,
1079.278,
5066.552,
590.9594,
202.3189,
2970.444,
877.7704,
192.7462,
204.9288,
0,
47003.86,
2008, 
1870.511,
12205.91,
283.4984,
92.83965,
514.0458,
562.6683,
872.2564,
232.6684,
79.9328,
902.459,
6302.478,
1648.431,
789.2635,
713.2748,
207.2122,
3000.222,
2931.739,
2057.298,
1146.745,
5671.396,
614.1594,
214.5017,
2885.368,
863.0665,
191.1044,
210.0939,
0,
47063.14,
2009, 
1666.286,
10672.43,
283.3073,
94.83299,
514.8762,
570.4411,
906.2103,
237.7258,
95.39896,
872.3074,
5533.783,
1564.942,
763.5687,
637.9855,
206.3671,
2842.586,
3139.31,
2223.384,
1185.04,
6831.605,
648.8853,
224.4334,
2879.129,
841.2466,
207.2256,
211.0625,
0,
45854.37,
2010, 
1634.632,
10829.28,
292.6149,
98.24287,
560.5001,
590.8688,
993.9036,
259.2393,
120.817,
910.2552,
6272.232,
1702.58,
829.1214,
706.1644,
219.534,
2976.389,
3463.152,
2426.749,
1321.26,
8695.015,
718.5256,
245.0741,
3187.278,
871.0494,
225.4352,
229.1488,
0,
50379.07,
2011, 
1602.72,
10392.19,
317.2692,
102.3967,
592.489,
610.7507,
1070.061,
281.2108,
144.0112,
929.1229,
7144.82,
1716.553,
892.6828,
744.5281,
235.3195,
2990.425,
3606.275,
2738.289,
1387.668,
10706.8,
740.4668,
265.5967,
3208.456,
951.1636,
234.1715,
239.5954,
0,
53845.04,
2012, 
1497.894,
9097.343,
327.1467,
109.5687,
621.8499,
628.8096,
1148.581,
302.9945,
170.5055,
897.6523,
9027.234,
1676.172,
934.2977,
751.0007,
244.3577,
3041.435,
3809.075,
3026.179,
1454.322,
12424.13,
846.1724,
291.629,
3407.628,
1014.516,
254.5698,
251.1478,
0,
57256.21,
2013, 
1429.368,
9926.788,
331.9637,
114.763,
648.887,
656.3505,
1172.585,
329.6039,
195.6873,
941.9448,
10344.65,
1655.003,
964.0574,
782.8922,
250.5612,
3073.223,
4047.768,
3322.932,
1556.093,
15200.02,
940.6639,
315.6673,
4484.09,
1065.485,
277.2284,
270.7046,
0,
64298.98,
2014, 
1343.075,
10436,
341.2528,
119.7034,
664.1179,
672.2831,
1199.624,
350.2756,
219.4165,
1206.498,
11419.47,
1691.846,
997.6055,
758.2908,
257.5744,
3089.52,
4255.279,
3669.656,
1730.224,
18573.24,
1047.561,
340.4628,
6071.546,
1131.496,
302.3135,
288.4873,
0,
72176.83,
2015, 
1356.343,
10661.54,
351.0341,
126.1773,
692.1092,
702.5759,
1241.416,
373.334,
225.7453,
1246.701,
11491.49,
1717.689,
1042.944,
775.8353,
265.9883,
3177.779,
4416.166,
3851.959,
1764.423,
19062.35,
1094.419,
367.3457,
6088.386,
1157.593,
315.0454,
303.2438,
0,
73869.63,
2016, 
1366.552,
10933.63,
360.4971,
132.5702,
726.7144,
729.5132,
1300.18,
400.0475,
236.2899,
1295.655,
11590.1,
1749.35,
1087.319,
795.3589,
275.5769,
3264.76,
4570.234,
4057.708,
1798.164,
19531.13,
1148.201,
397.8446,
6135.887,
1183.381,
330.5266,
322.5951,
0,
75719.78,
2017, 
1377.368,
11152.19,
369.6786,
140.6142,
761.8325,
756.5416,
1355.543,
438.3794,
246.6798,
1379.206,
11686.82,
1780.185,
1162.892,
814.3456,
292.7914,
3342.11,
4724.295,
4288.081,
1830.381,
19997.17,
1204.941,
446.393,
6182.093,
1208.693,
352.1134,
344.6092,
0,
77635.95,
2018, 
1388.974,
11331.6,
378.8331,
151.0549,
797.6211,
783.0099,
1411.901,
497.7397,
259.4432,
1520.317,
11781.74,
1810.048,
1280.602,
833.4716,
325.7126,
3409.871,
4873.727,
4560.578,
1861.486,
20750.56,
1292.622,
533.0731,
6227.474,
1234.146,
385.3228,
372.4272,
0,
80053.36,
2019, 
1400.19,
11526.69,
388.5965,
163.7572,
836.4901,
814.0065,
1541.227,
587.0564,
273.142,
1715.2,
11874.97,
1839.086,
1442.596,
852.7424,
370.4844,
3468.631,
5023.968,
4875.704,
1893.173,
21704.6,
1451.028,
672.6875,
6272.264,
1259.814,
432.7999,
407.1088,
0,
83088.02,
2020, 
1411.052,
11733.89,
398.9406,
178.7425,
879.7118,
851.1395,
1790.448,
705.2247,
297.3904,
1972.698,
11966.25,
1869.029,
1636.269,
871.1992,
429.3386,
3527.785,
5171.27,
5229.108,
1924.259,
22837.06,
1698.467,
885.4874,
6316.599,
1284.282,
494.9267,
449.6442,
0,
86810.22,
2021, 
1430.524,
11947.54,
410.6386,
195.7132,
915.8316,
893.3566,
2169.011,
856.4744,
327.0852,
2283.917,
11912.39,
1892.357,
1842.531,
886.5523,
499.4091,
3576.41,
5310.01,
5595.971,
1954.34,
24130.99,
2051.715,
1193.065,
6316.748,
1304.945,
570.9406,
496.4215,
0,
90964.88,
2022, 
1450.231,
12227.3,
424.8802,
214.6965,
954.9346,
940.7284,
2701.405,
1031.948,
359.9249,
2617.023,
11842.73,
1917.229,
2047.216,
903.1429,
578.8627,
3633.36,
5459.5,
6003.327,
1995.543,
25540.16,
2543.368,
1595.151,
6314.934,
1329.119,
659.1326,
551.1934,
0,
95837.05,
2023, 
1470.245,
12514.55,
442.3607,
238.6127,
998.037,
994.647,
3405.635,
1230.034,
406.1169,
2948.556,
11822.32,
1937.078,
2239.625,
921.5461,
657.2356,
3696.123,
5613.95,
6447.288,
2048.874,
27037.17,
3150.698,
2072.982,
6309.236,
1355.845,
760.38,
608.7662,
0,
101327.9,
2024, 
1490.418,
12799.21,
463.0038,
265.0915,
1044.027,
1053.112,
4206.586,
1438.895,
462.449,
3292.99,
11885.8,
1957.585,
2424.52,
942.1,
739.5963,
3774.54,
5779.367,
6933.487,
2112.465,
28681.11,
3852.498,
2627.81,
6299.301,
1387.643,
878.0566,
670.8286,
0,
107462.5,
2025, 
1511.594,
13101.09,
486.9074,
295.3708,
1091.105,
1116.72,
5041.591,
1675.201,
520.6757,
3659.701,
12027.07,
1977.709,
2627.627,
964.1334,
825.2651,
3860.712,
5949.736,
7472.541,
2186.79,
30585.37,
4659.679,
3234.746,
6282.835,
1425.431,
1020.35,
738.5697,
0,
114338.5,
2026, 
1535.547,
13393.46,
512.0706,
330.3256,
1132.87,
1182.948,
5887.199,
1935.353,
593.046,
4060.141,
11960.78,
1998.03,
2859.362,
984.7216,
913.1647,
3945.349,
6118.277,
8031.344,
2254.943,
32687.34,
5558.47,
3860.687,
6267.155,
1464.266,
1194.655,
813.4531,
0,
121474.9,
2027, 
1559.918,
13710.89,
538.1742,
371.6253,
1176.479,
1256.015,
6749.505,
2228.363,
675.2936,
4521.309,
12252.26,
2017.921,
3130.093,
1005.61,
1001.89,
4037.875,
6288.654,
8663.194,
2322.371,
35222.49,
6564.354,
4507.639,
6340.384,
1511.554,
1403.008,
897.7181,
0,
129954.6,
2028, 
1549.097,
14133.6,
565.2685,
494.0016,
1222.677,
1333.997,
7596.639,
2545.727,
770.0095,
5035.705,
12169.75,
2045.005,
3441.068,
1026.62,
1082.255,
4126.085,
6467.146,
9352.811,
2385.191,
37661.54,
7641.61,
5122.724,
6356.519,
1564.033,
1635.639,
993.211,
0,
138317.9,
2029, 
1576.25,
14674.68,
593.4279,
641.7556,
1271.036,
1415.355,
8427.248,
2890.481,
865.2597,
5601.727,
12029.17,
2070.065,
3809.741,
1047.792,
1158.417,
4200.188,
6646.678,
10099.65,
2444.918,
39998.98,
8752.208,
5695.183,
6389.54,
1623.45,
1890.356,
1096.812,
0,
146910.4,
2030, 
1594.978,
15324.32,
623.0493,
809.3045,
1320.438,
1519.521,
9267.477,
3262.393,
971.3749,
6215.841,
12169.44,
2093.356,
4251.659,
1067.781,
1228.009,
4268.61,
6834.438,
10890.07,
2502.454,
42145.92,
9879.945,
6238.59,
6428.096,
1686.03,
2166.461,
1208.933,
0,
155968.5,
2031, 
1612.709,
16040.65,
657.8557,
976.7815,
1363.427,
1648.257,
10143.05,
3675.827,
1080.918,
6864.346,
12108.09,
2113.83,
4778.765,
1081.264,
1293.031,
4324.913,
7029.884,
11720.15,
2557.182,
44161.43,
11014.28,
6756.898,
6443.399,
1747.283,
2464.782,
1330.253,
0,
164989.3,
2032, 
1621.101,
16905.79,
694.1143,
1149.09,
1404.582,
1785.608,
11076.2,
4138.311,
1204.385,
7542.467,
12121.54,
2137.776,
5387.988,
1091.926,
1352.064,
4377.82,
7225.955,
12567.61,
2612.951,
45940.6,
12149.4,
7259.786,
6411.667,
1806.138,
2785.477,
1458.449,
0,
174208.8,
2033, 
1620.555,
18045.07,
732.5535,
1336.151,
1443.542,
1937.008,
12185.3,
4703.128,
1350.384,
8243.801,
12185.02,
2160.302,
6087.513,
1099.856,
1421.924,
4430.441,
7427.087,
13479.19,
2667.51,
47834.57,
13247.54,
7834.024,
6448.407,
1868.261,
3172.004,
1601.318,
0,
184562.5,
2034, 
1614.705,
19335.55,
772.3188,
1516.049,
1478.913,
2099.746,
13472.54,
5389.114,
1527.217,
8925.651,
12265.65,
2178.112,
6842.912,
1108.525,
1493.359,
4482.753,
7626.456,
14440.34,
2716.3,
49752.73,
14312.94,
8499.694,
6489.027,
1931.866,
3636.58,
1761.702,
0,
195670.8,
2035, 
1597.956,
20747.15,
812.452,
1713.819,
1510.629,
2272.831,
14897.41,
6228.624,
1726.292,
9618.762,
12413.72,
2228.028,
7607.852,
1116.81,
1566.773,
4536.1,
7827.732,
15480.89,
2772.518,
51956.57,
15332.86,
9257.18,
6512.233,
2000.453,
4174.808,
1938.314,
0,
207848.8,
2036, 
1572.736,
22247.44,
850.9386,
1923.911,
1538.195,
2448.682,
16420.3,
7236.125,
1969.93,
10322.28,
12613.62,
2291.44,
8345.604,
1123.812,
1638.415,
4580.482,
7998.464,
16564.48,
2828.319,
54377.6,
16304.09,
10110.89,
6534.022,
2074.052,
4781.365,
2139.626,
0,
220836.8,
2037, 
1536.49,
23714.95,
888.8192,
2132.516,
1564.239,
2626.871,
17988.78,
8433.498,
2240.686,
11031.43,
12982.39,
2305.719,
9042.094,
1131.533,
1706.932,
4625.705,
8177.644,
17731.97,
2886.223,
56989.04,
17209.12,
11034.33,
6555.429,
2154.064,
5455.323,
2358.964,
0,
234504.8,
2038, 
1496.841,
25123.37,
944.7833,
2316.754,
1589.931,
2957.163,
18848.2,
9785.558,
2545.175,
11744.03,
13530.07,
2332.78,
9681.1,
1139.708,
1757.846,
4670.255,
8358.016,
18940.57,
2941.164,
59270.12,
18104.43,
11949.12,
6574.747,
2237.319,
6157.655,
2599.039,
0,
247595.7,
2039, 
1450.307,
26422.66,
1086.386,
2472.534,
1615.494,
3344.334,
19701.39,
11294.72,
2866.169,
12473.59,
13721.18,
2290.497,
10270.48,
1149.432,
1798.67,
4716.966,
8545.572,
20222.83,
3000.975,
61236.26,
18999.42,
12828.68,
6595.116,
2328.453,
6886.059,
2862.52,
0,
260180.7,
2040, 
1392.996,
27624.43,
1226.484,
2603.313,
1640.847,
3726.585,
20569.46,
12923.97,
3184.648,
13233.71,
14223.3,
2317.636,
10835.31,
1159.622,
1828.578,
4761.896,
8744.452,
21606.28,
3062.073,
63000.49,
19894.67,
13713.65,
6614.602,
2426.873,
7648.37,
3156.464,
0,
273120.7,
2041, 
1325.383,
28758.07,
1373.299,
2719.506,
1663.135,
4131.742,
21427.92,
14785.83,
3487.68,
14036.4,
15039.97,
2338.823,
11387.62,
1167.701,
1847.323,
4790.589,
8908.942,
23066.49,
3119.887,
64673.51,
20790.15,
14545.53,
6631.38,
2535.131,
8456.112,
3481.629,
0,
286489.8,
2042, 
1248.613,
29937.02,
1527.699,
2824.065,
1684.972,
4551.863,
22332.86,
16923.22,
3802.045,
14887.89,
16142.43,
2345.083,
11912.78,
1178.217,
1859.076,
4816.146,
9081.301,
24642.11,
3178.392,
66462.28,
21650.54,
15299.44,
6648.286,
2658.213,
9310.125,
3840.209,
0,
300744.9,
2043, 
1167.42,
31256.8,
1691.633,
2917.017,
1706.49,
4978.882,
23269.86,
19242.63,
4099.67,
15759.78,
17303.17,
2347.43,
12377.83,
1193.802,
1861.266,
4843.167,
9261.073,
26312.01,
3235.615,
68542.16,
22437.82,
15952.19,
6681.223,
2793.528,
10202.88,
4243.945,
0,
315679.3,
2044, 
1080.96,
32730.52,
1859.035,
2994.606,
1726.527,
5389.02,
24231.83,
21032.11,
4429.042,
16641.41,
18636.29,
2348.176,
12778.81,
1211.897,
1853.729,
4867.84,
9455.924,
28025.25,
3295.808,
71070.83,
23131.53,
16498.52,
6728.754,
2933.735,
11125.28,
4689.011,
0,
330766.4,
2045, 
1047.687,
34436.38,
2025.459,
3057.894,
1745.696,
5776.023,
25210.41,
23023.73,
4822.258,
17569.08,
20128.54,
2351.505,
13123.61,
1230.125,
1838.641,
4889.183,
9668.86,
29730.24,
3368.753,
74007.59,
23727.39,
16947.3,
6791.353,
3078.041,
12084.08,
5176.577,
0,
346856.4,
2046, 
1132.773,
36259.32,
2185.397,
3108.141,
1759.743,
6138.035,
26153.65,
25199.1,
5274.756,
18498.45,
21634.66,
2353.586,
13430.8,
1246.336,
1816.548,
4895.828,
9855.362,
31378.01,
3439.215,
76905.43,
24227.35,
17311.54,
6869.329,
3214.582,
13081.01,
5713.916,
0,
363082.8,
2047, 
1216.492,
38127.16,
2333.956,
3136.731,
1771.708,
6449.394,
27105.17,
27610.91,
5797.716,
19119.91,
23063.32,
2360.517,
13711.97,
1263.225,
1793.151,
4897.438,
10057.43,
32982.93,
3513.195,
79694.74,
24653.82,
17583.96,
6952.786,
3343.514,
14146.65,
6298.303,
0,
378986.1,
2048, 
1297.105,
40038.74,
2480.322,
3148.661,
1781.413,
6718.472,
28065.31,
30295.14,
6407.996,
19675.4,
24364.65,
2371.099,
13998.15,
1280.161,
1767.581,
4893.844,
10251.39,
34581.34,
3595.412,
82267.8,
25019.13,
17786.36,
7028.256,
3463.792,
15241.37,
6936.975,
0,
394755.9,
2049, 
1376.137,
42921.54,
2626.955,
3141.347,
1788.717,
6939.389,
29027.71,
33286.77,
7088.052,
20231.09,
25456.03,
2385.653,
14281.85,
1297.461,
1749.119,
4887.1,
10446.58,
36209.52,
3685.007,
84638.87,
25317.04,
17951.2,
7102.536,
3574.451,
16374.13,
7634.029,
0,
411418.3,
2050, 
1450.999,
46616.3,
2774.622,
3120.897,
1793.814,
7110.512,
29989.46,
36645.87,
7869.532,
20786.62,
26283.39,
2402.25,
14564.8,
1314.586,
1744.677,
4876.588,
10646.12,
37904.55,
3780.12,
86841.75,
25555.43,
18093.89,
7168.708,
3677.054,
17545.83,
8398.178,
0,
428956.5,
2051, 
1518.729,
49145.9,
2924.914,
3084.402,
1806.263,
7213.065,
31021.47,
40435.26,
8784.476,
21286.04,
26782.47,
2431.556,
14814.42,
1337.852,
1761.721,
4908.826,
10956.38,
39684.07,
3876.898,
88824.66,
25694.33,
18213.75,
7230.466,
3772.098,
18763.5,
9237.391,
0,
445510.9,
2052, 
1578.787,
50936.66,
3062.553,
3010.758,
1817.945,
7267.788,
32040.38,
44649.88,
9831.414,
21784.94,
26977.65,
2463.221,
15064.94,
1361.447,
1794.301,
4940.717,
11288.8,
41553.25,
3973.097,
90566.12,
25759.02,
18346.62,
7285.197,
3864.626,
20034.36,
10159.46,
0,
461413.9,
2053, 
1644.114,
52948.2,
3168.112,
2923.509,
1831.554,
7320.498,
33130.89,
49392.55,
11069.15,
22273.35,
26984.89,
2497.847,
15552.14,
1384.914,
1881.833,
4959.842,
11690.5,
43484.37,
4065.596,
91660.55,
25985.82,
18603.68,
7318.908,
4001.816,
21380.64,
11212.84,
0,
478368.1,
2054, 
1716.482,
55338.26,
3237.368,
2829.106,
1847.078,
7383.735,
34301.16,
53897.33,
12594.24,
22757.08,
26850.63,
2535.14,
16332.57,
1408.796,
2011.168,
4973.269,
12136.68,
45446.45,
4148.125,
91943.23,
26405.35,
18987.47,
7317.5,
4169.662,
22777.43,
12426.82,
0,
495772.1,
2055, 
1794.992,
58495.03,
3268.432,
2730.51,
1864.676,
7458.54,
35547.06,
58843.81,
14545.72,
23250.19,
26606.99,
2570.902,
17404.14,
1433.612,
2179.829,
4973.81,
12646.47,
47423.5,
4219.279,
91602.44,
27028.38,
19474.27,
7284.518,
4372.698,
24207.55,
13811.88,
0,
515039.2,
2056, 
1877.405,
62891.2,
3276.92,
2641.728,
1882.293,
7563.192,
36821.61,
64241.55,
16956.83,
23753.02,
26285.35,
2604.578,
18725.1,
1460.524,
2381.776,
4973.03,
13178.08,
49382.46,
4273.825,
90973.3,
27877.42,
20063.43,
7214.597,
4612.709,
25678.23,
15401.31,
0,
536991.4,
2057, 
1960.545,
68374.7,
3258.398,
2559.473,
1901.895,
7675.457,
38152.66,
70189.15,
18731.78,
24289.88,
25869.79,
2640.874,
20222.2,
1488.699,
2614.295,
4960.001,
13746.71,
51354.42,
4311.045,
89980.98,
28924.14,
20754.13,
7111.17,
4889.448,
27176.08,
17222.62,
0,
560360.6,
2058, 
2030.744,
73910.87,
3218.239,
2489.383,
1921.628,
7757.105,
39464.2,
76610.72,
20772.7,
24885.35,
25361.66,
2676.416,
21576.72,
1518.151,
2848.862,
4944.242,
14318.73,
53332.71,
4332.587,
89300.77,
29976.69,
21482.95,
6964.135,
5192.623,
28690.55,
19250.85,
0,
584829.6,
2059, 
2085.696,
79234.98,
3214.482,
2431.997,
1942.031,
7798.933,
40756.56,
83483.05,
23058.78,
25537.12,
24806.41,
2718.492,
22296.71,
1548.48,
3087.872,
4917.216,
14884.22,
55322.92,
4338.43,
89136.25,
31045.99,
22281.99,
6774.375,
5518.204,
30249.17,
21109.08,
0,
609579.4,
2060, 
2124.125,
84204.03,
3224.422,
2387.974,
1963.589,
7807.211,
42047.46,
99110.77,
25630,
26244.03,
24209.94,
2759.285,
22919.44,
1579.591,
3318.795,
4886.195,
15465.93,
57332.66,
4327.636,
89393.97,
32147.17,
23148.19,
6725.17,
5864.424,
31879.89,
22749.23,
0,
643451.1,
2061, 
2148.657,
88916.44,
3231.708,
2362.897,
1984.213,
7807.09,
43337.06,
120387,
28435.46,
26993.74,
23605.75,
2799.622,
23495.99,
1610.618,
3544.085,
4847.123,
16086.62,
59370.34,
4302.016,
90041.31,
33340.84,
24104.97,
6725.729,
6235.415,
33642.03,
24484.54,
0,
683841.3,
2062, 
2162.998,
93544.61,
3240.016,
2347.355,
2006.584,
7794.006,
44701.41,
139260.8,
31560.49,
27805.58,
23007.48,
2841.21,
24087.22,
1641.757,
3765.208,
4805.213,
16760.65,
61476.1,
4265.482,
91126.98,
34718.28,
25140.78,
6711.171,
6632.84,
35555.66,
26367.67,
0,
723327.6,
2063, 
2170.219,
98108.65,
3254.545,
2338.729,
2030.83,
7783.551,
46178.91,
153673.7,
35014.63,
28690.99,
22385.62,
2884.588,
24731.3,
1672.884,
3982.188,
4761.488,
17539.39,
63678.43,
4224.113,
92687.44,
36320.17,
26247.33,
6698.775,
7071.43,
37643.58,
28389.6,
0,
760163,
2064, 
2174.077,
102556.1,
3282.566,
2338.743,
2056.843,
7791.651,
47809.27,
163140.5,
38701.27,
29657.95,
21735.29,
2931.053,
25449.24,
1703.979,
4197.135,
4717.125,
18445.37,
66024.48,
4187.825,
94811.97,
38177.07,
27404.29,
6688.85,
7558.769,
39939.3,
30569.78,
0,
794050.6,
2065, 
2176.806,
106832.8,
3329.914,
2368.419,
2084.677,
7829.115,
49624.32,
167969.2,
42598.16,
30700.8,
21111.77,
2979.848,
26243.62,
1735.157,
4416.938,
4671.717,
19518.97,
68561.52,
4164.336,
97523.38,
40333.9,
28619.84,
6682.969,
8083.482,
42459.98,
32888.11,
0,
825509.8,
2066, 
2181.505,
110922.1,
3404.997,
2511.914,
2112.367,
7921.216,
51604.38,
170494,
46804.54,
31786.88,
20532.21,
3031.22,
27101.31,
1764.938,
4641.825,
4620.332,
20798.07,
71318.09,
4156.937,
100539.3,
42780.29,
29963.55,
6681.661,
8648.606,
45248.31,
35334.42,
0,
856905,
2067, 
2190.537,
114741.4,
3508.164,
2668.13,
2141.228,
8047.645,
53464.14,
172439,
51376.44,
32925.9,
20017.79,
3088.898,
28034.66,
1794.668,
4874.024,
4569.901,
22349.34,
74323.89,
4167.864,
104066,
45493.4,
31407.7,
6719.323,
9245.253,
48307.38,
37916.96,
0,
889879.6,
2068, 
2205.214,
118171,
3641.464,
2836.02,
2171.391,
8195.251,
55371.66,
174373.2,
56232.22,
34100.25,
19585.33,
3147.328,
29050.14,
1824.492,
5109.183,
4520.906,
24257.06,
77564.23,
4195.008,
108104.5,
48461.09,
32938.43,
6796.72,
9855.991,
51627.15,
40631.13,
0,
924966.4,
2069, 
2227.205,
121196.9,
3803.673,
3006.892,
2203.012,
8354.366,
57391.55,
176657.9,
61229.44,
35293.69,
19256.56,
3208.447,
30167.67,
1854.606,
5340.574,
4474.251,
26608.86,
81008.77,
4234.836,
112534.3,
51692.95,
34535.34,
6717.97,
10467.45,
55196.21,
43468.11,
0,
962131.5,
2070, 
2258.308,
123929.2,
3993.308,
3183.375,
2235.923,
8513.965,
59508.29,
179332.5,
66301.62,
36463.9,
18991.19,
3264.574,
31397.42,
1884.508,
5565.916,
4429.937,
29518.68,
84633.73,
4284.103,
117160,
55097.74,
36216.83,
6721.315,
11078.39,
59040.59,
46434.95,
0,
1001440,
2071, 
2299.618,
126653,
4209.888,
3391.382,
2269.423,
8933.065,
61659.79,
183750.1,
77260.38,
37200.75,
18826.76,
3320.184,
32732.35,
1912.412,
5781.881,
4380.789,
33170.94,
87698.42,
4341.137,
121727.1,
58672.62,
37955.31,
6797.197,
11708.15,
63219.41,
49487.17,
0,
1049359,
2072, 
2352.916,
129466.5,
4449.18,
3638.485,
2304.925,
9666.296,
63919.73,
188620,
88173.05,
37933.86,
18794.37,
3376.948,
34184.66,
1940.236,
5985.257,
4332.647,
37751.89,
90852.91,
4405.102,
126063.2,
62350.32,
39697.14,
6914.583,
12356.32,
67708.26,
52700.99,
0,
1099940,
2073, 
2419.26,
132465.2,
4708.807,
3896.755,
2342.29,
10492,
66287.52,
193908.3,
95430.16,
38672.01,
18911.41,
3433.664,
35736.47,
1968.236,
6171.293,
4288.076,
43529.67,
94115.52,
4471.555,
130089.6,
66053.99,
41491.55,
7073.625,
13046.85,
72524.28,
56080.76,
0,
1149609,
2074, 
2496.162,
135669.1,
4982.932,
4168.289,
2381.189,
11415.6,
68775.13,
199666.2,
98638.47,
39414.05,
19188.04,
3490.331,
37352.4,
1996.767,
6337.46,
4248.68,
50760.17,
97477.93,
4535.911,
133767.9,
69712.36,
43326.34,
7272.124,
13795.62,
77648.8,
59629.67,
0,
1198148,
2075, 
2580.023,
138927.9,
5266.702,
4447.87,
2421.712,
12417.6,
71387.76,
205304.5,
98327.1,
40154.43,
19629.15,
3547.067,
39006.76,
2026.14,
6479.615,
4218.506,
59702.49,
100930.3,
4596.709,
137206.6,
73305.83,
45168.89,
7495.54,
14607.67,
83078.43,
63356.67,
0,
1245592,
2076, 
2666.708,
142096.9,
5559.858,
4747.369,
2462.067,
13514.61,
74064.44,
212252.8,
96790.55,
40858.79,
20227.99,
3602.195,
40657.55,
2054.661,
6597.536,
4193.76,
70694.42,
104431.5,
4651.991,
140574.4,
76778.7,
47018.34,
7729.302,
15492.65,
88925.9,
67223.84,
0,
1295869,
2077, 
2751.25,
144794.5,
5856.104,
5048.589,
2503.373,
14608.12,
76832.41,
218785.6,
93956.7,
41556.69,
20973.3,
3657.645,
42278.48,
2084.228,
6687.617,
4183.152,
84017.46,
108008.7,
4699.507,
143979.5,
80019.19,
48798.7,
7972.103,
16411.66,
95126.58,
70955.45,
0,
1346547,
2078, 
2830.521,
146709.6,
6156.525,
5334.546,
2545.326,
15654.06,
79658.83,
224863.2,
94728.32,
42235.29,
21845.64,
3713.538,
43864.91,
2115.85,
6752.937,
4186.7,
99801.99,
111632.1,
4745.042,
147619.8,
82998.8,
50557,
8222.414,
17333.13,
101648.4,
74581.97,
0,
1402337,
2079, 
2903.346,
148016.9,
6460.269,
5609.271,
2587.377,
16641.38,
87777.55,
230089.9,
97171.68,
42890.28,
22835.06,
3770.397,
45398.76,
2148.365,
6795.791,
4203.67,
117908.7,
115328.5,
4795.958,
151547.8,
85669.84,
52167.71,
8475.364,
18227.25,
108537.9,
78418.97,
0,
1466378,
2080, 
2968.553,
148876.6,
6764.887,
5861.968,
2629.388,
17565.34,
97675.58,
234566.8,
99656.11,
43517.34,
23922.61,
3827.34,
46876.04,
2181.853,
6819.122,
4232.297,
137825.2,
119028.8,
4854.018,
155672.5,
88039.08,
53634.75,
8710.057,
19067.87,
115502.7,
82427.63,
0,
1532705,
2081, 
3026.038,
149537.5,
7080.883,
6108.651,
2670.043,
18474.94,
107728.1,
239666.2,
102228.4,
44083.85,
25098.44,
3882.769,
48321.57,
2215.844,
6830.205,
4266.928,
159145.7,
122719.8,
4922.178,
159923.2,
90200.99,
54985.59,
8916.563,
19939.68,
121561.1,
86363.09,
0,
1599898,
2082, 
3074.949,
149878.9,
7397.901,
6323.146,
2710.407,
19287.82,
116633.8,
248581.9,
105665.4,
44610.88,
26329.04,
3938.511,
49218.23,
2251.605,
6825.731,
4311.756,
177659.6,
126474.9,
5003.696,
164264.1,
92102.09,
56136.39,
9092.268,
20873.49,
127889.4,
90427.43,
0,
1666963,
2083, 
3114.13,
150083.1,
7706.246,
6510.368,
2750.721,
19989.3,
123667.9,
258037.5,
109449.1,
45091.84,
27593.67,
3995.246,
49955.3,
2289.512,
6780.111,
4366.691,
189066.3,
130096.1,
5097.356,
168444.6,
93761.7,
57086.2,
9231.331,
21657.45,
134203.1,
94636.12,
0,
1724661,
2084, 
3144.174,
150109.5,
8017.575,
6665.223,
2790.936,
20555.83,
128930.5,
267909.4,
113464.5,
45517.43,
28877.67,
4053.943,
50701.16,
2329.741,
6721.232,
4422.21,
200661.9,
133593.5,
5201.125,
172359,
95246.1,
57822.15,
9328.284,
22268.8,
140456.5,
98919.57,
0,
1780068,
2085, 
3166.68,
149964.1,
8652.9,
6787.229,
2831.267,
21030,
132736.7,
278287.3,
117673.7,
45878.98,
30150,
4115.302,
51456.46,
2371.684,
6668.713,
4475.009,
213063.9,
136994.5,
5314.888,
175912.1,
96554.21,
58371.89,
9382.513,
22695.26,
146643.1,
103264.5,
0,
1834443,
2086, 
3182.332,
149750.9,
9312.274,
6889.479,
2871.043,
21524.01,
136147.2,
288899.4,
121862.2,
46149.78,
31388.51,
4179.287,
52195.14,
2414.081,
6645.068,
4521.952,
226435.1,
140251.7,
5442.206,
179052.2,
97710.27,
58764.25,
9404.166,
22967.57,
152779.1,
107632.5,
0,
1888372,
2087, 
3191.884,
149556.2,
9968.312,
6957.076,
2910.922,
21999.16,
139407.3,
299897.8,
126220.9,
46348.77,
32537.82,
4246.213,
52946.26,
2458.288,
6658.881,
4567.624,
240970.4,
143404.6,
5580.498,
181714,
98761.7,
59049.21,
9396,
23045.56,
158898,
112046,
0,
1942739,
2088, 
3194.985,
149538.7,
10632.71,
6992.786,
2950.691,
22466.88,
143271,
311587.3,
130763.1,
46478.21,
33595.92,
4315.933,
53708.98,
2504.322,
6760.273,
4612.691,
256801.1,
146617.8,
5728.695,
183744.8,
99729.43,
59255.24,
9360.32,
22953.74,
165238.8,
116674.1,
0,
1999479,
2089, 
3190.127,
149765.3,
11285.07,
7000.275,
2990.249,
22952.29,
147610.4,
323853.9,
135309.5,
46541.45,
34500.2,
4390.262,
54481.27,
2551.748,
6958.289,
4658.682,
273576.9,
149906.3,
5885.044,
185007.9,
100494.4,
59352.95,
9313.267,
22717.63,
171817.8,
121413.1,
0,
2057524,
2090, 
3175.774,
150299.1,
11907.59,
6985.327,
3029.423,
23409.56,
152158.4,
336727.7,
140069.1,
46540.94,
35259.8,
4470.124,
55263.22,
2600.77,
7273.349,
4705.657,
290706.2,
153234,
6045.844,
185357.7,
101091.5,
59414.2,
9247.324,
22367.31,
178546.5,
126273,
0,
2116159,
2091, 
3151.331,
151270.6,
12498.57,
6966.769,
3067.689,
23840.38,
156852,
349723.7,
144671,
46467.93,
35852.92,
4556.624,
56019.97,
2651.289,
7722.252,
4750.316,
308012.8,
156530.2,
6206.403,
184604.5,
101579.5,
59412.38,
9174.969,
22006.05,
185421,
131079.5,
0,
2174091,
2092, 
3115.259,
152549.9,
13018.9,
6934.548,
3105.182,
24190.05,
161136.7,
363378.6,
149478.6,
46348.54,
36303.36,
4649.099,
56770.48,
2703.519,
8331.237,
4789.842,
325366.9,
159765,
6361.341,
182836.3,
101887.1,
59351.47,
9098.972,
21611.4,
192376.2,
135985.1,
0,
2231444,
2093, 
3066.888,
154109.7,
13450.46,
6884.323,
3142.13,
24470.62,
164893.8,
383546.6,
154400.8,
46196.27,
36638.52,
4746.969,
57514.83,
2757.479,
9081.604,
4799.668,
340622,
162906.7,
6501.408,
180085.6,
102037.5,
59226.41,
9017.624,
21202.87,
199392.3,
140837,
0,
2291530,
2094, 
3005.882,
155889.1,
13774.46,
6824.025,
3178.317,
24766.76,
168040.6,
403968.7,
159586,
46020.14,
36867.13,
4847.842,
58242.41,
2812.976,
9955.788,
4796.876,
347605.4,
165927,
6619.637,
176541,
102096.9,
59080.52,
8930.942,
20798.84,
206443.4,
145705,
0,
2342326,
2095, 
2931.903,
157823.3,
13988.02,
6749.59,
3213.598,
25065.37,
170561.6,
423787.5,
164982.9,
45827.58,
37001.89,
4950.012,
58953.23,
2868.783,
10938.23,
4794.622,
354607.3,
168825.4,
6708.942,
172430.7,
102066.7,
58882.39,
8836.28,
20416.63,
213579.8,
150527.2,
0,
2391320,
2096, 
2845.117,
160025.7,
14091.7,
6680.281,
3247.252,
25323.32,
172577.1,
443336.5,
170445.9,
45599.95,
37053.93,
5052.934,
59607.18,
2922.537,
12006.12,
4994.779,
361432.9,
171573.1,
6763.467,
167965.6,
101956,
58650.6,
8729.577,
20146.99,
220735.4,
155159,
0,
2438923,
2097, 
2746.147,
162321.2,
14077.77,
6605.943,
3278.462,
25508.46,
173735.8,
460696.2,
176108.9,
45360.64,
37028.45,
5153.477,
60203.58,
2973.862,
13127.1,
5201.135,
368182,
174079.3,
6781.169,
163405.9,
101805.2,
58434.74,
8604.954,
19984.97,
227807.4,
159728.6,
0,
2482941,
2098, 
2637.188,
164626.3,
13949.82,
6523.578,
3307.9,
25597.29,
174071.3,
475477.4,
182037.8,
45122.3,
36933.3,
5252.012,
60769.12,
3021.77,
14249.67,
5414.47,
374770.3,
176441.2,
6765.322,
159025.9,
101615.3,
58174.5,
8464.603,
19852.1,
234787.1,
164452,
0,
2523340,
2099, 
2513.466,
165311.1,
13496.88,
6326.646,
3330.146,
25148.76,
171437.4,
482188.8,
187657,
44841.25,
36662.5,
5341.89,
61278.64,
3061.953,
15228.19,
5604.575,
381242.9,
177817,
6713.843,
154507.5,
100716.3,
57487.97,
8306.675,
19610.7,
240290.2,
168530.6,
0,
2544653,
2100, 
2376.997,
164253.6,
12720.33,
6020.345,
3345.453,
24139.88,
165554,
481063.5,
192934.5,
44509.04,
36211.42,
5422.127,
61740.74,
3094.395,
15990.83,
5779.104,
387284.7,
178089.1,
6632.297,
150029.5,
99096.58,
56353.22,
8115.632,
19241.97,
244081.6,
171881,
0,
2545962];
