real main.em.ep.isp.StorResTot[28](t) = [1971, 
611.6456,
5591.987,
30.89199,
14.04357,
47.91386,
70.2654,
47.72424,
35.57066,
5.890642,
287.7351,
3555.586,
528.4987,
37.10508,
423.3606,
106.1346,
1407.301,
118.5844,
121.757,
49.53875,
171.1625,
24.85275,
1.349688,
788.625,
246.7652,
10.64779,
19.3124,
0,
14354.25,
1972, 
687.4095,
5967.324,
36.35151,
15.95836,
56.62456,
75.22236,
52.18413,
38.21094,
6.482426,
305.4156,
3711.354,
585.633,
42.34411,
435.765,
110.4779,
1478.616,
142.8624,
123.5856,
51.62157,
190.3777,
28.28264,
1.454614,
861.8459,
252.05,
9.79337,
30.53432,
0,
15297.78,
1973, 
710.1379,
6278.135,
42.26616,
16.75692,
66.63324,
78.94763,
58.41931,
42.1614,
6.127255,
309.0332,
3950.001,
624.042,
47.94972,
465.1674,
118.4081,
1608.475,
164.4074,
123.7865,
60.3098,
216.8603,
33.61465,
1.571627,
929.6451,
282.4063,
11.44283,
35.53725,
0,
16282.24,
1974, 
734.1681,
6329.345,
46.45215,
17.62909,
75.48215,
82.05704,
70.11409,
46.54585,
6.913222,
341.8329,
4064.957,
692.0655,
54.18606,
490.9077,
126.8552,
1716.857,
194.5547,
137.0644,
63.8124,
209.4108,
36.73106,
2.321236,
909.0872,
306.1528,
13.04051,
50.76258,
0,
16819.3,
1975, 
752.9033,
6628.964,
50.52358,
19.36459,
79.94205,
83.61631,
75.62527,
52.38615,
8.972327,
372.6009,
3941.649,
707.2695,
63.05124,
508.8509,
133.8192,
1803.401,
214.2098,
167.9537,
66.60268,
232.5753,
38.88238,
2.477336,
950.4457,
307.6034,
14.56566,
47.41349,
0,
17325.67,
1976, 
811.5082,
7120.49,
53.43382,
21.46289,
91.8898,
85.04121,
86.63843,
57.6707,
9.54041,
367.3745,
4141.84,
731.0024,
71.73432,
563.6417,
144.5692,
1941.491,
240.7196,
188.0204,
76.22032,
226.49,
45.94176,
2.597717,
989.7485,
314.5129,
16.05158,
46.32799,
0,
18445.96,
1977, 
844.5757,
7284.959,
59.02212,
23.74423,
99.78838,
92.37548,
100.6389,
57.84408,
9.934042,
341.5155,
4208.999,
751.236,
77.06908,
580.5965,
151.9003,
2029.536,
269.0013,
198.6427,
90.18566,
248.4009,
48.45571,
2.878732,
1040.243,
324.7316,
16.41018,
54.99293,
0,
19007.68,
1978, 
926.3708,
7772.626,
63.46273,
26.03618,
109.383,
98.79129,
107.2701,
53.4571,
12.53375,
375.9346,
4369.702,
800.7074,
76.90784,
599.1792,
159.2168,
2132.325,
296.5507,
227.3697,
103.8579,
296.9243,
52.53497,
3.918384,
1113.28,
335.6783,
18.47612,
54.59954,
0,
20187.09,
1979, 
967.919,
7678.477,
71.89219,
27.31936,
124.4789,
109.7214,
120.5185,
66.57389,
13.00596,
421.2717,
4546.6,
815.6503,
82.89114,
597.7737,
157.8951,
2163.89,
332.0898,
216.7307,
116.0164,
345.03,
58.45273,
4.724205,
1189.02,
346.8448,
20.06778,
64.2417,
0,
20659.1,
1980, 
976.639,
7510.782,
79.93461,
27.57554,
146.0638,
118.411,
145.5732,
75.5834,
13.74488,
462.4009,
4683.001,
800.6099,
79.33707,
611.7099,
162.8086,
2278.382,
349.2755,
227.4903,
114.4065,
399.1966,
61.0215,
5.065576,
1253.991,
361.198,
20.28898,
58.7077,
0,
21023.2,
1981, 
1048.759,
7636.326,
87.58743,
28.37397,
145.9025,
124.9462,
153.5092,
82.02739,
15.03931,
492.8853,
4777.167,
840.0599,
90.0976,
635.4841,
170.2926,
2417.546,
404.0692,
257.6826,
127.1347,
397.9288,
66.76953,
6.71699,
1321.306,
396.6071,
22.361,
53.826,
0,
21800.41,
1982, 
1007.242,
7426.778,
86.80847,
29.61471,
155.9075,
123.8161,
162.3898,
77.69359,
16.1609,
521.8306,
4826.871,
856.3241,
97.10973,
674.2668,
182.5627,
2700.831,
432.4904,
266.3836,
142.8882,
403.5872,
77.06226,
8.118522,
1267.391,
418.7662,
25.39851,
51.56031,
0,
22039.85,
1983, 
1064.132,
8086.025,
82.00256,
32.1574,
155.0019,
129.576,
175.774,
72.19915,
17.20897,
527.254,
4912.355,
909.5619,
100.2485,
696.7997,
193.1033,
2757.389,
458.3725,
296.0482,
165.8322,
434.805,
82.46674,
10.34527,
1293.704,
419.1737,
29.45348,
54.79663,
0,
23155.79,
1984, 
1162.291,
8452.316,
90.61501,
33.73352,
179.5768,
138.8762,
193.9546,
81.49048,
17.12409,
581.9622,
5152.761,
972.6513,
112.4322,
713.6027,
201.9516,
2824.902,
517.5186,
321.4257,
183.9912,
456.4233,
86.80272,
13.32234,
1351.691,
447.4388,
33.10271,
55.00533,
0,
24376.96,
1985, 
1237.323,
8689.218,
94.7375,
36.4251,
202.8115,
144.1228,
236.595,
88.1208,
17.51856,
584.9794,
5327.531,
1033.473,
134.7877,
715.9479,
198.8253,
2981.598,
558.0402,
359.4462,
199.1623,
531.1432,
87.41137,
16.09092,
1444.298,
481.4913,
36.01895,
61.92623,
0,
25499.04,
1986, 
1207.469,
8717.973,
99.73884,
38.14675,
217.0621,
174.2952,
226.1548,
92.00605,
18.83706,
590.9373,
5443.383,
1089.385,
167.6182,
734.8483,
199.2067,
2906.93,
573.4682,
376.9893,
225.7296,
606.3991,
92.68092,
18.97055,
1473.159,
525.6849,
41.13192,
62.71087,
0,
25920.92,
1987, 
1279.784,
8789.418,
107.3426,
39.53249,
213.105,
190.4415,
228.2197,
91.66652,
21.45638,
592.08,
5517.646,
1096.874,
185.5094,
771.9907,
197.3596,
3041.025,
615.79,
406.3464,
267.8008,
677.724,
103.5025,
21.95792,
1537.503,
527.9091,
44.84372,
65.1087,
0,
26631.94,
1988, 
1282.109,
9186.4,
113.5488,
40.31731,
213.2502,
202.1445,
247.1877,
93.04366,
22.73286,
607.1154,
5822.909,
1102.697,
198.4937,
810.5391,
198.4201,
3131.179,
684.1232,
473.7115,
300.7859,
758.4274,
121.4888,
25.43295,
1668.512,
557.7914,
51.2676,
74.18461,
0,
27987.81,
1989, 
1230.387,
10212.93,
123.6414,
39.6104,
219.2418,
196.4946,
262.1167,
105.565,
24.24838,
655.0562,
6013.801,
1106.238,
193.9712,
814.7135,
191.4268,
3666.251,
722.1735,
516.4186,
330.718,
803.7175,
136.2855,
34.24083,
1764.617,
600.35,
53.57734,
71.90677,
0,
30089.7,
1990, 
1170.083,
10688.65,
131.4395,
40.87907,
199.7082,
206.3069,
283.3167,
109.8016,
25.4876,
651.5938,
6086.734,
1019.225,
226.108,
775.3574,
164.4076,
3351.378,
761.0419,
556.1957,
335.6527,
824.8383,
157.4824,
31.21206,
1826.244,
622.1473,
61.32378,
66.37055,
0,
30372.99,
1991, 
1226.545,
10548.83,
131.6998,
41.57125,
222.8306,
228.0597,
318.2974,
113.6161,
25.68984,
672.0434,
6149.289,
947.2016,
224.8864,
791.8246,
199.7117,
2977.771,
801.1157,
598.068,
374.9533,
894.514,
172.9396,
38.42422,
1932.969,
601.296,
69.41202,
75.29082,
0,
30378.85,
1992, 
1281.582,
11026.1,
136.2262,
45.29705,
229.1796,
259.659,
317.6943,
111.0382,
26.13657,
658.2648,
6242.429,
957.8688,
267.6848,
795.107,
225.3328,
2467.826,
922.0553,
658.3314,
410.0576,
1069.772,
183.5925,
46.28885,
1984.932,
624.567,
74.34453,
71.59274,
0,
31092.96,
1993, 
1354.999,
11242.26,
156.6538,
47.907,
254.9597,
289.2829,
334.5795,
115.6131,
27.84274,
713.6885,
6196.574,
948.7015,
296.8146,
707.4766,
223.4367,
2299.785,
1008.029,
725.3278,
458.1296,
1238.977,
208.6883,
54.82672,
2053.881,
670.1094,
77.07633,
66.92075,
0,
31772.54,
1994, 
1481.524,
11631.77,
170.0168,
48.97043,
275.7094,
300.7069,
367.4637,
114.286,
26.88025,
711.3161,
6499.226,
1031.402,
300.5391,
600.6252,
189.1586,
2194.029,
1118.493,
813.6951,
497.9936,
1322.415,
242.5597,
67.39214,
2142.135,
718.6662,
81.87967,
84.5898,
0,
33033.44,
1995, 
1520.712,
12152.52,
156.8473,
52.15669,
297.9713,
321.8632,
367.9739,
121.5977,
29.63506,
714.346,
6731.94,
1116.634,
333.8566,
504.0755,
168.2968,
2030.498,
1179.58,
973.326,
573.0429,
1346.042,
267.496,
83.34143,
2248.981,
748.2969,
86.54089,
92.80544,
0,
34220.38,
1996, 
1545.944,
12502.18,
173.2295,
54.91601,
305.1244,
345.8396,
397.9588,
131.4951,
34.71693,
709.588,
6828.936,
1159.176,
367.7577,
474.6737,
159.5071,
2125.577,
1306.516,
961.7775,
632.252,
1411.754,
293.5411,
107.7325,
2341.684,
770.1854,
93.77061,
96.65154,
0,
35332.48,
1997, 
1595.163,
12710.2,
188.2635,
58.3358,
318.0213,
381.1194,
406.4948,
135.3554,
37.22424,
693.6704,
7091.857,
1254.147,
402.7495,
488.4317,
157.8058,
2212.929,
1419.689,
979.1585,
677.1931,
1562.901,
318.4676,
119.3762,
2414.197,
796.2696,
98.03761,
103.6182,
0,
36620.67,
1998, 
1618.493,
13204.24,
198.8667,
62.02953,
318.2067,
395.4006,
426.7407,
133.0642,
38.54175,
659.9131,
7359.761,
1323.02,
428.8468,
489.6233,
133.7533,
2216.643,
1556.502,
1029.891,
641.9214,
1500.57,
292.7207,
120.1294,
2372.417,
838.8229,
104.8063,
129.2985,
0,
37594.22,
1999, 
1708.871,
13649.38,
215.9325,
65.00954,
317.9235,
393.5399,
450.0671,
143.2618,
38.79948,
655.181,
7580.063,
1352.736,
448.6824,
505.4829,
141.4625,
2318.634,
1634.554,
1107.515,
665.466,
1739.781,
328.2141,
110.8525,
2367.508,
878.7452,
108.5171,
139.1292,
0,
39065.31,
2000, 
1811.269,
13754.29,
229.9999,
67.93871,
342.9673,
435.8148,
497.5763,
155.7003,
41.22694,
687.2495,
7863.5,
1434.952,
449.4599,
543.6817,
144.8795,
2493.331,
1781.575,
1196.939,
762.504,
1953.5,
376.9114,
127.3989,
2482.829,
896.2449,
118.7587,
149.1901,
0,
40799.69,
2001, 
1790.614,
13233.38,
227.4802,
71.8025,
360.6765,
436.9152,
527.0812,
156.382,
43.3529,
727.1764,
7691.418,
1476.47,
468.6419,
571.0686,
174.7518,
2561.828,
1903.112,
1233.146,
797.858,
2173.903,
402.4958,
137.9257,
2522.093,
917.4861,
123.8053,
162.9576,
0,
40893.82,
2002, 
1822.585,
13243,
232.9812,
71.92535,
380.1217,
441.9548,
569.7894,
177.4399,
46.79473,
777.8864,
7436.98,
1485.934,
497.593,
577.0109,
177.5034,
2535.343,
2019.733,
1302.21,
832.65,
2407.122,
424.6618,
145.4221,
2589.744,
957.6288,
130.3643,
173.615,
0,
41457.99,
2003, 
1772.503,
13233.22,
243.5749,
82.57818,
403.03,
459.8067,
618.7086,
169.0502,
50.79959,
828.2485,
7293.723,
1545.682,
545.5042,
600.2261,
190.1648,
2585.054,
2148.242,
1395.173,
872.4452,
2782.718,
456.2096,
151.4596,
2604.548,
923.4817,
139.0975,
173.7257,
0,
42268.97,
2004, 
1798.951,
13386.12,
252.3022,
81.60687,
425.1077,
480.5646,
656.4478,
187.4487,
54.88638,
843.3937,
7162.92,
1601.008,
596.1772,
637.1256,
195.689,
2615.84,
2266.565,
1500.801,
927.4875,
3197.424,
486.3662,
167.2248,
2715.72,
921.4532,
153.6273,
182.7482,
0,
43495.01,
2005, 
1923.64,
13583.08,
263.4935,
84.98913,
444.9814,
498.8659,
723.3118,
202.5949,
60.99137,
860.3209,
6983.398,
1620.915,
642.9985,
661.8176,
220.48,
2649.526,
2379.014,
1604.802,
982.0087,
3679.997,
519.4673,
179.5777,
2802.438,
888.7408,
167.7827,
192.5822,
0,
44821.82,
2006, 
1798.461,
13417.21,
269.8523,
90.57641,
462.1486,
525.3719,
762.481,
212.2216,
67.31125,
888.9625,
6691.943,
1647.835,
704.6755,
694.437,
229.6005,
2797.388,
2580.22,
1789.922,
1022.213,
4286.268,
553.5147,
188.5998,
2864.382,
899.8417,
183.9962,
202.799,
0,
45832.23,
2007, 
1886.993,
13205.95,
278.9591,
93.76944,
490.5254,
539.5406,
813.829,
231.4836,
72.94273,
931.344,
6386.061,
1627.26,
758.5591,
711.5336,
236.7175,
2876.912,
2733.128,
1943.354,
1079.278,
5066.552,
590.9594,
202.3189,
2970.444,
877.7704,
192.7462,
204.9288,
0,
47003.86,
2008, 
1870.511,
12205.91,
283.4984,
92.83965,
514.0458,
562.6683,
872.2564,
232.6684,
79.9328,
902.459,
6302.478,
1648.431,
789.2635,
713.2748,
207.2122,
3000.222,
2931.739,
2057.298,
1146.745,
5671.396,
614.1594,
214.5017,
2885.368,
863.0665,
191.1044,
210.0939,
0,
47063.14,
2009, 
1666.286,
10672.43,
283.3073,
94.83299,
514.8762,
570.4411,
906.2103,
237.7258,
95.39896,
872.3074,
5533.783,
1564.942,
763.5687,
637.9855,
206.3671,
2842.586,
3139.31,
2223.384,
1185.04,
6831.604,
648.8853,
224.4334,
2879.129,
841.2466,
207.2256,
211.0625,
0,
45854.37,
2010, 
1634.632,
10829.28,
292.6149,
98.24287,
560.5001,
590.8688,
993.9037,
259.2397,
120.817,
910.2552,
6272.232,
1702.58,
829.1214,
706.1644,
219.5341,
2976.389,
3463.152,
2426.75,
1321.26,
8695.016,
718.5256,
245.0737,
3187.278,
871.0494,
225.4352,
229.1488,
0,
50379.07,
2011, 
1595.919,
10347.33,
315.3142,
101.8615,
588.8911,
607.2697,
1065.073,
279.5178,
143.481,
923.3512,
7146.955,
1707.096,
887.406,
740.4076,
233.8226,
2972.889,
3588.927,
2723.294,
1382.545,
10663.11,
736.3027,
264.0807,
3199.802,
947.2742,
232.8134,
238.1138,
0,
53632.84,
2012, 
1484.699,
9010.456,
323.1266,
108.4345,
614.4211,
621.5923,
1137.27,
299.3781,
169.4073,
886.5219,
9031.963,
1656.888,
922.6877,
742.8255,
241.1921,
3005.688,
3771.519,
2993.02,
1443.198,
12331.11,
837.0234,
288.3073,
3390.521,
1006.925,
251.6926,
248.0397,
0,
56817.91,
2013, 
1409.07,
9794.644,
325.8869,
112.9998,
637.373,
645.0029,
1154.824,
323.6973,
193.9696,
924.5087,
10352.41,
1625.028,
944.6165,
770.2302,
245.4568,
3018.063,
3986.781,
3268.154,
1537.763,
15054.01,
926.2343,
310.2048,
4459.063,
1053.896,
272.5326,
265.539,
0,
63611.95,
2014, 
1315.176,
10250.99,
332.7151,
117.154,
648.428,
656.6103,
1174.239,
341.4965,
216.9856,
1181.397,
11430.66,
1649.213,
969.3881,
741.0182,
249.6924,
3010.559,
4163.972,
3585.532,
1702.851,
18366.42,
1026.901,
332.5787,
6042.511,
1114.926,
295.4311,
280.9216,
0,
71197.77,
2015, 
1320.755,
10413.76,
339.6154,
122.5549,
671.1578,
681.0027,
1206.38,
361.0237,
222.3158,
1210.981,
11505.97,
1661.911,
1004.283,
752.0415,
255.7109,
3068.998,
4287.148,
3730.291,
1726.383,
18773.59,
1066.144,
356.4661,
6051.26,
1134.829,
305.4895,
292.8741,
0,
72522.94,
2016, 
1311.564,
10531.42,
342.3591,
126.4891,
691.8606,
694.1339,
1242.219,
379.0374,
230.0349,
1235.527,
11612.57,
1661.515,
1025.177,
755.76,
260.0126,
3084.313,
4356.499,
3855.849,
1736.664,
19060.93,
1101.141,
379.7403,
6078.341,
1147.203,
314.4528,
305.2837,
0,
73520.09,
2017, 
1307.823,
10491.34,
345.8941,
131.3618,
716.0122,
709.1815,
1276.146,
407.562,
237.757,
1284.612,
11715.64,
1665.522,
1050.8,
755.2225,
284.5145,
3094.773,
4432.001,
4009.347,
1747.106,
19357.95,
1140.408,
421.1731,
6108.778,
1163.182,
324.3314,
319.803,
0,
74498.24,
2018, 
1304.538,
10387.09,
349.317,
137.2054,
740.0939,
721.9611,
1308.818,
440.5584,
247.3087,
1367.925,
11817.25,
1665.791,
1097.871,
746.1345,
314.0218,
3093.366,
4498.947,
4181.683,
1754.98,
19624.9,
1179.294,
493.8844,
6139.305,
1184.008,
339.3866,
335.4771,
0,
75471.12,
2019, 
1299.465,
10325.63,
352.636,
143.7445,
765.5394,
734.1429,
1341.241,
490.5713,
257.2772,
1484.32,
11917.68,
1662.371,
1186.335,
728.4957,
361.7739,
3078.264,
4560.738,
4373.036,
1761.308,
19851.33,
1218.293,
618.0193,
6168.947,
1208.815,
363.3237,
352.7447,
0,
76606.04,
2020, 
1294.914,
10364.38,
356.4459,
151.3587,
794.5505,
747.6404,
1379.702,
559.2529,
266.7533,
1650.906,
12017.73,
1660.603,
1293.618,
705.9651,
417.1723,
3064.939,
4622.775,
4599.606,
1768.861,
20323.85,
1314.127,
823.9449,
6199.281,
1238.732,
396.1898,
373.7065,
0,
78387,
2021, 
1275.413,
10319.37,
358.1011,
159.4321,
811.4151,
759.5618,
1442.628,
650.9788,
276.5594,
1855.031,
11976.68,
1651.126,
1400.885,
678.539,
480.4907,
3032.75,
4659.785,
4823.368,
1763.234,
20889.54,
1503.545,
1152.463,
6180.615,
1266.05,
436.7013,
391.907,
0,
80196.16,
2022, 
1272.342,
12190.57,
360.4577,
167.027,
827.7316,
771.9921,
1556.062,
764.2211,
286.5622,
2087.055,
11913.42,
1641.63,
1542.201,
656.7823,
533.4858,
3005.97,
4697.899,
5083.192,
1757.279,
21522.92,
1820.878,
1635.871,
6159.489,
1305.119,
490.7845,
416.2793,
0,
84467.23,
2023, 
1268.95,
13526.74,
363.1436,
174.9669,
844.0026,
784.5567,
1718.175,
914.0756,
298.3285,
2329.761,
11829.41,
1628.814,
1682.981,
643.8234,
590.4137,
2986.279,
4732.719,
5372.217,
1751.224,
22565,
2236.4,
2271.274,
6133.873,
1340.89,
555.1124,
441.4865,
0,
88984.61,
2024, 
1266.821,
14295.12,
366.4406,
183.5659,
862.6396,
797.7949,
1926.644,
1082.535,
309.4295,
2591.339,
11716.61,
1615.932,
1809.563,
638.8021,
633.8073,
2978.571,
4772.125,
5687.347,
1745.998,
23981.54,
2772.833,
3069.716,
6104.862,
1375.756,
631.8185,
469.4683,
0,
93687.07,
2025, 
1265.179,
14655.26,
369.9371,
194.2142,
883.1498,
812.179,
2168.939,
1282.469,
326.2034,
2868.293,
11571.95,
1603.566,
1948.76,
637.3126,
678.7411,
2981.11,
4807.922,
6020.894,
1739.963,
25356.91,
3387.857,
4006.034,
6067.544,
1411.472,
728.3461,
500.5836,
0,
98274.78,
2026, 
1271.557,
14808.67,
374.2578,
207.999,
902.1442,
830.4101,
2416.379,
1506.223,
345.9907,
3172.539,
11391.29,
1593.422,
2108.856,
635.8354,
723.861,
2987.751,
4857.867,
6368.087,
1730.072,
26932.07,
4050.443,
5030.89,
6026.472,
1450.352,
854.2157,
536.8483,
0,
103114.5,
2027, 
1281.557,
14943.86,
378.2389,
223.7935,
922.3878,
851.3302,
2660.624,
1763.048,
376.6532,
3510.194,
11165.21,
1584.397,
2271.558,
634.7649,
768.6391,
3007.359,
4914.312,
6755.935,
1718.062,
28460.59,
4776.604,
6178.812,
5982.062,
1497.157,
1010.245,
575.8092,
0,
108213.2,
2028, 
1297.499,
15354.39,
382.6252,
241.8846,
944.091,
875.6476,
2911.125,
2060.94,
412.2296,
3881.194,
10868.81,
1578.869,
2457.783,
631.8542,
806.8134,
3001.612,
4979.52,
7218.194,
1701.353,
29522.92,
5605.335,
7620.165,
5933.597,
1559.099,
1200.594,
623.8489,
0,
113672,
2029, 
1320.447,
16096,
388.0408,
263.6251,
967.384,
906.9077,
3198.07,
2411.404,
457.7082,
4322.063,
10483.14,
1572.561,
2677.127,
628.3531,
844.2394,
2979.456,
5054.257,
7811.614,
1682.98,
30308.2,
6495.059,
9187.537,
5877.487,
1634.056,
1430.251,
682.8038,
0,
119680.8,
2030, 
1347.13,
17353.82,
395.4319,
290.2943,
991.9724,
944.8882,
3562.531,
2829.067,
504.2165,
4857.78,
9966.377,
1556.476,
3013.72,
625.2349,
877.0156,
2944.21,
5141.528,
8571.179,
1662.665,
31123.37,
7466.813,
10970.83,
5805.652,
1712.392,
1705.849,
757.1021,
0,
126977.5,
2031, 
1391.823,
19087.65,
409.1588,
349.0765,
1016.273,
993.0525,
4045.373,
3339.359,
561.9495,
5511.32,
9577.11,
1553.285,
3600.658,
624.1796,
903.272,
2927.558,
5252.921,
9556.595,
1641.267,
32543.65,
8517.673,
13036.42,
5717.892,
1785.399,
2029.601,
852.0931,
0,
136824.6,
2032, 
1422.468,
20935.3,
425.0356,
458.8158,
1039.604,
1042.237,
4661.736,
3953.514,
618.9449,
6334.948,
9151.378,
1551.696,
4536.768,
620.593,
920.515,
2915.631,
5368.574,
10789.35,
1617.383,
35534.92,
9606.956,
15427.89,
5600.255,
1859.82,
2406.382,
966.1958,
0,
149766.9,
2033, 
1454.151,
22820.57,
443.749,
611.1484,
1061.296,
1093.761,
5488.33,
4742.459,
696.5878,
7428.604,
9276.562,
1549.234,
5973.302,
613.176,
946.8127,
2921.135,
5491.137,
12359.03,
1587.05,
41225.91,
10726.89,
18286.73,
5569.703,
1965.141,
2883.601,
1109.988,
0,
168326.1,
2034, 
1487.935,
24698.95,
466.1036,
815.442,
1080.141,
1144.548,
6517.688,
5707.907,
785.102,
8819.306,
9660.9,
1518.873,
7990.97,
598.9565,
968.0872,
2929.186,
5613.351,
14266.2,
1544.039,
50145.27,
11936.17,
21321.77,
5637.455,
2127.468,
3450.694,
1285.18,
0,
192517.7,
2035, 
1496.215,
26562.03,
492.2658,
1039.653,
1096.556,
1196.524,
7723.054,
6875.916,
888.64,
9921.032,
10520.55,
1473.916,
10433.23,
581.3542,
992.6708,
2943.627,
5738.773,
16570.52,
1501.77,
63014.91,
13215.12,
24352.31,
6068.39,
2400.926,
4089.953,
1491.477,
0,
222681.4,
2036, 
1495.863,
28478.3,
520.4596,
1292.193,
1109.572,
1248.268,
9082.135,
8275.693,
1012.911,
10831.34,
11879.65,
1498.792,
12154.3,
563.3112,
1015.437,
2953.316,
5841.796,
19195.09,
1481.155,
79846.88,
14554.81,
27309.71,
6129.969,
2947.668,
4790.477,
1737.755,
0,
257246.8,
2037, 
1475.967,
30634.23,
552.2414,
1596.564,
1121.665,
1304.791,
10643.81,
9647.933,
1151.961,
11879.3,
12574.91,
1508.791,
13207.79,
549.1795,
1037.159,
2957.724,
5952.284,
21905.04,
1673.321,
100405.2,
15978.71,
29969.38,
6307.882,
3734.446,
5566.805,
2021.996,
0,
295359,
2038, 
1431.345,
34504.76,
586.4255,
2308.916,
1133.334,
1362.963,
12428.73,
10718.69,
1306.671,
13013.68,
13352.16,
1461.101,
14067.73,
541.9069,
1046.317,
2959.902,
6064.916,
24127.23,
1733.537,
123469.6,
17540.2,
32161.49,
6204.836,
4811.583,
6364.831,
2346.926,
0,
337049.8,
2039, 
1308.817,
41393.05,
622.8022,
3516.568,
1145.271,
1432.897,
13615.67,
11928.72,
1467.528,
14190.74,
13975.5,
1422.802,
14756.46,
543.2911,
1050.671,
2967.15,
6200.564,
26357.76,
1860.316,
144631.1,
19174.96,
33904.66,
6195.472,
6267.447,
7246.519,
2727.915,
0,
379904.7,
2040, 
1305.915,
50690.66,
661.2264,
4787.021,
1158.684,
1526.362,
14868.27,
13249.55,
1615.565,
15349.58,
14896.3,
1378.662,
15351.79,
549.7462,
1044.737,
2977.026,
6367.104,
28614.87,
2056.805,
162922.6,
20946.73,
35335.97,
6329.332,
8236.244,
8281.248,
3195.992,
0,
423698,
2041, 
1206.497,
63692.15,
744.0164,
6187.613,
1167.82,
1631.288,
16424.95,
14692.31,
1739.045,
16083.52,
16313.54,
1324.418,
15923.9,
552.2569,
1032.116,
2962.659,
6484.933,
30939.19,
2301.123,
178520.8,
22948.55,
36829.91,
6497.577,
11146.72,
9529.345,
3776.596,
0,
470652.8,
2042, 
1057.508,
79896.88,
1066.198,
7583.554,
1178.677,
1759.753,
18353.86,
16236.01,
1861.022,
16810.02,
18297.89,
1259.183,
16504.16,
555.2014,
1021.752,
2951.252,
6656.576,
33450.11,
2596.534,
191739.5,
25169.21,
38199.1,
6710.709,
15659.11,
10985.57,
4508.228,
0,
522067.5,
2043, 
896.0154,
102925.3,
1518.516,
8721.341,
1194.639,
1915.127,
20429.06,
17895.6,
1953.499,
17557.98,
20988.45,
1199.546,
17012.52,
566.2313,
1010.724,
2954.888,
6873.355,
36115.78,
2929.7,
202536.9,
27533.6,
39140.62,
6974.752,
21334.32,
12558.23,
5421.129,
0,
580157.8,
2044, 
1052.404,
136188.6,
2111.766,
10204.77,
1212.262,
2091.552,
22093.62,
19702.41,
2044.508,
18289.12,
26831.67,
1260.561,
17418.31,
579.9161,
1018.838,
2966.597,
7107.942,
38822.16,
3283.706,
211482.4,
29962.72,
39641.07,
7378.913,
27919.61,
14204.17,
6525.449,
0,
651395.1,
2045, 
1217.394,
184028,
2874.388,
12010.57,
1231.369,
2293.22,
23775.02,
21763.61,
2178.882,
19041.42,
33617.49,
1411.324,
17760.5,
591.9064,
1060.732,
2978.501,
7366.878,
41533.18,
3727.242,
219001.8,
32404.11,
39808.96,
7905.723,
35232.06,
15964.12,
7370.871,
0,
738149.3,
2046, 
1388.135,
246580.4,
3837.677,
14296.03,
1247.167,
2820.579,
25315.38,
23656.69,
2356.777,
19807.37,
44260.18,
1565.749,
18059.95,
600.5547,
1140.727,
2972.124,
7607.146,
44201.48,
4228.821,
225380.3,
34797.41,
39857.31,
8429.073,
42418.59,
17880.04,
8165.997,
0,
842871.6,
2047, 
1572.712,
328338.1,
5073.485,
17020.03,
1262.29,
3566.009,
27804.23,
25776.14,
2588.028,
21278.76,
60453.83,
1709.312,
18367.67,
608.4524,
1257.417,
2963.115,
7851.764,
46789.23,
4748.847,
230612.6,
36957.61,
39689.05,
8982.111,
48477.14,
19926.39,
9058.694,
0,
972733,
2048, 
1780.157,
427978,
7762.319,
20362.45,
1277.223,
4431.129,
34229.05,
28141.46,
2880.722,
25345.92,
81516.15,
1848.625,
18748.2,
613.9695,
1406.682,
2958.822,
8087.426,
49306.15,
5273.652,
235783.9,
38770.34,
39451.83,
9566.193,
52115.39,
22115.43,
10069.9,
0,
1131821,
2049, 
2012.251,
517726.2,
10984.67,
24216.8,
1292.073,
5387.044,
39550.42,
30714.97,
3227.315,
29879.13,
104898.3,
1977.624,
19216.2,
617.3414,
1566.491,
2955.588,
8329.976,
51717.22,
5752.066,
241117.7,
40157.77,
39168.8,
10180.73,
55087.58,
24441.27,
11206.44,
0,
1283382,
2050, 
2111.499,
590727.9,
14479.39,
28319.24,
1305.967,
6354.726,
42921.8,
33494.14,
3635.625,
34161.11,
126722.1,
2085.686,
19732.26,
622.2799,
1689.483,
2965.77,
8565.812,
54392.31,
6708.379,
245541.8,
41005.82,
38767.96,
10783.13,
57319.75,
26459.71,
12469.7,
0,
1413343,
2051, 
2197.35,
622533.9,
18209.79,
32841.52,
1325.099,
7260.952,
43895.13,
39999.29,
4133.708,
38087.89,
142682.3,
2166.301,
20273.56,
637.5401,
1782.198,
3036.52,
8838.304,
57556.34,
9666.498,
249329.2,
41165.14,
38236.29,
11264.44,
58745.33,
28282.18,
13884.18,
0,
1498031,
2052, 
2301.471,
622859.7,
21904.87,
37992.68,
1344.589,
8034.047,
43220.34,
49602.99,
4748.209,
41325.3,
151869.7,
2232.498,
20813.17,
659.3806,
1850.871,
3118.056,
9090.752,
60164.83,
13519.41,
250634.1,
40870.59,
37636,
11610.51,
59595.18,
30164.24,
15079.48,
0,
1542243,
2053, 
2439.063,
617225.6,
25270.59,
43430.74,
1368.924,
8745.442,
42111.88,
59837.86,
5565.815,
43864.11,
154589.2,
2303.17,
21585.92,
688.0046,
1947.853,
3204.637,
9521.543,
62135.87,
17638.44,
249187.3,
40593.27,
37148.37,
11818.85,
60199.61,
32154.5,
16394.86,
0,
1570971,
2054, 
2630.027,
606483.6,
28328.81,
48972.29,
1397.852,
9510.888,
41234.92,
70732.71,
6696.401,
46024.77,
154228.5,
2376.963,
22140.35,
719.6208,
2072.41,
3299.856,
10149.25,
63558.34,
21343.25,
244596.1,
40437,
36771.16,
11919.14,
61060.88,
34266.01,
17892.6,
0,
1588844,
2055, 
3742.614,
594888.8,
31566.28,
55143.4,
1431.426,
11268.18,
41240.44,
82379.64,
8240.909,
48423.43,
151796.6,
2463,
22774.34,
750.1089,
2266.161,
3400.667,
11016.48,
64561.07,
24140.14,
236712.7,
40465.09,
36460.52,
11920.38,
62171.59,
36513.77,
19597.78,
0,
1605336,
2056, 
5490.7,
582836.6,
35772.11,
62700.95,
1469.116,
14019.23,
42536.75,
95997.26,
10257.07,
51509.66,
147226.5,
2567.969,
23466.62,
778.8667,
2513.214,
3510.335,
12158.48,
65386.44,
26108.52,
225506.4,
40740.66,
36187.41,
11967.53,
63522.38,
38907.32,
21842.67,
0,
1624981,
2057, 
7627.932,
569688.6,
41072.07,
71705.3,
1511.593,
17716.23,
44926.4,
112289.2,
12902.41,
57959.06,
141660.3,
2686.881,
24245.45,
805.696,
2810.722,
3621.806,
13631.51,
66017.26,
27149.61,
210901.7,
41209.21,
35625.6,
12027.98,
65030.65,
41453.04,
29920.08,
0,
1656196,
2058, 
8981.203,
554703.9,
47734.01,
81666.78,
1556.833,
22551.29,
47910.06,
137651.6,
15023.05,
66643.87,
135171.4,
2828.782,
25098.3,
824.0505,
3134.825,
3728.349,
15401.29,
66645.92,
27425.98,
194241.9,
41655.52,
35010.8,
12118.4,
66620.48,
44144.16,
39814.09,
0,
1698287,
2059, 
10546.68,
537705.1,
60460.72,
95722.89,
1604.475,
28779.53,
51406.44,
177306.6,
17265.19,
75783.76,
128795.3,
3011.779,
26018.28,
836.3799,
3502.989,
3816.054,
17534.05,
67341.85,
27258.89,
176222.2,
42113.75,
34530.26,
12218.11,
68302.98,
47004.39,
50877.38,
0,
1765966,
2060, 
12885.74,
518636.1,
77265.13,
111971.1,
1654.749,
36762.01,
55344.03,
225747.4,
20163.1,
84751.66,
122649.5,
3244.357,
27001.34,
844.9354,
3912.548,
3871.997,
20156.19,
68047.69,
26925,
158902.9,
42594.39,
34248.9,
12306.66,
70070.4,
50059.2,
65914.72,
0,
1855932,
2061, 
16146.62,
498544.9,
96156.19,
129146.2,
1705.813,
47214.7,
59868.71,
283517.1,
23942.11,
93572.43,
116537.5,
3540.486,
28012.06,
849.5347,
4371.922,
3890.212,
23411.25,
68856.09,
26560.96,
143577.3,
43149.82,
34244.66,
12360.29,
71242.09,
53324.52,
89422.02,
0,
1973165,
2062, 
19834.78,
479231.1,
115890.2,
146111.6,
1759.529,
60498.53,
64787.55,
349656.2,
29160.84,
101312.6,
110434.6,
3912.667,
30664.74,
850.6232,
4861.002,
3857.455,
27445.88,
69573.45,
26134.72,
130103.6,
43824.13,
34404.53,
12395.91,
72226.17,
56817.56,
114188.3,
0,
2109938,
2063, 
23696.44,
461770.7,
136167.4,
162490.5,
1815.38,
76950.58,
70215.16,
423907.5,
36489.34,
108239.2,
104462.7,
4339.277,
34707.01,
856.4818,
5400.406,
3767.49,
32457.31,
70192.91,
25676.87,
118910.8,
44596.35,
34665.59,
12418.86,
72918.12,
60568.88,
139234.5,
0,
2266916,
2064, 
27065.31,
450247.4,
157571.7,
178033.3,
1872.797,
96917.58,
76414.68,
487509.6,
62569.47,
115265.4,
98602.74,
4816.804,
39221.69,
870.2861,
5989.327,
3633.528,
38715.52,
71477.35,
25329.99,
110857.2,
45478.25,
35135,
12419.27,
73488.84,
64618.75,
166803.6,
0,
2450925,
2065, 
29516.43,
452824.2,
180616.7,
192753.4,
1931.056,
120733.8,
83707.23,
543635,
110823.3,
122906.5,
92726.54,
5331.705,
44167.07,
891.5746,
6606.747,
3475.803,
46571.47,
72979.51,
24990.64,
105631.1,
46513.08,
35881.23,
12424.09,
73854.87,
68993.5,
198136.6,
0,
2678623,
2066, 
31072.46,
476137.3,
206218.1,
207346.1,
1987.49,
153415.7,
92778.3,
601452.3,
172043.7,
131626,
86359.23,
5769.371,
49611.09,
921.3117,
7224.298,
3362.852,
56456.34,
74733.54,
24116.55,
101617.8,
47720.51,
37025.7,
12452.02,
74358.27,
73726.66,
228394.7,
0,
2957928,
2067, 
31847.38,
523135.9,
234848.3,
222645.2,
2042.999,
191708,
103460.7,
658088.8,
230664.4,
141200.2,
79792.49,
6097.22,
58014.46,
957.798,
7822.776,
3315.931,
68764.48,
76794.67,
22566.07,
98753.73,
49064.57,
38505.24,
12451.51,
74970.25,
84371.84,
251694.1,
0,
3273579,
2068, 
31950.79,
576684.8,
266763.3,
238686.8,
2097.262,
230060.1,
120940.4,
709088.6,
274415.6,
151137.6,
72975.08,
6351.309,
71098.76,
999.9255,
8381.415,
3342.638,
83865.77,
79138.84,
20524.89,
97098.12,
50539.92,
40274.43,
12425.2,
75750.77,
96485.6,
273841.3,
0,
3594919,
2069, 
31660.54,
633110.8,
300721.8,
255516.7,
2150.061,
266036.5,
141814.6,
752515.4,
303975.8,
160619.5,
66160,
6523.51,
84801.26,
1046.281,
8863.718,
3441.177,
101157,
81709.14,
17925.71,
96317.96,
52130.42,
42235.84,
12327.05,
76639.25,
108948.4,
293908.9,
0,
3902257,
2070, 
31217.48,
695444.3,
334547.3,
272659.4,
2200.903,
298773.9,
164350.5,
788647.3,
332086.1,
169177.7,
59283.72,
6605.466,
97812.47,
1095.154,
9275.629,
3598.951,
111771.4,
84458,
14961.29,
95913.45,
53758.98,
44368.07,
12148.44,
77645.02,
121757.8,
311053.8,
0,
4194613,
2071, 
30734.86,
758324.6,
367034.7,
290161.3,
2249.076,
329155.6,
189872.1,
820028,
376331.1,
174900.9,
53371.75,
6707.987,
109541.3,
1141.49,
9652.023,
3728.928,
123255.9,
87729.98,
12536.38,
96260.79,
55466.64,
46722.03,
11929.68,
78017.46,
135813.2,
325939.9,
0,
4496608,
2072, 
30210.39,
815153.7,
383871.1,
307518.3,
2295.2,
357248.4,
218066.1,
846114.8,
439290.1,
179615.4,
48424.34,
6847.114,
119060.3,
1186.251,
10023.49,
3834.635,
135966.1,
91689.18,
10944.2,
97003.37,
57227.7,
49270.37,
11697.55,
78708.21,
151395.4,
339076.3,
0,
4791738,
2073, 
29698.54,
866216.9,
399396.7,
324889.5,
2339.849,
392467.8,
249840.4,
869678.3,
483036.2,
184436.9,
44141.91,
6966.949,
126019.3,
1228.276,
10394.13,
3927.58,
150221.6,
95969.6,
9649.61,
97674.32,
59031.35,
52038.38,
11464.74,
80243.23,
169349.3,
350911.4,
0,
5071233,
2074, 
29132.14,
920206.6,
414561,
342087.5,
2382.529,
431036.4,
285481.3,
893880.8,
528663.7,
190100,
41296.71,
7059.743,
130865.6,
1266.949,
10771.79,
4010.204,
166513.9,
100618.5,
8627.246,
98240.39,
60863.11,
54985.74,
11248.56,
82788.03,
191051.4,
362068.6,
0,
5369809,
2075, 
28396.63,
973437.4,
429512.3,
358663.1,
2425.689,
472228.7,
325095.3,
919995.5,
573787.6,
197039.6,
39674.53,
7142.631,
135169.1,
1302.204,
11155.21,
4083.821,
185449.3,
105705.3,
7851.784,
98842.46,
62736.77,
58063.77,
11069.37,
89416.95,
217785.6,
373530,
0,
5689561,
2076, 
27473.96,
1068515,
444732.8,
374020,
2467.431,
516326.9,
363229.3,
954373.2,
612613.9,
205693.5,
38348.34,
7218.1,
139888.1,
1332.508,
11538.12,
4155.131,
199072.5,
111554.2,
7265.138,
99856.59,
64692.45,
61028.22,
10923.18,
98298.45,
251360.6,
386703,
0,
6062680,
2077, 
26297.15,
1189834,
459891,
386633.5,
2516.376,
561094.8,
391209.3,
995889.3,
646190.1,
216033.1,
37296.23,
7286.522,
144893.5,
1358.919,
11896.37,
4226.73,
205853.9,
118047.8,
6800.642,
101326.6,
66726.81,
63665.3,
10830.01,
108942.7,
309147.1,
401854.6,
0,
6475742,
2078, 
24872.56,
1333344,
474366.9,
394951.4,
2684.101,
602803.8,
419351,
1045166,
676163,
227203.1,
36512.28,
7352.121,
150460.3,
1382.276,
12212.24,
4295.996,
213015.7,
125188.6,
6454.06,
103501.7,
68870.52,
66119.96,
10790.86,
120812.3,
393870.3,
419415.2,
0,
6941160,
2079, 
23277.2,
1490182,
486197.3,
398564.4,
2858.918,
637700.5,
446821.4,
1100196,
704534.8,
238082.2,
35989.15,
7423.505,
156629.5,
1403.19,
12448.49,
4366.491,
220668.3,
132647.8,
6258.459,
106536.9,
71027.16,
68294.11,
10840.79,
133319.3,
487258.6,
438922.5,
0,
7422449,
2080, 
21534.89,
1660420,
494637.8,
397756.3,
3030.063,
669046.9,
471894.5,
1158794,
730336.1,
247538.1,
35686.61,
7488.632,
162669.5,
1421.774,
12579.2,
4441.774,
262567.2,
140143.8,
6229.922,
110517.3,
73161.68,
70099.82,
10976.85,
145313,
584850.1,
459689.5,
0,
7942826,
2081, 
19841.05,
1840385,
499395,
393975.2,
3192.933,
699167.3,
493390,
1220276,
758365.4,
255107.5,
35660.15,
7545.404,
168110.4,
1438.121,
12595.15,
4521.645,
322460.2,
148134,
6380.711,
115262.2,
75243.07,
71466.69,
11180.71,
156101.1,
691215.8,
482379.3,
0,
8492789,
2082, 
18365.78,
2027429,
500318,
388557.6,
3340.407,
728167.3,
509721.7,
1279193,
784809.9,
260152.9,
35866.62,
7587.477,
172314.7,
1454.786,
12480.11,
4614.096,
386812.7,
155970.7,
6706.281,
120524.4,
77098.2,
72328.95,
11420.23,
165401.7,
796370.6,
504346.1,
0,
9031354,
2083, 
17163.33,
2221666,
497875.8,
383190.5,
3469.282,
759574.5,
520645.6,
1334049,
809571.3,
262851,
36236.86,
7600.544,
175049.8,
1472.791,
12211.21,
4720.646,
512400,
163276.5,
7195.343,
125789.3,
78660.77,
72700.01,
11692.37,
174471.5,
868593.5,
522959.5,
0,
9585087,
2084, 
16238.39,
2410190,
493042.1,
379666.4,
3581.124,
797529.4,
526510.8,
1382621,
831694,
264056.8,
36695.07,
7573.183,
176392.6,
1492.289,
11831.25,
4841.876,
619966.8,
170001.6,
7863.518,
130689.2,
79997.74,
72680.23,
11956.65,
183528.6,
932704.9,
537094.1,
0,
1.009044e+007,
2085, 
15599.65,
2585826,
486989.9,
378934.9,
3676.273,
842744.3,
528617.3,
1425527,
850412.1,
264428.1,
37185.45,
7500.953,
176912.6,
1512.539,
11378.38,
4977.302,
692520.3,
176464.8,
8725.986,
135060.6,
81186.23,
72380.65,
12202.61,
191613.5,
989876.8,
547410.4,
0,
1.052967e+007,
2086, 
15219.01,
2747631,
481036.6,
381678.3,
3754.602,
892713.3,
528310.9,
1466807,
866259.3,
264347.6,
37640.51,
7385.042,
177226,
1532.554,
10909.89,
5120.056,
730914.1,
183085.8,
9819.751,
138774,
82266.29,
71828.94,
12431.88,
199300,
1037878,
554934.1,
0,
1.090881e+007,
2087, 
15006.54,
2894652,
476283.7,
387624,
3811.101,
941297.3,
525832.1,
1509000,
877541.1,
263829.4,
37998.33,
7383.644,
177420.5,
1552.243,
10434.45,
5267.121,
748615.7,
189678.8,
11161.51,
141691.3,
83234.68,
71101.38,
12645.17,
206394.2,
1071641,
560793.8,
0,
1.123189e+007,
2088, 
14962.56,
3023802,
474009.7,
396108.4,
3843.647,
977235,
521720.7,
1554196,
882830.6,
263125.4,
38260.47,
7405.271,
177653.1,
1571.016,
9981.821,
5411.319,
758068.3,
196712.8,
12691.2,
143765.4,
84100.27,
70176.76,
12823.57,
213126.2,
1095198,
567659.4,
0,
1.150644e+007,
2089, 
15142.56,
3132561,
475501.1,
406141.4,
3853.484,
1003669,
516366.2,
1605532,
882554.9,
262374.9,
38460.89,
7438.04,
178450.1,
1587.624,
9562.242,
5547.542,
765872.4,
204375.3,
14304.49,
145527.9,
84818,
69283.55,
12971.12,
219595,
1110083,
578341.2,
0,
1.174992e+007,
2090, 
15612.62,
3217819,
481553.8,
417176.3,
3842.822,
1019465,
510951.9,
1666714,
877559.3,
261817.4,
38677.82,
7484.862,
180527.4,
1600.793,
9181.176,
5669.041,
784364.6,
212584.1,
15879.13,
147783.1,
85410.5,
68405.28,
13086.63,
226576,
1115288,
594847.8,
0,
1.197988e+007,
2091, 
16480.66,
3278025,
492780.7,
429098.3,
3817.19,
1027336,
507313.5,
1743177,
868251.4,
261979.2,
38936,
7526.054,
184920.1,
1608.622,
8801.339,
5773.886,
815381.7,
221578.9,
17295.09,
150296.7,
85916.61,
67554.48,
13185.16,
234975.7,
1116181,
619333.4,
0,
1.221752e+007,
2092, 
17764.4,
3309472,
508950.3,
441465,
3782.63,
1031325,
498581,
1831015,
855767.1,
262843,
39281.82,
7567.882,
192443.4,
1612.787,
8445.071,
5864.513,
856192,
231249.6,
18573,
153861.1,
86330.53,
66686.02,
13285.65,
244457.9,
1114762,
651055.9,
0,
1.245263e+007,
2093, 
19441.44,
3317070,
529225.6,
453510,
3745.75,
1039022,
500421.4,
1926782,
842671.1,
264352,
39787.64,
7615.533,
203799.2,
1612.836,
8132.986,
5940.908,
904678.7,
241684.1,
20097.67,
159516,
86745.16,
65651.93,
13377.68,
254737.4,
1113047,
689587.2,
0,
1.271225e+007,
2094, 
21407.27,
3304383,
551764.6,
464525.4,
3710.243,
1048105,
520763.6,
2027255,
803724.4,
266347.8,
40467.09,
7663.975,
218940.1,
1609.47,
7872.43,
5997.192,
960021.9,
252965.6,
22110.47,
168013.1,
87272.16,
64805.95,
13459.69,
265235.9,
1113509,
733321.3,
0,
1.297525e+007,
2095, 
23590.53,
3278818,
573803.3,
473300.4,
3678.518,
1062771,
550317.3,
2127521,
786384.4,
268758.1,
41322.46,
7705.893,
236451.1,
1603.15,
7659.828,
6039.264,
1019252,
265329.6,
24868.94,
179541.8,
87946.44,
63721.21,
13534.62,
275286.3,
1119939,
778558.1,
0,
1.32777e+007,
2096, 
25948.63,
3251476,
591856.6,
478979.2,
3652.478,
1091298,
580729.9,
2224376,
809337.4,
271717,
42433.23,
7745.488,
254204.1,
1594.126,
7506.742,
6067.974,
1085175,
278721.3,
27987.08,
194838,
88847.81,
61927.84,
13625.52,
285419.2,
1133922,
822697.3,
0,
1.364208e+007,
2097, 
27977.17,
3227036,
603624.2,
480500.1,
3632.296,
1132374,
615921.5,
2308111,
872907.1,
274990.9,
43787.38,
7775.111,
269350.3,
1583.99,
7397.834,
6085.549,
1156574,
292804.8,
31467.27,
213975.3,
90079.43,
59784.39,
13698.18,
296541.7,
1154800,
860773.6,
0,
1.405355e+007,
2098, 
29614.85,
3207122,
607873.9,
478496.7,
3616.367,
1181131,
652286.6,
2375321,
972832.8,
278530.2,
45354.84,
7792.125,
279686.7,
1573.015,
7321.076,
6097.796,
1232219,
341822.3,
35212.04,
236348.9,
91668.26,
57471.77,
13755.92,
308510.8,
1183495,
890223.7,
0,
1.452538e+007,
2099, 
30605.39,
3166540,
602747.6,
471374,
3566.147,
1220750,
679530.5,
2404991,
1041837,
281354.4,
46939.96,
7802.542,
282106.2,
1561.174,
7217.707,
6107.037,
1295675,
385173.3,
39124.79,
255729.2,
92786.96,
54710.13,
13835.87,
318508.4,
1201435,
903250.9,
0,
1.481526e+007,
2100, 
30880.15,
3103983,
590307.3,
460327,
3469.17,
1244402,
693277.8,
2398748,
1092540,
282366.1,
48721.9,
7806.206,
277185.8,
1548.988,
7068.306,
6115.791,
1340120,
410044.1,
43174.4,
271813,
93181.81,
51510.12,
13922.56,
326403.8,
1198218,
901148.8,
0,
1.489828e+007];
