real main.em.ep.isp.StorCapTot[28](t) = [1971, 
531.8658,
2496.423,
26.8626,
12.2118,
41.66423,
61.10035,
41.49934,
30.93101,
5.122298,
250.2045,
3091.814,
459.5641,
30.66535,
368.1397,
93.1005,
1223.74,
98.00368,
105.8756,
35.63939,
150.1425,
21.80066,
1.183937,
567.3561,
110.163,
9.34017,
16.79339,
0,
9881.207,
1972, 
597.7474,
2663.984,
31.61001,
13.87684,
49.23875,
65.41075,
45.3775,
33.2269,
5.636892,
265.5788,
3227.264,
509.2461,
34.99513,
378.9261,
96.91047,
1285.753,
118.0681,
107.4657,
37.13782,
166.998,
24.80933,
1.275977,
620.0331,
112.5223,
8.590675,
26.55158,
0,
10528.24,
1973, 
617.5112,
2802.739,
36.75318,
14.57124,
57.94195,
68.65012,
50.7994,
36.66209,
5.328048,
268.7245,
3434.784,
542.6452,
39.62787,
404.4934,
103.8668,
1398.674,
135.8739,
107.6404,
43.38834,
190.2283,
29.48653,
1.37862,
668.8094,
126.0742,
10.03757,
30.90196,
0,
11227.59,
1974, 
638.407,
2825.6,
40.39318,
15.32965,
65.63666,
71.35395,
60.96878,
40.47465,
6.011498,
297.246,
3534.746,
601.7961,
44.78187,
426.8763,
111.2765,
1492.919,
160.789,
119.1864,
45.9082,
183.6937,
32.22023,
2.036172,
654.0195,
136.6754,
11.43905,
44.14138,
0,
11663.93,
1975, 
654.6621,
2967.523,
43.93393,
16.84048,
69.51522,
72.71032,
65.6842,
45.53489,
7.735999,
323.9382,
3425.328,
615.0159,
52.11457,
442.4788,
117.3853,
1568.175,
177.0366,
146.0467,
47.90066,
203.706,
34.10716,
2.173102,
683.0007,
137.5515,
12.77444,
41.22752,
0,
11974.1,
1976, 
705.6136,
3189.04,
46.46468,
18.66553,
79.90467,
73.94949,
75.2411,
50.12548,
8.212821,
319.3774,
3598.865,
635.653,
59.29224,
490.1228,
126.8151,
1688.253,
198.9465,
163.496,
54.816,
198.2883,
40.29955,
2.278699,
711.0778,
140.6945,
14.07725,
40.28321,
0,
12729.85,
1977, 
734.3586,
3264.566,
51.32417,
20.64974,
86.77309,
80.32724,
87.39552,
50.27152,
8.537668,
296.8753,
3656.727,
653.2471,
63.70271,
504.8661,
133.2459,
1764.814,
222.3208,
172.7328,
64.85915,
217.4283,
42.50472,
2.525204,
747.2042,
145.3153,
14.39118,
47.81753,
0,
13134.78,
1978, 
805.4753,
3484.397,
55.18567,
22.64318,
95.11638,
85.90633,
93.14155,
46.45199,
10.78118,
326.7885,
3795.93,
696.2654,
63.57105,
521.0248,
139.6638,
1854.196,
245.0899,
197.7128,
74.69143,
259.9124,
46.08297,
3.437179,
799.5464,
150.2616,
16.20276,
47.47504,
0,
13936.95,
1979, 
841.5947,
3444.503,
62.51573,
23.75944,
108.2433,
95.41092,
104.6416,
57.85308,
11.17402,
366.1957,
3949.215,
709.259,
68.51754,
519.8026,
138.5045,
1881.643,
274.462,
188.4615,
83.4346,
302.0295,
51.27394,
4.14404,
853.8311,
155.3066,
17.5983,
55.8591,
0,
14369.23,
1980, 
849.1677,
3371.794,
69.50925,
23.98267,
127.0129,
102.9672,
126.408,
65.6826,
11.79866,
401.9436,
4067.287,
696.1802,
65.58192,
531.921,
142.8145,
1981.202,
288.666,
197.8177,
82.27242,
349.4625,
53.5272,
4.443488,
900.3669,
161.7747,
17.79169,
51.0465,
0,
14742.42,
1981, 
911.871,
3430.014,
76.16397,
24.6774,
126.8727,
108.6501,
133.2881,
71.28117,
12.90634,
428.4351,
4148.636,
730.4842,
74.47655,
552.5941,
149.3795,
2102.214,
333.9512,
224.0718,
91.42541,
348.2668,
58.56928,
5.892097,
948.5873,
177.6434,
19.60859,
46.80112,
0,
15336.76,
1982, 
875.7596,
3338.653,
75.48672,
25.75677,
135.5728,
107.6675,
140.9895,
67.50771,
13.86349,
453.588,
4191.328,
744.6267,
80.27335,
586.3181,
160.1427,
2348.548,
357.4407,
231.6379,
102.7549,
353.146,
67.59793,
7.12151,
909.5876,
187.5974,
22.27241,
44.83053,
0,
15630.07,
1983, 
925.2192,
3635.175,
71.30777,
27.96828,
134.7855,
112.6763,
152.6069,
62.72494,
14.75653,
458.287,
4265.13,
790.9202,
82.86906,
605.9119,
169.3889,
2397.729,
378.832,
257.4332,
119.2572,
380.4456,
72.33866,
9.074797,
928.3054,
187.8413,
25.82873,
47.64428,
0,
16314.46,
1984, 
1010.565,
3800.928,
78.79697,
29.33929,
156.155,
120.7636,
168.395,
70.79934,
14.66375,
505.8421,
4473.629,
845.7802,
92.93989,
620.523,
177.1505,
2456.437,
427.7141,
279.5006,
132.3171,
399.3235,
76.1421,
11.68627,
969.8083,
200.5222,
29.02914,
47.82532,
0,
17196.58,
1985, 
1075.8,
3908.935,
82.38185,
31.68026,
176.3593,
125.326,
205.4526,
76.55977,
14.98778,
508.4484,
4625.059,
898.6685,
111.4172,
622.5623,
174.4082,
2592.694,
461.204,
312.562,
143.2275,
464.7829,
76.67595,
14.11484,
1036.217,
215.7874,
31.58656,
53.84305,
0,
18040.74,
1986, 
1049.83,
3924.034,
86.73095,
33.17783,
188.7512,
151.563,
196.3522,
79.93314,
16.11556,
513.6116,
4725.262,
947.2867,
138.5516,
638.9973,
174.7427,
2527.765,
473.9555,
327.8168,
162.3365,
530.7116,
81.2983,
16.64083,
1056.762,
235.5804,
36.07094,
54.52491,
0,
18368.4,
1987, 
1112.702,
3958.21,
93.34303,
34.3833,
185.3103,
165.6033,
198.1259,
79.63274,
18.37494,
514.5877,
4789.306,
953.7988,
153.3394,
671.2949,
173.1225,
2644.369,
508.9332,
353.3447,
192.5993,
593.1911,
90.79087,
19.26133,
1102.833,
236.6374,
39.32622,
56.60952,
0,
18939.03,
1988, 
1114.714,
4137.739,
98.73978,
35.06624,
185.4367,
175.78,
214.5979,
80.82505,
19.46585,
527.6442,
5054.181,
958.8625,
164.0719,
704.8152,
174.0527,
2722.765,
565.408,
411.9231,
216.3254,
663.8969,
106.5683,
22.30961,
1196.864,
250.0425,
44.9605,
64.50117,
0,
19911.55,
1989, 
1069.728,
4598.347,
107.5161,
34.45203,
190.647,
170.8672,
227.5576,
91.70797,
20.76458,
569.314,
5219.618,
961.9409,
160.3361,
708.445,
167.9182,
3188.045,
596.8556,
449.0596,
237.855,
703.5367,
119.5477,
30.03581,
1265.781,
269.1071,
46.98589,
62.51998,
0,
21268.49,
1990, 
1017.279,
4813.065,
114.2971,
35.55572,
173.6613,
179.3998,
245.9702,
95.38667,
21.82275,
566.2851,
5282.5,
886.2771,
186.8972,
674.2222,
144.2172,
2914.242,
628.9793,
483.6485,
241.4009,
721.9741,
138.1415,
27.379,
1309.893,
278.9038,
53.7803,
57.70542,
0,
21292.88,
1991, 
1066.366,
4752.994,
114.5237,
36.15811,
193.7678,
198.3154,
276.3661,
98.69827,
21.97855,
584.0491,
5336.361,
823.6479,
185.8894,
688.5415,
175.1857,
2589.366,
662.0992,
520.0591,
269.6703,
783.0039,
151.7004,
33.70546,
1386.447,
269.6612,
60.87453,
65.46171,
0,
21344.89,
1992, 
1114.213,
4968.443,
118.4597,
39.39844,
199.2888,
225.7931,
275.8188,
96.45131,
22.34686,
572.0494,
5416.81,
832.9235,
221.2617,
691.3956,
197.6603,
2145.936,
762.0505,
572.4621,
294.9209,
936.6515,
161.045,
40.60426,
1423.602,
280.1169,
65.20058,
62.24552,
0,
21737.15,
1993, 
1178.044,
5067.339,
136.223,
41.66846,
221.7065,
251.5532,
290.4788,
100.424,
23.81082,
620.2254,
5376.426,
824.9517,
245.3378,
615.1951,
195.9971,
1999.813,
833.1039,
630.7198,
329.5006,
1084.988,
183.0588,
48.09362,
1472.975,
300.5157,
67.59617,
58.18245,
0,
22197.93,
1994, 
1288.055,
5243.641,
147.8431,
42.5937,
239.7498,
261.4873,
319.051,
99.26453,
22.95256,
618.1437,
5639.009,
896.8651,
248.4177,
522.2809,
165.9286,
1907.851,
924.3981,
707.561,
358.1753,
1158.087,
212.7705,
59.11591,
1536.236,
322.2609,
71.80889,
73.54636,
0,
23087.09,
1995, 
1322.12,
5478.561,
136.3914,
45.36487,
259.108,
279.8842,
319.4713,
105.6171,
25.32869,
620.7596,
5840.79,
970.9789,
275.9547,
438.3245,
147.6288,
1765.651,
974.8842,
846.3705,
412.1631,
1178.719,
234.6444,
73.10652,
1612.87,
335.5573,
75.89695,
80.68992,
0,
23856.84,
1996, 
1344.05,
5637.108,
150.637,
47.76479,
265.3282,
300.7334,
345.522,
114.218,
29.72922,
616.6032,
5924.583,
1007.972,
303.974,
412.7576,
139.9185,
1848.328,
1079.791,
836.3283,
454.755,
1236.269,
257.4909,
94.50218,
1679.327,
345.3979,
82.23807,
84.03387,
0,
24639.36,
1997, 
1386.838,
5732.442,
163.7102,
50.73904,
276.5431,
331.4116,
352.9209,
117.5692,
31.88949,
602.7427,
6152.616,
1090.555,
332.8947,
424.7209,
138.4261,
1924.286,
1173.324,
851.4422,
487.0822,
1368.761,
279.3562,
104.7159,
1731.257,
357.112,
85.98029,
90.09136,
0,
25639.43,
1998, 
1407.114,
5955.491,
172.9304,
53.95151,
276.7044,
343.8302,
370.5024,
115.5712,
33.0145,
573.3693,
6384.977,
1150.445,
354.4646,
425.757,
117.3275,
1927.516,
1286.394,
895.5569,
461.7024,
1313.989,
256.7711,
105.3767,
1700.957,
376.1791,
91.917,
112.4215,
0,
26264.23,
1999, 
1485.693,
6156.726,
187.7704,
56.54335,
276.4583,
342.2123,
390.7625,
124.433,
33.21733,
569.235,
6575.953,
1176.284,
370.8595,
439.5479,
124.0899,
2016.204,
1350.9,
963.0564,
478.6363,
1523.73,
287.9056,
97.23907,
1697.182,
394.0721,
95.17133,
120.9695,
0,
27334.85,
2000, 
1574.723,
6206.082,
200.0031,
59.09098,
298.2356,
378.9734,
432.0513,
135.2434,
35.30767,
597.1011,
6821.808,
1247.776,
371.5039,
472.7642,
127.0873,
2168.114,
1472.406,
1040.817,
548.4431,
1711.109,
330.6225,
111.7534,
1779.905,
401.9555,
104.1544,
129.7176,
0,
28756.75,
2001, 
1556.666,
6008.163,
197.8121,
62.45869,
313.6352,
379.9337,
457.6354,
135.8066,
37.049,
631.7281,
6666.265,
1283.864,
387.3414,
496.5628,
153.2911,
2227.677,
1572.851,
1072.301,
573.8411,
1904.009,
353.0634,
120.9813,
1804.482,
412.4404,
108.581,
141.6827,
0,
29060.12,
2002, 
1584.407,
6026.374,
202.5957,
62.5667,
330.5441,
384.3163,
494.6993,
154.0905,
39.96412,
675.7294,
6439.805,
1292.06,
411.2439,
501.7245,
155.7048,
2204.646,
1669.242,
1132.322,
598.8245,
2107.791,
372.5056,
127.557,
1849.733,
431.4909,
114.3342,
150.9365,
0,
29515.21,
2003, 
1540.67,
6059.755,
211.8077,
71.83424,
350.4644,
399.8398,
537.1495,
146.7446,
43.33509,
719.4263,
6306.078,
1343.994,
450.8069,
521.9071,
166.8112,
2247.873,
1775.461,
1213.141,
627.3884,
2436.403,
400.1791,
132.853,
1854.017,
418.5605,
121.9727,
151.0324,
0,
30249.5,
2004, 
1563.513,
6141.186,
219.3967,
70.99577,
369.6625,
417.8962,
569.8516,
162.6613,
46.7684,
732.4975,
6170.729,
1392.083,
492.6433,
553.9838,
171.657,
2274.644,
1873.264,
1304.972,
666.4697,
2798.644,
426.6306,
146.682,
1926.715,
424.0352,
134.6954,
158.8233,
0,
31211.1,
2005, 
1671.666,
6284.243,
229.1283,
73.93725,
386.9448,
433.8104,
627.8704,
175.7708,
51.8572,
747.1161,
5989.371,
1409.233,
531.3019,
575.4515,
193.4035,
2303.934,
1966.167,
1395.399,
705.3037,
3218.272,
455.5181,
157.5174,
1981.125,
417.4316,
147.0739,
167.2635,
0,
32296.11,
2006, 
1562.179,
6275.024,
234.6741,
78.79667,
401.9051,
456.8592,
661.799,
184.0952,
56.88332,
771.9191,
5716.619,
1432.53,
582.3542,
603.8111,
201.404,
2432.506,
2132.451,
1556.36,
733.0572,
3740.15,
484.7767,
165.4314,
2017.225,
424.5103,
161.2515,
176.0965,
0,
33244.67,
2007, 
1638.712,
6304.399,
242.5933,
81.57497,
426.5826,
469.1858,
706.2875,
200.764,
61.20204,
808.6676,
5418.699,
1414.303,
627.129,
618.6753,
207.6469,
2501.653,
2258.813,
1689.776,
773.0572,
4399.5,
517.5394,
177.465,
2086.538,
427.0174,
168.8431,
177.9103,
0,
34404.54,
2008, 
1623.834,
6035.581,
246.5408,
80.76891,
447.0504,
489.3012,
756.9399,
201.6874,
66.39401,
783.4426,
5261.521,
1430.768,
653.1713,
620.1883,
181.762,
2608.877,
2422.82,
1788.742,
814.9957,
4879.965,
537.8284,
188.1502,
2016.287,
424.7894,
167.1972,
182.3697,
0,
34910.97,
2009, 
1443.934,
5545.762,
246.4523,
82.53543,
447.816,
496.0846,
786.2972,
205.9638,
76.09536,
757.1069,
4550.998,
1339.84,
633.2964,
554.7184,
181.0206,
2471.802,
2588.135,
1933.13,
838.4344,
5766.407,
568.0214,
196.8566,
1998.971,
423.9977,
181.0908,
183.1721,
0,
34497.94,
2010, 
1412.621,
5733.899,
254.5667,
85.52164,
487.5427,
513.8795,
857.9672,
223.7946,
92.24284,
789.8239,
5028.477,
1405.972,
689.2,
613.9012,
192.5706,
2588.098,
2851.222,
2109.4,
933.2836,
7179.307,
628.6844,
214.9576,
2196.381,
445.9031,
196.3783,
198.8296,
0,
37924.43,
2011, 
1371.756,
5675.511,
274.3132,
88.72249,
512.3164,
528.1584,
911.8718,
240.9235,
105.5516,
797.87,
5508.845,
1383.077,
738.9829,
635.8946,
205.0948,
2585.041,
2942.31,
2354.709,
974.9633,
8622.198,
643.629,
231.6083,
2171.02,
504.0244,
202.0984,
206.3458,
0,
40416.84,
2012, 
1269.406,
5329.708,
281.2624,
94.51781,
534.7034,
540.648,
974.2635,
257.7312,
121.1938,
765.4164,
6659.457,
1311.474,
769.0369,
630.1734,
211.4967,
2613.561,
3085.826,
2571.335,
1012.395,
9771.374,
725.0318,
252.7949,
2260.923,
560.075,
217.103,
214.6977,
0,
43035.61,
2013, 
1196.184,
5837.032,
283.7411,
98.50963,
554.8328,
561.0748,
989.0386,
276.8025,
135.9156,
792.4728,
7385.708,
1266.193,
788.1649,
637.3716,
215.229,
2624.303,
3220.246,
2781.664,
1066.751,
11452.62,
792.4171,
271.8918,
2800.657,
613.3842,
232.9694,
229.4593,
0,
47104.63,
2014, 
1109.359,
6279.073,
289.8029,
102.171,
564.9067,
571.5295,
1004.768,
291.9657,
149.3273,
942.2081,
7955.845,
1272.445,
808.1583,
608.9515,
218.9412,
2617.768,
3337.14,
3024.837,
1159.113,
13384.74,
865.5043,
291.3789,
3504.234,
674.9902,
250.6909,
242.3368,
0,
51522.18,
2015, 
1113.986,
6367.197,
295.8078,
106.8695,
584.6746,
592.746,
1032.569,
308.9081,
154.0871,
967.3064,
8003.246,
1281.759,
836.7607,
618.1551,
224.2197,
2668.583,
3437.985,
3151.07,
1175.459,
13770.26,
899.7103,
312.3291,
3509.5,
685.574,
259.4541,
252.7108,
0,
52610.93,
2016, 
1106.025,
6435.455,
298.1986,
110.2927,
602.687,
604.1702,
1063.589,
324.5235,
161.2214,
987.9681,
8055.277,
1280.668,
854.1144,
621.0137,
227.9922,
2681.899,
3494.238,
3260.12,
1182.094,
14009.76,
930.1609,
332.7413,
3513.771,
692.8985,
267.2502,
263.4822,
0,
53361.61,
2017, 
1102.714,
6563.567,
301.2776,
114.5528,
623.6979,
617.261,
1092.979,
347.6691,
168.2594,
1022.76,
8109.727,
1283.155,
875.3275,
617.7616,
246.1769,
2690.255,
3555.587,
3390.813,
1188.845,
14259.34,
964.3632,
366.3035,
3522.035,
705.2452,
275.8523,
275.919,
0,
54281.45,
2018, 
1099.796,
6818.502,
304.259,
119.6851,
644.6479,
628.3795,
1121.276,
373.6101,
176.9848,
1075.058,
8163.009,
1282.615,
908.9343,
604.947,
267.4831,
2688.285,
3609.846,
3535.097,
1193.725,
14477.42,
998.2123,
421.3354,
3530.204,
724.4307,
288.0033,
289.194,
0,
55344.94,
2019, 
1095.359,
7217.128,
307.1501,
125.4494,
666.7839,
638.978,
1149.36,
410.1162,
186.0658,
1142.629,
8213.876,
1279.095,
966.6724,
584.0602,
300.1519,
2673.94,
3659.836,
3691.001,
1197.478,
14653.68,
1032.172,
509.3753,
3537.53,
750.9073,
305.929,
303.4154,
0,
56598.13,
2020, 
1091.37,
7775.035,
310.468,
132.1781,
692.0202,
650.7206,
1181.555,
457.8502,
194.595,
1234.356,
8259.467,
1276.934,
1034.448,
559.9609,
336.3993,
2660.86,
3710.029,
3869.686,
1202.123,
14944.1,
1103.978,
644.014,
3545.338,
786.4045,
329.7176,
320.2122,
0,
58303.82,
2021, 
1074.765,
8339.416,
311.907,
139.3263,
706.6835,
661.0864,
1225.568,
518.8055,
203.9633,
1338.512,
8218.718,
1269.205,
1097.949,
533.9835,
375.6378,
2631.154,
3740.681,
4036.722,
1198.037,
15321.84,
1233.385,
835.4931,
3531.579,
824.4378,
357.8981,
333.9279,
0,
60060.68,
2022, 
1072.142,
9318.691,
313.9559,
146.0694,
720.8773,
671.8945,
1298.677,
590.4727,
213.4265,
1451.551,
8176.134,
1261.47,
1177.572,
514.628,
407.6819,
2606.314,
3772.258,
4224.348,
1193.716,
15732.26,
1437.46,
1084.846,
3515.815,
869.0019,
394.289,
351.9166,
0,
62517.46,
2023, 
1069.22,
9974.245,
316.2911,
153.1225,
735.0313,
682.8195,
1397.62,
680.5386,
224.4519,
1565.134,
8121.443,
1251.037,
1253.909,
503.5733,
441.2749,
2587.579,
3801.097,
4429.765,
1189.332,
16342.74,
1688.515,
1372.254,
3498.222,
907.2195,
436.2558,
370.4621,
0,
64993.16,
2024, 
1067.357,
10348.07,
319.1577,
160.7566,
751.2427,
694.3295,
1518.922,
777.2194,
234.7976,
1683.347,
8051.346,
1240.544,
1320.94,
499.273,
467.2225,
2579.119,
3833.732,
4652.271,
1185.621,
17134.8,
1991.777,
1691.286,
3480.211,
941.4763,
484.7757,
390.8847,
0,
67500.48,
2025, 
1065.872,
10523.38,
322.1977,
170.0535,
769.0827,
706.845,
1653.162,
887.1586,
248.9379,
1804.298,
7965.445,
1230.348,
1391.814,
497.9307,
493.6653,
2579.642,
3863.377,
4885.357,
1181.374,
17818.65,
2319.248,
2024.38,
3457.186,
973.9263,
543.0562,
413.0809,
0,
69789.47,
2026, 
1071.088,
10599.66,
325.9525,
181.9273,
785.6011,
722.7831,
1784.065,
1006.114,
264.7513,
1930.612,
7866.694,
1221.813,
1468.887,
496.6472,
519.0612,
2583.019,
3904.737,
5119.798,
1174.476,
18569.96,
2651.785,
2351.329,
3433.528,
1008.21,
615.2662,
438.4283,
0,
72096.2,
2027, 
1079.318,
10684.1,
329.4132,
195.521,
803.2296,
741.1327,
1908.97,
1137.197,
287.406,
2065.342,
7743.722,
1213.936,
1543.44,
495.7387,
544.0623,
2598.038,
3951.476,
5375.446,
1166.191,
19298.01,
2996.758,
2687.449,
3408.845,
1046.478,
700.2114,
465.1836,
0,
74466.62,
2028, 
1092.525,
10936.66,
333.2406,
211.0736,
822.1554,
762.5208,
2032.459,
1283.127,
312.7675,
2207.573,
7583.774,
1208.549,
1625.691,
493.3904,
565.4711,
2589.798,
4005.47,
5670.515,
1155.453,
19803.06,
3369.864,
3083.565,
3382.817,
1096.199,
798.1115,
497.1085,
0,
76922.94,
2029, 
1111.623,
11381.01,
337.9683,
229.7365,
842.4963,
790.0866,
2167.981,
1446.257,
344.3101,
2369.896,
7376.812,
1203.63,
1719.456,
490.6089,
586.2044,
2567.641,
4067.351,
6034.863,
1144.061,
20181.37,
3752.075,
3492.657,
3354.272,
1153.163,
909.6053,
534.4871,
0,
79589.63,
2030, 
1133.993,
12108.22,
344.4348,
252.6107,
863.998,
823.6399,
2331.143,
1631.916,
376.7561,
2558.371,
7095.204,
1194.34,
1856.208,
488.1751,
604.3396,
2533.881,
4139.604,
6480.828,
1131.663,
20559.55,
4152.46,
3932.375,
3320.08,
1210.188,
1036.171,
579.5273,
0,
82739.68,
2031, 
1172.005,
13106.88,
356.4457,
294.2047,
885.2753,
866.1125,
2543.455,
1852.851,
417.4454,
2778.264,
6872.489,
1193.37,
2079.928,
487.6576,
620.2923,
2517.221,
4231.822,
7044.771,
1118.756,
21246.67,
4559.161,
4424.405,
3282.721,
1261.296,
1182.471,
635.897,
0,
87031.88,
2032, 
1198.625,
14194.86,
370.344,
361.4138,
905.6879,
909.5135,
2797.252,
2101.554,
458.0169,
3038.481,
6635.746,
1193.874,
2403.729,
485.3752,
631.2395,
2504.902,
4327.559,
7720.453,
1104.771,
22571.47,
4966.505,
4965.581,
3230.724,
1312.659,
1344.509,
700.705,
0,
92435.55,
2033, 
1226.701,
15300.35,
386.7366,
448.3381,
924.6479,
955.0366,
3112.882,
2399.717,
510.3352,
3358.507,
6707.59,
1193.135,
2844.877,
480.5578,
646.6046,
2508.875,
4429.007,
8543.158,
1087.608,
24923.83,
5371.574,
5576.123,
3209.063,
1383.652,
1537.697,
778.1006,
0,
99844.7,
2034, 
1257.211,
16409.16,
406.3189,
557.2874,
941.0684,
999.9075,
3478.184,
2740.412,
569.5131,
3734.677,
6924.458,
1169.836,
3386.451,
470.4023,
659.5156,
2515.341,
4530.16,
9495.347,
1063.759,
28326.35,
5794.917,
6246.267,
3223.386,
1486.814,
1755.655,
867.7975,
0,
109010.2,
2035, 
1265.432,
17521.46,
429.2242,
673.6606,
955.3468,
1045.821,
3875.782,
3128.859,
636.0853,
4035.542,
7389.536,
1133.019,
3962.546,
457.5987,
673.6728,
2527.861,
4633.961,
10598.37,
1040.163,
32759.01,
6228.369,
6943.002,
3379.674,
1636.74,
1992.182,
967.2273,
0,
119890.1,
2036, 
1265.862,
18675.82,
453.8716,
798.741,
966.6431,
1091.577,
4289.236,
3563.518,
713.9651,
4289.848,
8067.307,
1148.046,
4341.955,
444.4594,
685.9635,
2536.261,
4719.219,
11787.61,
1026.01,
37887.84,
6663.376,
7605.232,
3385.721,
1862.989,
2241.81,
1081.188,
0,
131594.1,
2037, 
1248.899,
20010.94,
481.5634,
939.6337,
977.118,
1141.578,
4735.504,
3991.76,
798.4177,
4573.66,
8384.467,
1152.066,
4574.921,
434.2873,
697.8091,
2539.913,
4810.65,
13007.91,
1124.609,
43462.88,
7110.57,
8201.973,
3428.674,
2168.424,
2509.11,
1206.831,
0,
143714.2,
2038, 
1210.676,
21924.46,
511.2137,
1158.289,
987.2092,
1193.018,
5215.736,
4358.731,
890.4592,
4872.949,
8738.826,
1123.327,
4762.038,
429.2503,
703.8922,
2541.672,
4903.85,
14103.4,
1146.62,
49050.9,
7562.418,
8704.671,
3355.358,
2559.285,
2758.063,
1345.034,
0,
156111.3,
2039, 
1109.462,
24724.48,
542.5917,
1435.956,
997.533,
1254.141,
5562.329,
4764.309,
984.2008,
5176.334,
9045.328,
1099.068,
4912.324,
430.6911,
707.8314,
2547.816,
5012.245,
15197.36,
1197.55,
53852.08,
8029.445,
9122.65,
3307.575,
3049.481,
3025.503,
1498.548,
0,
168586.8,
2040, 
1097.569,
28280.41,
575.5362,
1692.708,
1009.155,
1334.678,
5928.484,
5197.22,
1073.214,
5470.28,
9513.565,
1067.981,
5042.196,
435.925,
707.0283,
2556.2,
5141.006,
16299.13,
1275.77,
57808.97,
8519.244,
9478.822,
3318.164,
3660.834,
3323.354,
1676.123,
0,
181483.6,
2041, 
1013.936,
32888.15,
625.6481,
1942.84,
1017.078,
1424.852,
6343.851,
5655.935,
1149.992,
5667.573,
10190.39,
1026.818,
5152.767,
438.1211,
701.1988,
2543.488,
5230.251,
17391.96,
1366.898,
60891.66,
9025.803,
9820.747,
3343.726,
4458.099,
3653.37,
1883.158,
0,
194848.3,
2042, 
888.7621,
38489.59,
773.6688,
2177.331,
1026.524,
1535.222,
6829.939,
6135.446,
1227.634,
5858.023,
11089.58,
977.548,
5261.511,
440.6228,
696.3302,
2533.381,
5350.448,
18554.72,
1470.812,
63403.3,
9567.889,
10134.14,
3388.615,
5511.216,
4017.539,
2125.027,
0,
209464.8,
2043, 
753.7186,
45497.36,
953.222,
2375.694,
1040.433,
1668.859,
7345.227,
6650.434,
1295.081,
6061.075,
12262.05,
933.8499,
5362.833,
449.3794,
691.8414,
2536.411,
5500.103,
19785.79,
1581.865,
65501.61,
10141.26,
10373.43,
3459.505,
6572.206,
4406.924,
2410.498,
0,
225610.7,
2044, 
881.7913,
54224.79,
1156.784,
2609.927,
1055.797,
1820.753,
7789.819,
7199.886,
1362.764,
6262.865,
14839.54,
974.5638,
5448.366,
460.0273,
696.67,
2546.621,
5661.042,
21034.96,
1694.399,
67278.08,
10722.53,
10527.78,
3592.035,
7564.438,
4808.708,
2734.378,
0,
244949.3,
2045, 
1015.237,
64954.53,
1384.393,
2874.466,
1072.494,
1994.543,
8227.997,
7808.458,
1451.192,
6469.16,
17791.26,
1073.13,
5522.635,
469.4352,
717.3809,
2557.117,
5835.748,
22283.82,
1832.696,
68808.7,
11298.34,
10616.01,
3768.142,
8533.708,
5228.979,
2996.637,
0,
266586.2,
2046, 
1151.125,
76685.11,
1634.966,
3176.961,
1086.313,
2359.063,
8610.476,
8391.271,
1557.493,
6670.707,
21902.57,
1169.073,
5580.585,
476.2699,
753.9913,
2551.822,
5989.429,
23476.27,
1995.98,
69995.44,
11833.5,
10662.38,
3941.487,
9335.399,
5664.458,
3252.283,
0,
289904.4,
2047, 
1295.465,
89754.96,
1926.42,
3509.031,
1099.537,
2841.005,
9236.725,
9026.886,
1686.593,
7047.714,
26878.97,
1254.426,
5639.768,
482.5399,
805.6083,
2544.369,
6143.632,
24627.87,
2181.751,
70961,
12313.46,
10664.07,
4123.402,
9980.893,
6119.501,
3530.392,
0,
315676,
2048, 
1453.962,
102248.2,
2593.665,
3879.826,
1112.591,
3380.637,
10823.53,
9721.716,
1842.685,
8040.824,
32428.37,
1334.097,
5712.508,
486.9952,
868.8275,
2539.705,
6289.542,
25744.42,
2398.689,
71889.26,
12722.67,
10650.72,
4312.5,
10487.86,
6594.956,
3836.256,
0,
343395,
2049, 
1626.42,
111427.7,
3285.883,
4274.023,
1125.561,
3960.656,
12070.46,
10466.4,
2021.381,
9085.395,
37918.18,
1405.697,
5803.641,
489.791,
933.4728,
2536.031,
6437.759,
26825.5,
2649.465,
72827.02,
13046.98,
10627.44,
4507.731,
10932.52,
7092.53,
4169.408,
0,
367547.1,
2050, 
1687.288,
118811.9,
3956.448,
4664.286,
1137.679,
4537.149,
12847.96,
11266.38,
2225.325,
10029,
42656.97,
1464.898,
5908.193,
493.6777,
981.7195,
2542.804,
6582.356,
27967.21,
3079.86,
73592.41,
13272.95,
10585.91,
4697.532,
11306.22,
7570.17,
4530.347,
0,
388396.7,
2051, 
1736.163,
122576.1,
4607.275,
5058.418,
1154.325,
5072.916,
13110.42,
13002.65,
2464.622,
10852.68,
46081.16,
1511.02,
6043.391,
505.3425,
1021.741,
2602.193,
6764.923,
29203.16,
3958.13,
74004.8,
13414.22,
10530.32,
4851.529,
11614.04,
8032.525,
4929.67,
0,
404703.7,
2052, 
1795.897,
123173,
5211.442,
5713.948,
1171.262,
5519.906,
13017.63,
15427.52,
2747.878,
11519.73,
48177.57,
1550.273,
6182.684,
521.7435,
1053.123,
2670.986,
6936.493,
30266.58,
4948.092,
74020.09,
13474.4,
10468.34,
4963.912,
11848.75,
8510.557,
5297.476,
0,
416189.3,
2053, 
1872.971,
123837.4,
5744.277,
6647.803,
1192.424,
5916.799,
12832.63,
17916.34,
3099.615,
12044.75,
49091.28,
1591.805,
6367.603,
542.8664,
1095.549,
2744.064,
7204.659,
31151.99,
5905.765,
73566.63,
13544.91,
10443.13,
5036.712,
12041.47,
9014.194,
5696.777,
0,
426144.4,
2054, 
1977.176,
124557.6,
6224.84,
7616.786,
1217.593,
6338.737,
12702.26,
20494.6,
3543.605,
12496.53,
49436.24,
1634.848,
6528.858,
565.9887,
1148.522,
2822.467,
7576.494,
31886.4,
6701.087,
72649.51,
13647.39,
10452.91,
5080.145,
12261.42,
9547.189,
6142.934,
0,
435252.2,
2055, 
2512.874,
125468.4,
6723.468,
8690.176,
1246.813,
6879.975,
12778.06,
23201.88,
4100.535,
12990.99,
49385.5,
1683.782,
6711.553,
587.9836,
1226.413,
2903.058,
8070.584,
32508.72,
7267.539,
71218.93,
13788.48,
10496.26,
5097.694,
12504.58,
10111.36,
6638.913,
0,
444794.5,
2056, 
3253.478,
126495.9,
7345.986,
9959.446,
1279.626,
7562.566,
13145.75,
26256.5,
4757.529,
13601.36,
48916.61,
1742.118,
6911.17,
608.5332,
1322.22,
2990.375,
8693.012,
33063.34,
7647.661,
69194.5,
13976.42,
10556.54,
5135.676,
12773.78,
10700.53,
7266.16,
0,
455156.8,
2057, 
4071.059,
127625,
8113.016,
11419.51,
1316.608,
8388.123,
13764.78,
29779.85,
5538.243,
15074.02,
48230.66,
1806.706,
7135.474,
627.6323,
1434.094,
3077.884,
9460.995,
33568.01,
7839.322,
66584.25,
14211.43,
10621.58,
5179.227,
13055.89,
11323.66,
9256.251,
0,
468503.3,
2058, 
4612.894,
128840.1,
9025.254,
13016.14,
1355.983,
9358.8,
14518.05,
35457.96,
6215.26,
17065.65,
47313.77,
1881.452,
7380.692,
640.5629,
1553.522,
3155.983,
10348.42,
34086,
7881.788,
63594.95,
14450.47,
10694.11,
5232.446,
13368.45,
11978.85,
11495.35,
0,
484522.9,
2059, 
5211.644,
130090,
11226.03,
15333.44,
1397.441,
10483.41,
15383.91,
44487.56,
6929.237,
19112.13,
46352.32,
1973.257,
7644.904,
648.935,
1684.885,
3208.724,
11370.62,
34636.75,
7838.907,
60312.12,
14700.46,
10779.87,
5291.422,
13671.84,
12670.51,
13830.19,
0,
506270.6,
2060, 
5978.027,
131378.8,
14186.27,
18060.88,
1441.182,
11778.5,
16344.15,
55091.44,
7793.752,
21077.68,
45373.29,
2084.82,
7926.628,
654.5294,
1826.594,
3226.09,
12564.42,
35207.2,
7764.817,
57224.57,
14967.04,
10888.68,
5354.382,
13991.14,
13402.59,
17085.73,
0,
532673.3,
2061, 
6918.347,
132548.2,
17461.42,
20931.6,
1485.602,
13288.07,
17418.83,
67245.32,
8831.257,
22970.69,
44329.09,
2219.686,
8216.013,
657.3472,
1979.455,
3202.061,
13963.23,
35800.85,
7684.302,
54444.81,
15245.04,
11024.91,
5406.963,
14233.23,
14170.62,
22392.07,
0,
564069.1,
2062, 
7896.466,
132873.7,
20840.47,
23756.18,
1532.319,
15002.2,
18571.22,
80670.65,
10194.81,
24611.63,
43218.29,
2379.719,
8815.041,
657.8419,
2117.631,
3132.097,
15595.44,
36384.04,
7592.105,
51858.51,
15553.73,
11192.31,
5459.355,
14456.01,
14983.37,
27734.62,
0,
597079.7,
2063, 
8792.506,
129753.3,
24277.58,
26469.76,
1580.88,
16902.33,
19824.54,
95268.84,
11951.55,
26068.44,
42065.82,
2586.713,
9655.023,
661.8474,
2264.158,
3022.663,
17499.79,
36957.07,
7494.839,
49584.71,
15894.19,
11381.65,
5512.608,
14650.54,
15846.72,
32956.32,
0,
628924.4,
2064, 
9533.522,
128161.8,
27866.47,
29024.53,
1630.782,
18973.88,
21228.87,
106030.1,
18057.29,
27531.13,
40867.87,
2817.06,
10556.84,
671.5482,
2419.206,
2892.251,
19718.32,
37755.86,
7416.893,
47914.28,
16260.48,
11617.53,
5557.83,
14827.45,
16768.6,
38530.42,
0,
664630.8,
2065, 
10083.12,
129650.3,
31679.8,
31389.41,
1681.388,
21191.87,
22837.69,
114603.5,
27761.82,
29099.75,
39587.44,
3060.766,
11507.86,
686.4595,
2577.702,
2757.313,
22304.51,
38648.49,
7340.421,
46861.57,
16661.2,
11909.46,
5605.177,
14976.53,
17751.02,
44668.85,
0,
706883.4,
2066, 
10440.26,
135308.2,
36077.5,
33598.59,
1730.376,
25643.79,
24752.16,
123341.9,
39147.49,
30849.42,
38023.43,
3268.081,
12509.56,
707.114,
2732.713,
2667.345,
25306.24,
39620.94,
7156.861,
45982.62,
17087.46,
12268.68,
5657.494,
15116.57,
18789.95,
49992.67,
0,
757777.4,
2067, 
10631.28,
145195.1,
41073.38,
35886.39,
1778.532,
31738.84,
26934.91,
132174.4,
49765.11,
32734.35,
36184.91,
3427.946,
14239.14,
732.2935,
2881.258,
2633.054,
28745.88,
40715.92,
6833.486,
45336.79,
17544.8,
12695.69,
5696.765,
15249.88,
21237.62,
53423.23,
0,
815491,
2068, 
10685.93,
150624.7,
46599.08,
38248.36,
1825.577,
37894.73,
30866.01,
140861.8,
57395.94,
34657.2,
34132.29,
3556.976,
17140.28,
761.3223,
3020.282,
2656.822,
32628.33,
41922.78,
6400.646,
45001.53,
18025.13,
13176.78,
5722.758,
15378.71,
23987.17,
56794.59,
0,
869965.7,
2069, 
10659.08,
154615.7,
52436.88,
40690.55,
1871.329,
43728.18,
35555.46,
149216.7,
62605.68,
36467.44,
31947.93,
3652.499,
20092.28,
793.3104,
3145.457,
2735.794,
36756.92,
43218.37,
5834.38,
44864.78,
18529.09,
13696.52,
5720.648,
15502.17,
26778.64,
60083.04,
0,
921198.8,
2070, 
10597.71,
158661,
58227.94,
43144.08,
1915.368,
49036.88,
40489.92,
157343.9,
67908.55,
38087.27,
29596.44,
3711.047,
22831.9,
827.1338,
3258.37,
2860.229,
39427.74,
44580.88,
5160.434,
44815.84,
19041.81,
14246.58,
5684.401,
15623.23,
29613.98,
63227.02,
0,
969919.7,
2071, 
10525.81,
162508.9,
63769.25,
45606.72,
1957.074,
53830.21,
45913.9,
165056,
75855.91,
38928.03,
27444.75,
3775.926,
25256.69,
859.113,
3361.919,
2962.803,
42213.07,
46083.93,
4575.526,
44976.84,
19552.97,
14823.06,
5624.522,
15741.4,
32670.84,
66186.02,
0,
1020061,
2072, 
10441.65,
166011.3,
65311.3,
48021.52,
1996.993,
58060.05,
51741.5,
172595.5,
86239.55,
39609.75,
25547.46,
3854.049,
27209.73,
889.9094,
3462.75,
3046,
45181.82,
47795.28,
4153.411,
45232.48,
20071.71,
15427.02,
5552.527,
15914.12,
36003.52,
69090.21,
0,
1068461,
2073, 
10355.3,
169409.1,
66862.43,
50420.98,
2035.62,
64044.88,
58121.16,
180050.9,
90464.33,
40296.92,
23818.41,
3922.754,
28644.68,
918.8627,
3561.735,
3118.98,
48376.09,
49606.18,
3780.781,
45453.63,
20596.48,
16056.99,
5474.832,
16181.15,
39767.33,
71987.45,
0,
1113328,
2074, 
10253.41,
173166.2,
68494.16,
52779.57,
2072.523,
70746.8,
65074.41,
187726.6,
94935.3,
41050.82,
22694.95,
3978.939,
29614.24,
945.6544,
3660.2,
3183.817,
51867.54,
51526.67,
3463.776,
45634.8,
21124.97,
16705.73,
5397.763,
16563.91,
44204.14,
74914,
0,
1161781,
2075, 
10114.02,
176913.1,
70184.08,
55041.92,
2109.826,
77875.33,
72574.95,
195772.8,
99688.4,
41900.57,
22159.79,
4029.79,
30429.38,
970.351,
3757.535,
3241.667,
55723.28,
53574.52,
3205.895,
45814.82,
21660.31,
17355.81,
5329.63,
17954.39,
49511.01,
77943.72,
0,
1214837,
2076, 
9929.802,
193725.5,
71859.59,
57106.55,
2145.865,
85450.66,
78924.91,
204257.9,
104303.3,
42830.87,
21727.46,
4075.264,
31286.39,
991.8618,
3850.706,
3298.147,
58693.87,
55800.74,
2999.329,
46095.8,
22199.33,
17997.8,
5269.208,
19684.12,
55923.4,
81061.04,
0,
1281489,
2077, 
9690.282,
215677.1,
73500.71,
58787.98,
2184.32,
93107.56,
82146.86,
213554.3,
108991.1,
43836.98,
21396.17,
4116.771,
32181.07,
1010.975,
3932.319,
3355.588,
60621.76,
58195.21,
2827.339,
46490.09,
22742.45,
18599.69,
5223.399,
21570.07,
67580.63,
84383.8,
0,
1355705,
2078, 
9397.445,
241164.7,
75070.77,
59929.08,
2266.124,
100301.1,
85285.23,
223640.2,
113681.6,
44838.83,
21164.82,
4156.104,
33143,
1028.065,
4002.582,
3411.812,
62638.51,
60734.3,
2693.748,
47058.53,
23297.57,
19141.61,
5191.085,
23506.48,
85071.97,
87917.08,
0,
1439732,
2079, 
9058.923,
267849.8,
76514.52,
60492.45,
2348.587,
106514.4,
88312.59,
234467.9,
118573.6,
45757.02,
21037.91,
4197.187,
34171.45,
1043.479,
4056.396,
3469.657,
64771.25,
63344.52,
2612.919,
47844.17,
23849.8,
19611.67,
5186.165,
25395.55,
104000.4,
91684.16,
0,
1526167,
2080, 
8645.316,
294967.3,
77836.43,
60532.95,
2427.779,
112132.8,
91132.81,
245827.3,
123575.2,
46523.77,
20999.23,
4235.202,
35170.84,
1057.277,
4091.295,
3532.052,
73158.66,
65927.88,
2591.82,
48794,
24387.21,
19992.58,
5207.98,
27101.39,
123468.3,
95592.48,
0,
1618910,
2081, 
8225.125,
321613.6,
78995.45,
60210.61,
2501.114,
117444.8,
93512.81,
257378.7,
128582,
47097.58,
21059.76,
4268.367,
36071.99,
1069.443,
4100.864,
3599.058,
84008.42,
68534.05,
2634.476,
49864.48,
24896.2,
20274.32,
5250.18,
28547.55,
144308.1,
99481.27,
0,
1713530,
2082, 
7841.193,
349855.4,
80005.34,
59712.18,
2566.919,
122671.6,
95577.27,
268878.1,
133820.1,
47512.24,
21208.58,
4294.822,
36799.4,
1081.927,
4088.12,
3677.538,
94785.2,
71063.08,
2737.294,
51017.13,
25362.54,
20452.57,
5306.704,
29720.08,
164389.6,
103326.2,
0,
1807751,
2083, 
7514.189,
382707.3,
80848.12,
59233.87,
2624.293,
128462.4,
97308.98,
280246.6,
139084.3,
47787.44,
21414.32,
4309.164,
37325.17,
1095.647,
4049.181,
3769.306,
122360.3,
73421.71,
2892.327,
52120.85,
25773.13,
20531.25,
5374.506,
31135.1,
175603.7,
107003.7,
0,
1913997,
2084, 
7253.001,
414409.6,
81508.86,
58988.05,
2674.182,
135485.1,
98808.48,
291296.6,
144502.5,
47950.86,
21647.83,
4306.858,
37660.35,
1110.633,
3990.88,
3875.563,
145174.1,
75610.13,
3098.553,
53088.13,
26140.46,
20534.14,
5442.345,
32860.69,
185658.2,
110404.1,
0,
2013480,
2085, 
7066.539,
443823.6,
82017.79,
59087.9,
2716.881,
143887.8,
100174.4,
302110.7,
149962.4,
48064.36,
21886.28,
4286.218,
37881.64,
1126.157,
3918.578,
3996.811,
160273.3,
77709.98,
3352.506,
53888.05,
26475.43,
20483.99,
5502.82,
34430.46,
194790.1,
113534.5,
0,
2102449,
2086, 
6952.163,
470823.8,
82406.91,
59617.83,
2752.203,
153290.6,
101424.5,
312707.6,
155061,
48126.56,
22100.2,
4248.633,
38068.14,
1141.268,
3841.447,
4128.265,
168286.4,
79796.21,
3655.221,
54531.21,
26779.13,
20395.39,
5558.795,
35935.53,
202667.3,
116392.6,
0,
2180689,
2087, 
6891.193,
495318,
82772.92,
60560.5,
2779.114,
162683.2,
102617.9,
323378.9,
160120.8,
48168.02,
22271.99,
4239.246,
38243.67,
1155.73,
3762.34,
4268.16,
172129.8,
81857.55,
4000.025,
54991.14,
27059.07,
20279.4,
5610.286,
37348.79,
208805.4,
119110,
0,
2250423,
2088, 
6884.824,
516791.8,
83208.41,
61842.95,
2796.994,
169703.1,
103807.1,
334579.5,
165165,
48205.86,
22404.47,
4234.18,
38430.99,
1169.064,
3686.643,
4411.032,
174341.4,
84015.48,
4362.543,
55263.13,
27319.72,
20148.21,
5651.232,
38707.24,
213692.1,
121989,
0,
2312812,
2089, 
6948.251,
534832.8,
83831.71,
63337.73,
2806.437,
174876.4,
104988.4,
346486.1,
169961.4,
48244.62,
22511.05,
4231.906,
38701.47,
1180.358,
3616.495,
4552.575,
176231.7,
86311.66,
4714.138,
55461.88,
27555.03,
20019.49,
5684.6,
40025.61,
217591.8,
125198.4,
0,
2369902,
2090, 
7098.588,
548912.9,
84744.75,
64981.95,
2808.313,
177955.2,
106218.5,
359426.7,
174634.9,
48293.11,
22621.89,
4234.717,
39155.26,
1188.61,
3553.157,
4686.189,
180260.3,
88721.36,
5031.353,
55754.59,
27764.97,
19888.38,
5708.898,
41430.82,
220329.7,
128951.1,
0,
2424356,
2091, 
7359.156,
558744.9,
86018.02,
66747.32,
2804.412,
179298.6,
107498.2,
373447.9,
178261.6,
48362.07,
22743.32,
4232.181,
39928.6,
1193.969,
3491.219,
4809.412,
186764.3,
91261.31,
5297.749,
56109.52,
27951.94,
19748.39,
5729.012,
43061.23,
222445.6,
133305.3,
0,
2476615,
2092, 
7730.566,
563769.1,
87664.23,
68587.57,
2797.099,
179489.8,
106613.5,
388515.9,
181676.5,
48475.13,
22897.17,
4227.85,
41132.21,
1197.915,
3433.502,
4922.766,
195165.4,
93933.83,
5522.201,
56666.86,
28129.41,
19620.71,
5750.35,
44859.3,
224269.4,
138367.8,
0,
2525416,
2093, 
8197.058,
564849.2,
89619.34,
70400.13,
2788.874,
179710.4,
107197.9,
404360.8,
184541.5,
48639.78,
23112.01,
4226.52,
42841.91,
1199.988,
3383.542,
5023.545,
204965.8,
96756.89,
5790.785,
57618.93,
28306.13,
19478.54,
5770.502,
46755.21,
226052.3,
143996.9,
0,
2575585,
2094, 
8721.437,
562636.6,
91729.7,
72074.51,
2781.132,
179200.1,
110857.4,
420657,
179054.3,
48850.46,
23393.58,
4227.652,
45020.62,
1200.655,
3342.806,
5104.044,
213909,
99738.59,
6161.733,
59092.51,
28505.02,
19296.44,
5790.347,
48639.1,
228107.4,
150059.6,
0,
2618152,
2095, 
9243.318,
558370.3,
93770.79,
73442.42,
2774.679,
179029.8,
114926.9,
436868,
177144.2,
49099.86,
23741.33,
4229.279,
47451.88,
1200.263,
3310.724,
5167.434,
223262.3,
102899.9,
6682,
61081.92,
28735.74,
19119.64,
5803.935,
50342.54,
230923.2,
156225.4,
0,
2664848,
2096, 
9715.615,
553842.9,
95472.05,
74365.33,
2770.241,
180903.6,
117261.9,
452415.3,
182304.3,
49369.7,
24180.46,
4238.43,
49846.48,
1197.123,
3289.689,
5212.882,
233307,
106227.2,
7245.831,
63661.29,
29000.65,
18830.67,
5824.464,
51949.69,
234710.1,
162116.9,
0,
2719260,
2097, 
10113.68,
549883.8,
96707.78,
74705.04,
2767.913,
184691.9,
119658.9,
466781,
194672.3,
49755.03,
24710.06,
4250.664,
51875.66,
1192.476,
3277.103,
5242.657,
243870.9,
109648,
7847.686,
66825.13,
29318.28,
18482.57,
5838.928,
53715.82,
239456.3,
167501.1,
0,
2782791,
2098, 
10426.12,
546765.4,
97406.67,
74537.04,
2767.025,
189657.7,
121944.7,
479816.1,
213208.3,
50250.07,
25318.02,
4261.64,
53304.46,
1186.674,
3270.91,
5263.259,
254742.7,
124012,
8467.268,
70403.31,
29701.01,
18107.94,
5846.026,
55608.98,
245302.1,
172239,
0,
2863814,
2099, 
10612.87,
540469.4,
97443.8,
73713.22,
2751.252,
193629.1,
123836,
489768,
223234.3,
50606.52,
25938.7,
4270.281,
53780.83,
1179.903,
3258.663,
5278.464,
263841.1,
136335.9,
9087.502,
73806.95,
29999.72,
17642.81,
5860.392,
57220.07,
249306.5,
175770,
0,
2918642,
2100, 
10667.71,
530743.1,
96909.79,
72386.53,
2716.402,
195802.1,
125278.7,
496667.3,
230709.9,
50728.62,
26697.26,
4274.075,
53372.23,
1172.823,
3227.716,
5292.006,
270413.8,
143334.2,
9704.657,
76959.09,
30163.76,
17086.73,
5875.154,
58514.15,
249225.9,
178157.8,
0,
2946082];
